{"/Users/olumide/Documents/projects/softlyft/caremate-ecosystem/caremate-mobile/src/mini-apps/_kit/date-utils.ts": {"path":"/Users/olumide/Documents/projects/softlyft/caremate-ecosystem/caremate-mobile/src/mini-apps/_kit/date-utils.ts","statementMap":{"0":{"start":{"line":2,"column":15},"end":{"line":2,"column":33}},"1":{"start":{"line":3,"column":16},"end":{"line":3,"column":60}},"2":{"start":{"line":4,"column":14},"end":{"line":4,"column":53}},"3":{"start":{"line":5,"column":2},"end":{"line":5,"column":35}},"4":{"start":{"line":9,"column":29},"end":{"line":9,"column":55}},"5":{"start":{"line":10,"column":2},"end":{"line":10,"column":40}},"6":{"start":{"line":14,"column":2},"end":{"line":14,"column":71}},"7":{"start":{"line":18,"column":15},"end":{"line":18,"column":29}},"8":{"start":{"line":19,"column":2},"end":{"line":19,"column":38}},"9":{"start":{"line":20,"column":2},"end":{"line":20,"column":14}},"10":{"start":{"line":24,"column":13},"end":{"line":24,"column":68}},"11":{"start":{"line":25,"column":2},"end":{"line":25,"column":48}},"12":{"start":{"line":29,"column":15},"end":{"line":29,"column":38}},"13":{"start":{"line":30,"column":16},"end":{"line":30,"column":36}},"14":{"start":{"line":31,"column":19},"end":{"line":31,"column":43}},"15":{"start":{"line":32,"column":22},"end":{"line":32,"column":39}},"16":{"start":{"line":33,"column":22},"end":{"line":33,"column":60}},"17":{"start":{"line":35,"column":33},"end":{"line":35,"column":35}},"18":{"start":{"line":36,"column":2},"end":{"line":38,"column":3}},"19":{"start":{"line":36,"column":15},"end":{"line":36,"column":16}},"20":{"start":{"line":37,"column":4},"end":{"line":37,"column":21}},"21":{"start":{"line":39,"column":2},"end":{"line":41,"column":3}},"22":{"start":{"line":39,"column":17},"end":{"line":39,"column":18}},"23":{"start":{"line":40,"column":4},"end":{"line":40,"column":43}},"24":{"start":{"line":42,"column":2},"end":{"line":44,"column":3}},"25":{"start":{"line":43,"column":4},"end":{"line":43,"column":21}},"26":{"start":{"line":45,"column":2},"end":{"line":45,"column":15}}},"fnMap":{"0":{"name":"toDateKey","decl":{"start":{"line":1,"column":16},"end":{"line":1,"column":25}},"loc":{"start":{"line":1,"column":46},"end":{"line":6,"column":1}},"line":1},"1":{"name":"parseDateKey","decl":{"start":{"line":8,"column":16},"end":{"line":8,"column":28}},"loc":{"start":{"line":8,"column":48},"end":{"line":11,"column":1}},"line":8},"2":{"name":"startOfDay","decl":{"start":{"line":13,"column":16},"end":{"line":13,"column":26}},"loc":{"start":{"line":13,"column":45},"end":{"line":15,"column":1}},"line":13},"3":{"name":"addDays","decl":{"start":{"line":17,"column":16},"end":{"line":17,"column":23}},"loc":{"start":{"line":17,"column":56},"end":{"line":21,"column":1}},"line":17},"4":{"name":"daysBetween","decl":{"start":{"line":23,"column":16},"end":{"line":23,"column":27}},"loc":{"start":{"line":23,"column":60},"end":{"line":26,"column":1}},"line":23},"5":{"name":"getMonthMatrix","decl":{"start":{"line":28,"column":16},"end":{"line":28,"column":30}},"loc":{"start":{"line":28,"column":65},"end":{"line":46,"column":1}},"line":28}},"branchMap":{},"s":{"0":110,"1":110,"2":110,"3":110,"4":240,"5":240,"6":215,"7":62,"8":62,"9":62,"10":107,"11":107,"12":1,"13":1,"14":1,"15":1,"16":1,"17":1,"18":1,"19":1,"20":3,"21":1,"22":1,"23":31,"24":1,"25":1,"26":1},"f":{"0":110,"1":240,"2":215,"3":62,"4":107,"5":1},"b":{},"_coverageSchema":"1a1c01bbd47fc00a2c39e90264f33305004495a9","hash":"c6582420ef4708e808c8ac438934a412b9f35375"}
,"/Users/olumide/Documents/projects/softlyft/caremate-ecosystem/caremate-mobile/src/mini-apps/_kit/i18n.ts": {"path":"/Users/olumide/Documents/projects/softlyft/caremate-ecosystem/caremate-mobile/src/mini-apps/_kit/i18n.ts","statementMap":{"0":{"start":{"line":7,"column":2},"end":{"line":7,"column":46}}},"fnMap":{"0":{"name":"pluralKey","decl":{"start":{"line":6,"column":16},"end":{"line":6,"column":25}},"loc":{"start":{"line":6,"column":63},"end":{"line":8,"column":1}},"line":6}},"branchMap":{"0":{"loc":{"start":{"line":7,"column":9},"end":{"line":7,"column":45}},"type":"cond-expr","locations":[{"start":{"line":7,"column":23},"end":{"line":7,"column":27}},{"start":{"line":7,"column":30},"end":{"line":7,"column":45}}],"line":7}},"s":{"0":9},"f":{"0":9},"b":{"0":[4,5]},"_coverageSchema":"1a1c01bbd47fc00a2c39e90264f33305004495a9","hash":"748f5b99b977840d5ca322598f278edc9f0a2b62"}
,"/Users/olumide/Documents/projects/softlyft/caremate-ecosystem/caremate-mobile/src/mini-apps/_kit/order-preference.ts": {"path":"/Users/olumide/Documents/projects/softlyft/caremate-ecosystem/caremate-mobile/src/mini-apps/_kit/order-preference.ts","statementMap":{"0":{"start":{"line":6,"column":18},"end":{"line":6,"column":65}},"1":{"start":{"line":6,"column":57},"end":{"line":6,"column":63}},"2":{"start":{"line":9,"column":2},"end":{"line":9,"column":30}},"3":{"start":{"line":14,"column":15},"end":{"line":14,"column":61}},"4":{"start":{"line":14,"column":46},"end":{"line":14,"column":59}},"5":{"start":{"line":15,"column":39},"end":{"line":15,"column":41}},"6":{"start":{"line":16,"column":15},"end":{"line":16,"column":35}},"7":{"start":{"line":18,"column":2},"end":{"line":30,"column":3}},"8":{"start":{"line":19,"column":4},"end":{"line":29,"column":5}},"9":{"start":{"line":20,"column":6},"end":{"line":22,"column":7}},"10":{"start":{"line":21,"column":8},"end":{"line":21,"column":17}},"11":{"start":{"line":23,"column":18},"end":{"line":23,"column":30}},"12":{"start":{"line":24,"column":6},"end":{"line":26,"column":7}},"13":{"start":{"line":25,"column":8},"end":{"line":25,"column":17}},"14":{"start":{"line":27,"column":6},"end":{"line":27,"column":24}},"15":{"start":{"line":28,"column":6},"end":{"line":28,"column":19}},"16":{"start":{"line":32,"column":2},"end":{"line":36,"column":3}},"17":{"start":{"line":33,"column":4},"end":{"line":35,"column":5}},"18":{"start":{"line":34,"column":6},"end":{"line":34,"column":24}},"19":{"start":{"line":38,"column":2},"end":{"line":38,"column":17}},"20":{"start":{"line":42,"column":2},"end":{"line":54,"column":3}},"21":{"start":{"line":43,"column":16},"end":{"line":43,"column":70}},"22":{"start":{"line":44,"column":4},"end":{"line":46,"column":5}},"23":{"start":{"line":45,"column":6},"end":{"line":45,"column":38}},"24":{"start":{"line":47,"column":19},"end":{"line":47,"column":45}},"25":{"start":{"line":48,"column":4},"end":{"line":50,"column":5}},"26":{"start":{"line":48,"column":56},"end":{"line":48,"column":78}},"27":{"start":{"line":49,"column":6},"end":{"line":49,"column":38}},"28":{"start":{"line":51,"column":4},"end":{"line":51,"column":38}},"29":{"start":{"line":53,"column":4},"end":{"line":53,"column":36}},"30":{"start":{"line":58,"column":17},"end":{"line":58,"column":61}},"31":{"start":{"line":58,"column":54},"end":{"line":58,"column":60}},"32":{"start":{"line":59,"column":2},"end":{"line":59,"column":81}}},"fnMap":{"0":{"name":"(anonymous_0)","decl":{"start":{"line":6,"column":48},"end":{"line":6,"column":49}},"loc":{"start":{"line":6,"column":57},"end":{"line":6,"column":63}},"line":6},"1":{"name":"isMiniAppId","decl":{"start":{"line":8,"column":9},"end":{"line":8,"column":20}},"loc":{"start":{"line":8,"column":56},"end":{"line":10,"column":1}},"line":8},"2":{"name":"mergeMiniAppsOrder","decl":{"start":{"line":13,"column":16},"end":{"line":13,"column":34}},"loc":{"start":{"line":13,"column":95},"end":{"line":39,"column":1}},"line":13},"3":{"name":"(anonymous_3)","decl":{"start":{"line":14,"column":37},"end":{"line":14,"column":38}},"loc":{"start":{"line":14,"column":46},"end":{"line":14,"column":59}},"line":14},"4":{"name":"loadMiniAppsOrder","decl":{"start":{"line":41,"column":22},"end":{"line":41,"column":39}},"loc":{"start":{"line":41,"column":72},"end":{"line":55,"column":1}},"line":41},"5":{"name":"(anonymous_5)","decl":{"start":{"line":48,"column":48},"end":{"line":48,"column":49}},"loc":{"start":{"line":48,"column":56},"end":{"line":48,"column":78}},"line":48},"6":{"name":"saveMiniAppsOrder","decl":{"start":{"line":57,"column":22},"end":{"line":57,"column":39}},"loc":{"start":{"line":57,"column":73},"end":{"line":60,"column":1}},"line":57},"7":{"name":"(anonymous_7)","decl":{"start":{"line":58,"column":45},"end":{"line":58,"column":46}},"loc":{"start":{"line":58,"column":54},"end":{"line":58,"column":60}},"line":58}},"branchMap":{"0":{"loc":{"start":{"line":18,"column":2},"end":{"line":30,"column":3}},"type":"if","locations":[{"start":{"line":18,"column":2},"end":{"line":30,"column":3}},{"start":{},"end":{}}],"line":18},"1":{"loc":{"start":{"line":20,"column":6},"end":{"line":22,"column":7}},"type":"if","locations":[{"start":{"line":20,"column":6},"end":{"line":22,"column":7}},{"start":{},"end":{}}],"line":20},"2":{"loc":{"start":{"line":20,"column":10},"end":{"line":20,"column":42}},"type":"binary-expr","locations":[{"start":{"line":20,"column":10},"end":{"line":20,"column":26}},{"start":{"line":20,"column":30},"end":{"line":20,"column":42}}],"line":20},"3":{"loc":{"start":{"line":24,"column":6},"end":{"line":26,"column":7}},"type":"if","locations":[{"start":{"line":24,"column":6},"end":{"line":26,"column":7}},{"start":{},"end":{}}],"line":24},"4":{"loc":{"start":{"line":33,"column":4},"end":{"line":35,"column":5}},"type":"if","locations":[{"start":{"line":33,"column":4},"end":{"line":35,"column":5}},{"start":{},"end":{}}],"line":33},"5":{"loc":{"start":{"line":44,"column":4},"end":{"line":46,"column":5}},"type":"if","locations":[{"start":{"line":44,"column":4},"end":{"line":46,"column":5}},{"start":{},"end":{}}],"line":44},"6":{"loc":{"start":{"line":48,"column":4},"end":{"line":50,"column":5}},"type":"if","locations":[{"start":{"line":48,"column":4},"end":{"line":50,"column":5}},{"start":{},"end":{}}],"line":48},"7":{"loc":{"start":{"line":48,"column":8},"end":{"line":48,"column":79}},"type":"binary-expr","locations":[{"start":{"line":48,"column":8},"end":{"line":48,"column":30}},{"start":{"line":48,"column":34},"end":{"line":48,"column":79}}],"line":48}},"s":{"0":1,"1":6,"2":13,"3":7,"4":42,"5":7,"6":7,"7":7,"8":3,"9":13,"10":2,"11":11,"12":11,"13":0,"14":11,"15":11,"16":7,"17":42,"18":31,"19":7,"20":4,"21":4,"22":4,"23":1,"24":3,"25":2,"26":7,"27":1,"28":1,"29":1,"30":1,"31":6,"32":1},"f":{"0":6,"1":13,"2":7,"3":42,"4":4,"5":7,"6":1,"7":6},"b":{"0":[3,4],"1":[2,11],"2":[13,12],"3":[0,11],"4":[31,11],"5":[1,3],"6":[1,1],"7":[2,2]},"_coverageSchema":"1a1c01bbd47fc00a2c39e90264f33305004495a9","hash":"5a1d60cefdce1b882adc567b59a44ba421f4e89f"}
,"/Users/olumide/Documents/projects/softlyft/caremate-ecosystem/caremate-mobile/src/mini-apps/_kit/payload-empty.ts": {"path":"/Users/olumide/Documents/projects/softlyft/caremate-ecosystem/caremate-mobile/src/mini-apps/_kit/payload-empty.ts","statementMap":{"0":{"start":{"line":2,"column":40},"end":{"line":2,"column":42}},"1":{"start":{"line":3,"column":2},"end":{"line":8,"column":3}},"2":{"start":{"line":4,"column":4},"end":{"line":6,"column":5}},"3":{"start":{"line":5,"column":6},"end":{"line":5,"column":15}},"4":{"start":{"line":7,"column":4},"end":{"line":7,"column":22}},"5":{"start":{"line":9,"column":2},"end":{"line":9,"column":14}},"6":{"start":{"line":19,"column":2},"end":{"line":21,"column":3}},"7":{"start":{"line":20,"column":4},"end":{"line":20,"column":16}},"8":{"start":{"line":23,"column":16},"end":{"line":23,"column":37}},"9":{"start":{"line":24,"column":2},"end":{"line":26,"column":3}},"10":{"start":{"line":25,"column":4},"end":{"line":25,"column":16}},"11":{"start":{"line":28,"column":2},"end":{"line":30,"column":3}},"12":{"start":{"line":29,"column":4},"end":{"line":29,"column":17}},"13":{"start":{"line":33,"column":2},"end":{"line":35,"column":3}},"14":{"start":{"line":34,"column":4},"end":{"line":34,"column":17}},"15":{"start":{"line":38,"column":28},"end":{"line":38,"column":50}},"16":{"start":{"line":40,"column":2},"end":{"line":91,"column":3}},"17":{"start":{"line":41,"column":4},"end":{"line":52,"column":5}},"18":{"start":{"line":42,"column":22},"end":{"line":42,"column":34}},"19":{"start":{"line":43,"column":6},"end":{"line":45,"column":7}},"20":{"start":{"line":44,"column":8},"end":{"line":44,"column":17}},"21":{"start":{"line":47,"column":6},"end":{"line":49,"column":7}},"22":{"start":{"line":48,"column":8},"end":{"line":48,"column":17}},"23":{"start":{"line":51,"column":6},"end":{"line":51,"column":19}},"24":{"start":{"line":53,"column":4},"end":{"line":55,"column":5}},"25":{"start":{"line":54,"column":6},"end":{"line":54,"column":19}},"26":{"start":{"line":56,"column":4},"end":{"line":58,"column":5}},"27":{"start":{"line":57,"column":6},"end":{"line":57,"column":19}},"28":{"start":{"line":59,"column":4},"end":{"line":90,"column":5}},"29":{"start":{"line":60,"column":6},"end":{"line":89,"column":7}},"30":{"start":{"line":62,"column":8},"end":{"line":64,"column":9}},"31":{"start":{"line":63,"column":10},"end":{"line":63,"column":23}},"32":{"start":{"line":65,"column":8},"end":{"line":67,"column":9}},"33":{"start":{"line":66,"column":10},"end":{"line":66,"column":23}},"34":{"start":{"line":68,"column":8},"end":{"line":70,"column":9}},"35":{"start":{"line":69,"column":10},"end":{"line":69,"column":23}},"36":{"start":{"line":73,"column":8},"end":{"line":88,"column":9}},"37":{"start":{"line":74,"column":10},"end":{"line":87,"column":11}},"38":{"start":{"line":75,"column":12},"end":{"line":77,"column":13}},"39":{"start":{"line":76,"column":14},"end":{"line":76,"column":27}},"40":{"start":{"line":78,"column":12},"end":{"line":80,"column":13}},"41":{"start":{"line":79,"column":14},"end":{"line":79,"column":27}},"42":{"start":{"line":81,"column":12},"end":{"line":83,"column":13}},"43":{"start":{"line":82,"column":14},"end":{"line":82,"column":27}},"44":{"start":{"line":84,"column":12},"end":{"line":86,"column":13}},"45":{"start":{"line":85,"column":14},"end":{"line":85,"column":27}},"46":{"start":{"line":93,"column":2},"end":{"line":93,"column":14}}},"fnMap":{"0":{"name":"stripActions","decl":{"start":{"line":1,"column":9},"end":{"line":1,"column":21}},"loc":{"start":{"line":1,"column":79},"end":{"line":10,"column":1}},"line":1},"1":{"name":"isMiniAppPayloadEmpty","decl":{"start":{"line":16,"column":16},"end":{"line":16,"column":37}},"loc":{"start":{"line":18,"column":11},"end":{"line":94,"column":1}},"line":18}},"branchMap":{"0":{"loc":{"start":{"line":4,"column":4},"end":{"line":6,"column":5}},"type":"if","locations":[{"start":{"line":4,"column":4},"end":{"line":6,"column":5}},{"start":{},"end":{}}],"line":4},"1":{"loc":{"start":{"line":19,"column":2},"end":{"line":21,"column":3}},"type":"if","locations":[{"start":{"line":19,"column":2},"end":{"line":21,"column":3}},{"start":{},"end":{}}],"line":19},"2":{"loc":{"start":{"line":19,"column":6},"end":{"line":19,"column":45}},"type":"binary-expr","locations":[{"start":{"line":19,"column":6},"end":{"line":19,"column":14}},{"start":{"line":19,"column":18},"end":{"line":19,"column":45}}],"line":19},"3":{"loc":{"start":{"line":24,"column":2},"end":{"line":26,"column":3}},"type":"if","locations":[{"start":{"line":24,"column":2},"end":{"line":26,"column":3}},{"start":{},"end":{}}],"line":24},"4":{"loc":{"start":{"line":28,"column":2},"end":{"line":30,"column":3}},"type":"if","locations":[{"start":{"line":28,"column":2},"end":{"line":30,"column":3}},{"start":{},"end":{}}],"line":28},"5":{"loc":{"start":{"line":33,"column":2},"end":{"line":35,"column":3}},"type":"if","locations":[{"start":{"line":33,"column":2},"end":{"line":35,"column":3}},{"start":{},"end":{}}],"line":33},"6":{"loc":{"start":{"line":41,"column":4},"end":{"line":52,"column":5}},"type":"if","locations":[{"start":{"line":41,"column":4},"end":{"line":52,"column":5}},{"start":{},"end":{}}],"line":41},"7":{"loc":{"start":{"line":43,"column":6},"end":{"line":45,"column":7}},"type":"if","locations":[{"start":{"line":43,"column":6},"end":{"line":45,"column":7}},{"start":{},"end":{}}],"line":43},"8":{"loc":{"start":{"line":47,"column":6},"end":{"line":49,"column":7}},"type":"if","locations":[{"start":{"line":47,"column":6},"end":{"line":49,"column":7}},{"start":{},"end":{}}],"line":47},"9":{"loc":{"start":{"line":47,"column":10},"end":{"line":47,"column":78}},"type":"binary-expr","locations":[{"start":{"line":47,"column":10},"end":{"line":47,"column":32}},{"start":{"line":47,"column":37},"end":{"line":47,"column":55}},{"start":{"line":47,"column":59},"end":{"line":47,"column":77}}],"line":47},"10":{"loc":{"start":{"line":53,"column":4},"end":{"line":55,"column":5}},"type":"if","locations":[{"start":{"line":53,"column":4},"end":{"line":55,"column":5}},{"start":{},"end":{}}],"line":53},"11":{"loc":{"start":{"line":53,"column":8},"end":{"line":53,"column":74}},"type":"binary-expr","locations":[{"start":{"line":53,"column":8},"end":{"line":53,"column":33}},{"start":{"line":53,"column":37},"end":{"line":53,"column":59}},{"start":{"line":53,"column":63},"end":{"line":53,"column":74}}],"line":53},"12":{"loc":{"start":{"line":56,"column":4},"end":{"line":58,"column":5}},"type":"if","locations":[{"start":{"line":56,"column":4},"end":{"line":58,"column":5}},{"start":{},"end":{}}],"line":56},"13":{"loc":{"start":{"line":56,"column":8},"end":{"line":56,"column":48}},"type":"binary-expr","locations":[{"start":{"line":56,"column":8},"end":{"line":56,"column":28}},{"start":{"line":56,"column":32},"end":{"line":56,"column":48}}],"line":56},"14":{"loc":{"start":{"line":59,"column":4},"end":{"line":90,"column":5}},"type":"if","locations":[{"start":{"line":59,"column":4},"end":{"line":90,"column":5}},{"start":{},"end":{}}],"line":59},"15":{"loc":{"start":{"line":59,"column":8},"end":{"line":59,"column":67}},"type":"binary-expr","locations":[{"start":{"line":59,"column":8},"end":{"line":59,"column":13}},{"start":{"line":59,"column":17},"end":{"line":59,"column":42}},{"start":{"line":59,"column":46},"end":{"line":59,"column":67}}],"line":59},"16":{"loc":{"start":{"line":62,"column":8},"end":{"line":64,"column":9}},"type":"if","locations":[{"start":{"line":62,"column":8},"end":{"line":64,"column":9}},{"start":{},"end":{}}],"line":62},"17":{"loc":{"start":{"line":62,"column":12},"end":{"line":62,"column":97}},"type":"binary-expr","locations":[{"start":{"line":62,"column":12},"end":{"line":62,"column":39}},{"start":{"line":62,"column":43},"end":{"line":62,"column":69}},{"start":{"line":62,"column":73},"end":{"line":62,"column":97}}],"line":62},"18":{"loc":{"start":{"line":65,"column":8},"end":{"line":67,"column":9}},"type":"if","locations":[{"start":{"line":65,"column":8},"end":{"line":67,"column":9}},{"start":{},"end":{}}],"line":65},"19":{"loc":{"start":{"line":65,"column":12},"end":{"line":65,"column":54}},"type":"binary-expr","locations":[{"start":{"line":65,"column":12},"end":{"line":65,"column":33}},{"start":{"line":65,"column":37},"end":{"line":65,"column":54}}],"line":65},"20":{"loc":{"start":{"line":68,"column":8},"end":{"line":70,"column":9}},"type":"if","locations":[{"start":{"line":68,"column":8},"end":{"line":70,"column":9}},{"start":{},"end":{}}],"line":68},"21":{"loc":{"start":{"line":68,"column":12},"end":{"line":68,"column":81}},"type":"binary-expr","locations":[{"start":{"line":68,"column":12},"end":{"line":68,"column":38}},{"start":{"line":68,"column":42},"end":{"line":68,"column":65}},{"start":{"line":68,"column":69},"end":{"line":68,"column":81}}],"line":68},"22":{"loc":{"start":{"line":73,"column":8},"end":{"line":88,"column":9}},"type":"if","locations":[{"start":{"line":73,"column":8},"end":{"line":88,"column":9}},{"start":{},"end":{}}],"line":73},"23":{"loc":{"start":{"line":73,"column":12},"end":{"line":73,"column":74}},"type":"binary-expr","locations":[{"start":{"line":73,"column":12},"end":{"line":73,"column":18}},{"start":{"line":73,"column":22},"end":{"line":73,"column":48}},{"start":{"line":73,"column":52},"end":{"line":73,"column":74}}],"line":73},"24":{"loc":{"start":{"line":75,"column":12},"end":{"line":77,"column":13}},"type":"if","locations":[{"start":{"line":75,"column":12},"end":{"line":77,"column":13}},{"start":{},"end":{}}],"line":75},"25":{"loc":{"start":{"line":75,"column":16},"end":{"line":75,"column":54}},"type":"binary-expr","locations":[{"start":{"line":75,"column":16},"end":{"line":75,"column":35}},{"start":{"line":75,"column":39},"end":{"line":75,"column":54}}],"line":75},"26":{"loc":{"start":{"line":78,"column":12},"end":{"line":80,"column":13}},"type":"if","locations":[{"start":{"line":78,"column":12},"end":{"line":80,"column":13}},{"start":{},"end":{}}],"line":78},"27":{"loc":{"start":{"line":78,"column":16},"end":{"line":78,"column":66}},"type":"binary-expr","locations":[{"start":{"line":78,"column":16},"end":{"line":78,"column":40}},{"start":{"line":78,"column":44},"end":{"line":78,"column":66}}],"line":78},"28":{"loc":{"start":{"line":81,"column":12},"end":{"line":83,"column":13}},"type":"if","locations":[{"start":{"line":81,"column":12},"end":{"line":83,"column":13}},{"start":{},"end":{}}],"line":81},"29":{"loc":{"start":{"line":81,"column":16},"end":{"line":81,"column":79}},"type":"binary-expr","locations":[{"start":{"line":81,"column":16},"end":{"line":81,"column":40}},{"start":{"line":81,"column":44},"end":{"line":81,"column":65}},{"start":{"line":81,"column":69},"end":{"line":81,"column":79}}],"line":81},"30":{"loc":{"start":{"line":84,"column":12},"end":{"line":86,"column":13}},"type":"if","locations":[{"start":{"line":84,"column":12},"end":{"line":86,"column":13}},{"start":{},"end":{}}],"line":84},"31":{"loc":{"start":{"line":84,"column":16},"end":{"line":84,"column":90}},"type":"binary-expr","locations":[{"start":{"line":84,"column":16},"end":{"line":84,"column":20}},{"start":{"line":84,"column":24},"end":{"line":84,"column":48}},{"start":{"line":84,"column":52},"end":{"line":84,"column":90}}],"line":84}},"s":{"0":9,"1":9,"2":26,"3":0,"4":26,"5":9,"6":11,"7":2,"8":9,"9":9,"10":1,"11":8,"12":1,"13":7,"14":1,"15":6,"16":6,"17":13,"18":2,"19":2,"20":0,"21":2,"22":1,"23":1,"24":11,"25":0,"26":11,"27":1,"28":10,"29":4,"30":3,"31":1,"32":2,"33":1,"34":1,"35":0,"36":1,"37":0,"38":0,"39":0,"40":0,"41":0,"42":0,"43":0,"44":0,"45":0,"46":2},"f":{"0":9,"1":11},"b":{"0":[0,26],"1":[2,9],"2":[11,9],"3":[1,8],"4":[1,7],"5":[1,6],"6":[2,11],"7":[0,2],"8":[1,1],"9":[2,1,0],"10":[0,11],"11":[11,0,0],"12":[1,10],"13":[11,2],"14":[4,6],"15":[10,5,5],"16":[1,2],"17":[3,2,1],"18":[1,1],"19":[2,1],"20":[0,1],"21":[1,0,0],"22":[0,1],"23":[1,1,0],"24":[0,0],"25":[0,0],"26":[0,0],"27":[0,0],"28":[0,0],"29":[0,0,0],"30":[0,0],"31":[0,0,0]},"_coverageSchema":"1a1c01bbd47fc00a2c39e90264f33305004495a9","hash":"1624a847e0be08587629eee92a9c443256200bdc"}
,"/Users/olumide/Documents/projects/softlyft/caremate-ecosystem/caremate-mobile/src/mini-apps/_kit/registry.ts": {"path":"/Users/olumide/Documents/projects/softlyft/caremate-ecosystem/caremate-mobile/src/mini-apps/_kit/registry.ts","statementMap":{"0":{"start":{"line":26,"column":2},"end":{"line":29,"column":4}},"1":{"start":{"line":32,"column":46},"end":{"line":81,"column":1}}},"fnMap":{"0":{"name":"getMiniAppLabel","decl":{"start":{"line":25,"column":16},"end":{"line":25,"column":31}},"loc":{"start":{"line":25,"column":63},"end":{"line":30,"column":1}},"line":25}},"branchMap":{},"s":{"0":1,"1":2},"f":{"0":1},"b":{},"_coverageSchema":"1a1c01bbd47fc00a2c39e90264f33305004495a9","hash":"8bfc3690fe8798b57fc8577194ff21581158f1a6"}
,"/Users/olumide/Documents/projects/softlyft/caremate-ecosystem/caremate-mobile/src/mini-apps/_kit/rehydrate-registry.ts": {"path":"/Users/olumide/Documents/projects/softlyft/caremate-ecosystem/caremate-mobile/src/mini-apps/_kit/rehydrate-registry.ts","statementMap":{"0":{"start":{"line":3,"column":40},"end":{"line":3,"column":42}},"1":{"start":{"line":6,"column":2},"end":{"line":6,"column":23}},"2":{"start":{"line":10,"column":2},"end":{"line":10,"column":51}},"3":{"start":{"line":10,"column":44},"end":{"line":10,"column":48}}},"fnMap":{"0":{"name":"registerMiniAppRehydrate","decl":{"start":{"line":5,"column":16},"end":{"line":5,"column":40}},"loc":{"start":{"line":5,"column":69},"end":{"line":7,"column":1}},"line":5},"1":{"name":"rehydrateAllMiniAppStores","decl":{"start":{"line":9,"column":22},"end":{"line":9,"column":47}},"loc":{"start":{"line":9,"column":65},"end":{"line":11,"column":1}},"line":9},"2":{"name":"(anonymous_2)","decl":{"start":{"line":10,"column":36},"end":{"line":10,"column":37}},"loc":{"start":{"line":10,"column":44},"end":{"line":10,"column":48}},"line":10}},"branchMap":{},"s":{"0":7,"1":18,"2":1,"3":2},"f":{"0":18,"1":1,"2":2},"b":{},"_coverageSchema":"1a1c01bbd47fc00a2c39e90264f33305004495a9","hash":"586687b72a946ca98471d1ccbb45307d9dc274f1"}
,"/Users/olumide/Documents/projects/softlyft/caremate-ecosystem/caremate-mobile/src/mini-apps/_kit/theme.ts": {"path":"/Users/olumide/Documents/projects/softlyft/caremate-ecosystem/caremate-mobile/src/mini-apps/_kit/theme.ts","statementMap":{"0":{"start":{"line":10,"column":93},"end":{"line":41,"column":1}},"1":{"start":{"line":44,"column":14},"end":{"line":44,"column":56}},"2":{"start":{"line":44,"column":40},"end":{"line":44,"column":55}},"3":{"start":{"line":45,"column":2},"end":{"line":47,"column":3}},"4":{"start":{"line":46,"column":4},"end":{"line":46,"column":47}},"5":{"start":{"line":48,"column":16},"end":{"line":48,"column":31}},"6":{"start":{"line":49,"column":2},"end":{"line":54,"column":4}}},"fnMap":{"0":{"name":"getMiniAppTheme","decl":{"start":{"line":43,"column":16},"end":{"line":43,"column":31}},"loc":{"start":{"line":43,"column":61},"end":{"line":55,"column":1}},"line":43},"1":{"name":"(anonymous_1)","decl":{"start":{"line":44,"column":29},"end":{"line":44,"column":30}},"loc":{"start":{"line":44,"column":40},"end":{"line":44,"column":55}},"line":44}},"branchMap":{"0":{"loc":{"start":{"line":45,"column":2},"end":{"line":47,"column":3}},"type":"if","locations":[{"start":{"line":45,"column":2},"end":{"line":47,"column":3}},{"start":{},"end":{}}],"line":45}},"s":{"0":1,"1":7,"2":27,"3":7,"4":1,"5":6,"6":6},"f":{"0":7,"1":27},"b":{"0":[1,6]},"_coverageSchema":"1a1c01bbd47fc00a2c39e90264f33305004495a9","hash":"1bdfaee68f55fc9a4cd6f92659e0a8774e099a8a"}
,"/Users/olumide/Documents/projects/softlyft/caremate-ecosystem/caremate-mobile/src/mini-apps/checkup-planner/constants.ts": {"path":"/Users/olumide/Documents/projects/softlyft/caremate-ecosystem/caremate-mobile/src/mini-apps/checkup-planner/constants.ts","statementMap":{"0":{"start":{"line":28,"column":52},"end":{"line":197,"column":1}},"1":{"start":{"line":199,"column":30},"end":{"line":203,"column":1}},"2":{"start":{"line":206,"column":2},"end":{"line":217,"column":3}},"3":{"start":{"line":208,"column":6},"end":{"line":208,"column":26}},"4":{"start":{"line":210,"column":6},"end":{"line":210,"column":31}},"5":{"start":{"line":212,"column":6},"end":{"line":212,"column":29}},"6":{"start":{"line":214,"column":6},"end":{"line":214,"column":29}},"7":{"start":{"line":216,"column":6},"end":{"line":216,"column":29}},"8":{"start":{"line":221,"column":2},"end":{"line":232,"column":3}},"9":{"start":{"line":223,"column":6},"end":{"line":223,"column":15}},"10":{"start":{"line":225,"column":6},"end":{"line":225,"column":15}},"11":{"start":{"line":227,"column":6},"end":{"line":227,"column":15}},"12":{"start":{"line":229,"column":6},"end":{"line":229,"column":15}},"13":{"start":{"line":231,"column":6},"end":{"line":231,"column":15}}},"fnMap":{"0":{"name":"getCadenceLabel","decl":{"start":{"line":205,"column":16},"end":{"line":205,"column":31}},"loc":{"start":{"line":205,"column":65},"end":{"line":218,"column":1}},"line":205},"1":{"name":"getCadenceIntervalYears","decl":{"start":{"line":220,"column":16},"end":{"line":220,"column":39}},"loc":{"start":{"line":220,"column":73},"end":{"line":233,"column":1}},"line":220}},"branchMap":{"0":{"loc":{"start":{"line":206,"column":2},"end":{"line":217,"column":3}},"type":"switch","locations":[{"start":{"line":207,"column":4},"end":{"line":208,"column":26}},{"start":{"line":209,"column":4},"end":{"line":210,"column":31}},{"start":{"line":211,"column":4},"end":{"line":212,"column":29}},{"start":{"line":213,"column":4},"end":{"line":214,"column":29}},{"start":{"line":215,"column":4},"end":{"line":216,"column":29}}],"line":206},"1":{"loc":{"start":{"line":221,"column":2},"end":{"line":232,"column":3}},"type":"switch","locations":[{"start":{"line":222,"column":4},"end":{"line":223,"column":15}},{"start":{"line":224,"column":4},"end":{"line":225,"column":15}},{"start":{"line":226,"column":4},"end":{"line":227,"column":15}},{"start":{"line":228,"column":4},"end":{"line":229,"column":15}},{"start":{"line":230,"column":4},"end":{"line":231,"column":15}}],"line":221}},"s":{"0":3,"1":3,"2":5,"3":1,"4":1,"5":1,"6":1,"7":1,"8":141,"9":67,"10":5,"11":21,"12":21,"13":27},"f":{"0":5,"1":141},"b":{"0":[1,1,1,1,1],"1":[67,5,21,21,27]},"_coverageSchema":"1a1c01bbd47fc00a2c39e90264f33305004495a9","hash":"13c6d09d24bfcb89392c6347c3788cb752b2b228"}
,"/Users/olumide/Documents/projects/softlyft/caremate-ecosystem/caremate-mobile/src/mini-apps/checkup-planner/localize.ts": {"path":"/Users/olumide/Documents/projects/softlyft/caremate-ecosystem/caremate-mobile/src/mini-apps/checkup-planner/localize.ts","statementMap":{"0":{"start":{"line":8,"column":2},"end":{"line":8,"column":78}},"1":{"start":{"line":16,"column":2},"end":{"line":16,"column":78}},"2":{"start":{"line":20,"column":2},"end":{"line":24,"column":4}},"3":{"start":{"line":28,"column":2},"end":{"line":28,"column":46}},"4":{"start":{"line":32,"column":2},"end":{"line":32,"column":44}},"5":{"start":{"line":36,"column":2},"end":{"line":39,"column":6}},"6":{"start":{"line":36,"column":41},"end":{"line":39,"column":3}},"7":{"start":{"line":43,"column":2},"end":{"line":43,"column":44}}},"fnMap":{"0":{"name":"localizeCheckupName","decl":{"start":{"line":7,"column":16},"end":{"line":7,"column":35}},"loc":{"start":{"line":7,"column":98},"end":{"line":9,"column":1}},"line":7},"1":{"name":"localizeCheckupDescription","decl":{"start":{"line":11,"column":16},"end":{"line":11,"column":42}},"loc":{"start":{"line":15,"column":10},"end":{"line":17,"column":1}},"line":15},"2":{"name":"localizeCheckup","decl":{"start":{"line":19,"column":16},"end":{"line":19,"column":31}},"loc":{"start":{"line":19,"column":95},"end":{"line":25,"column":1}},"line":19},"3":{"name":"localizeCadence","decl":{"start":{"line":27,"column":16},"end":{"line":27,"column":31}},"loc":{"start":{"line":27,"column":81},"end":{"line":29,"column":1}},"line":27},"4":{"name":"localizeGender","decl":{"start":{"line":31,"column":16},"end":{"line":31,"column":30}},"loc":{"start":{"line":31,"column":78},"end":{"line":33,"column":1}},"line":31},"5":{"name":"localizeGenderOptions","decl":{"start":{"line":35,"column":16},"end":{"line":35,"column":37}},"loc":{"start":{"line":35,"column":54},"end":{"line":40,"column":1}},"line":35},"6":{"name":"(anonymous_6)","decl":{"start":{"line":36,"column":28},"end":{"line":36,"column":29}},"loc":{"start":{"line":36,"column":41},"end":{"line":39,"column":3}},"line":36},"7":{"name":"localizeCheckupStatus","decl":{"start":{"line":42,"column":16},"end":{"line":42,"column":37}},"loc":{"start":{"line":42,"column":89},"end":{"line":44,"column":1}},"line":42}},"branchMap":{"0":{"loc":{"start":{"line":8,"column":9},"end":{"line":8,"column":77}},"type":"binary-expr","locations":[{"start":{"line":8,"column":9},"end":{"line":8,"column":52}},{"start":{"line":8,"column":56},"end":{"line":8,"column":64}},{"start":{"line":8,"column":68},"end":{"line":8,"column":77}}],"line":8},"1":{"loc":{"start":{"line":16,"column":9},"end":{"line":16,"column":77}},"type":"binary-expr","locations":[{"start":{"line":16,"column":9},"end":{"line":16,"column":59}},{"start":{"line":16,"column":63},"end":{"line":16,"column":71}},{"start":{"line":16,"column":75},"end":{"line":16,"column":77}}],"line":16}},"s":{"0":2,"1":2,"2":1,"3":1,"4":4,"5":1,"6":3,"7":1},"f":{"0":2,"1":2,"2":1,"3":1,"4":4,"5":1,"6":3,"7":1},"b":{"0":[2,0,0],"1":[2,0,0]},"_coverageSchema":"1a1c01bbd47fc00a2c39e90264f33305004495a9","hash":"0566214cafbe4e80b2c848d27ec83ff89b781d50"}
,"/Users/olumide/Documents/projects/softlyft/caremate-ecosystem/caremate-mobile/src/mini-apps/checkup-planner/store.ts": {"path":"/Users/olumide/Documents/projects/softlyft/caremate-ecosystem/caremate-mobile/src/mini-apps/checkup-planner/store.ts","statementMap":{"0":{"start":{"line":43,"column":4},"end":{"line":43,"column":90}},"1":{"start":{"line":44,"column":2},"end":{"line":48,"column":4}},"2":{"start":{"line":51,"column":38},"end":{"line":97,"column":1}},"3":{"start":{"line":53,"column":19},"end":{"line":90,"column":5}},"4":{"start":{"line":57,"column":8},"end":{"line":63,"column":11}},"5":{"start":{"line":65,"column":26},"end":{"line":65,"column":65}},"6":{"start":{"line":67,"column":24},"end":{"line":69,"column":9}},"7":{"start":{"line":68,"column":20},"end":{"line":68,"column":73}},"8":{"start":{"line":70,"column":8},"end":{"line":80,"column":11}},"9":{"start":{"line":83,"column":8},"end":{"line":87,"column":11}},"10":{"start":{"line":85,"column":22},"end":{"line":85,"column":75}},"11":{"start":{"line":89,"column":22},"end":{"line":89,"column":61}},"12":{"start":{"line":93,"column":39},"end":{"line":93,"column":76}},"13":{"start":{"line":94,"column":37},"end":{"line":94,"column":79}},"14":{"start":{"line":99,"column":0},"end":{"line":101,"column":3}},"15":{"start":{"line":100,"column":2},"end":{"line":100,"column":51}},"16":{"start":{"line":104,"column":2},"end":{"line":104,"column":60}}},"fnMap":{"0":{"name":"sanitizePersistedState","decl":{"start":{"line":38,"column":9},"end":{"line":38,"column":31}},"loc":{"start":{"line":41,"column":23},"end":{"line":49,"column":1}},"line":41},"1":{"name":"(anonymous_1)","decl":{"start":{"line":53,"column":4},"end":{"line":53,"column":5}},"loc":{"start":{"line":53,"column":19},"end":{"line":90,"column":5}},"line":53},"2":{"name":"(anonymous_2)","decl":{"start":{"line":56,"column":19},"end":{"line":56,"column":20}},"loc":{"start":{"line":56,"column":60},"end":{"line":64,"column":7}},"line":56},"3":{"name":"(anonymous_3)","decl":{"start":{"line":65,"column":20},"end":{"line":65,"column":21}},"loc":{"start":{"line":65,"column":26},"end":{"line":65,"column":65}},"line":65},"4":{"name":"(anonymous_4)","decl":{"start":{"line":66,"column":20},"end":{"line":66,"column":21}},"loc":{"start":{"line":66,"column":67},"end":{"line":81,"column":7}},"line":66},"5":{"name":"(anonymous_5)","decl":{"start":{"line":68,"column":10},"end":{"line":68,"column":11}},"loc":{"start":{"line":68,"column":20},"end":{"line":68,"column":73}},"line":68},"6":{"name":"(anonymous_6)","decl":{"start":{"line":82,"column":24},"end":{"line":82,"column":25}},"loc":{"start":{"line":82,"column":45},"end":{"line":88,"column":7}},"line":82},"7":{"name":"(anonymous_7)","decl":{"start":{"line":85,"column":12},"end":{"line":85,"column":13}},"loc":{"start":{"line":85,"column":22},"end":{"line":85,"column":75}},"line":85},"8":{"name":"(anonymous_8)","decl":{"start":{"line":89,"column":16},"end":{"line":89,"column":17}},"loc":{"start":{"line":89,"column":22},"end":{"line":89,"column":61}},"line":89},"9":{"name":"(anonymous_9)","decl":{"start":{"line":93,"column":33},"end":{"line":93,"column":34}},"loc":{"start":{"line":93,"column":39},"end":{"line":93,"column":76}},"line":93},"10":{"name":"(anonymous_10)","decl":{"start":{"line":94,"column":13},"end":{"line":94,"column":14}},"loc":{"start":{"line":94,"column":37},"end":{"line":94,"column":79}},"line":94},"11":{"name":"(anonymous_11)","decl":{"start":{"line":99,"column":25},"end":{"line":99,"column":26}},"loc":{"start":{"line":99,"column":37},"end":{"line":101,"column":1}},"line":99},"12":{"name":"useCheckupPlannerHydrated","decl":{"start":{"line":103,"column":16},"end":{"line":103,"column":41}},"loc":{"start":{"line":103,"column":53},"end":{"line":105,"column":1}},"line":103}},"branchMap":{"0":{"loc":{"start":{"line":43,"column":4},"end":{"line":43,"column":90}},"type":"cond-expr","locations":[{"start":{"line":43,"column":50},"end":{"line":43,"column":84}},{"start":{"line":43,"column":88},"end":{"line":43,"column":90}}],"line":43},"1":{"loc":{"start":{"line":43,"column":4},"end":{"line":43,"column":46}},"type":"binary-expr","locations":[{"start":{"line":43,"column":4},"end":{"line":43,"column":13}},{"start":{"line":43,"column":17},"end":{"line":43,"column":46}}],"line":43},"2":{"loc":{"start":{"line":46,"column":13},"end":{"line":46,"column":72}},"type":"cond-expr","locations":[{"start":{"line":46,"column":52},"end":{"line":46,"column":65}},{"start":{"line":46,"column":68},"end":{"line":46,"column":72}}],"line":46},"3":{"loc":{"start":{"line":61,"column":24},"end":{"line":61,"column":64}},"type":"binary-expr","locations":[{"start":{"line":61,"column":24},"end":{"line":61,"column":56}},{"start":{"line":61,"column":60},"end":{"line":61,"column":64}}],"line":61},"4":{"loc":{"start":{"line":68,"column":22},"end":{"line":68,"column":72}},"type":"binary-expr","locations":[{"start":{"line":68,"column":22},"end":{"line":68,"column":50}},{"start":{"line":68,"column":54},"end":{"line":68,"column":72}}],"line":68},"5":{"loc":{"start":{"line":77,"column":21},"end":{"line":77,"column":47}},"type":"binary-expr","locations":[{"start":{"line":77,"column":21},"end":{"line":77,"column":34}},{"start":{"line":77,"column":38},"end":{"line":77,"column":47}}],"line":77},"6":{"loc":{"start":{"line":85,"column":24},"end":{"line":85,"column":74}},"type":"binary-expr","locations":[{"start":{"line":85,"column":24},"end":{"line":85,"column":52}},{"start":{"line":85,"column":56},"end":{"line":85,"column":74}}],"line":85}},"s":{"0":3,"1":3,"2":3,"3":3,"4":1,"5":1,"6":2,"7":1,"8":2,"9":1,"10":1,"11":1,"12":3,"13":3,"14":3,"15":0,"16":0},"f":{"0":3,"1":3,"2":1,"3":1,"4":2,"5":1,"6":1,"7":1,"8":1,"9":3,"10":3,"11":0,"12":0},"b":{"0":[0,3],"1":[3,0],"2":[0,3],"3":[1,0],"4":[1,1],"5":[2,1],"6":[1,1]},"_coverageSchema":"1a1c01bbd47fc00a2c39e90264f33305004495a9","hash":"a2750438d1603e69a9287d13ef5f3935e1e0b08a"}
,"/Users/olumide/Documents/projects/softlyft/caremate-ecosystem/caremate-mobile/src/mini-apps/checkup-planner/utils.ts": {"path":"/Users/olumide/Documents/projects/softlyft/caremate-ecosystem/caremate-mobile/src/mini-apps/checkup-planner/utils.ts","statementMap":{"0":{"start":{"line":20,"column":24},"end":{"line":20,"column":75}},"1":{"start":{"line":21,"column":20},"end":{"line":21,"column":41}},"2":{"start":{"line":27,"column":2},"end":{"line":29,"column":3}},"3":{"start":{"line":28,"column":4},"end":{"line":28,"column":17}},"4":{"start":{"line":30,"column":2},"end":{"line":32,"column":3}},"5":{"start":{"line":31,"column":4},"end":{"line":31,"column":17}},"6":{"start":{"line":33,"column":2},"end":{"line":35,"column":3}},"7":{"start":{"line":34,"column":4},"end":{"line":34,"column":17}},"8":{"start":{"line":36,"column":2},"end":{"line":38,"column":3}},"9":{"start":{"line":37,"column":4},"end":{"line":37,"column":17}},"10":{"start":{"line":39,"column":14},"end":{"line":39,"column":47}},"11":{"start":{"line":40,"column":2},"end":{"line":40,"column":40}},"12":{"start":{"line":46,"column":2},"end":{"line":48,"column":3}},"13":{"start":{"line":47,"column":4},"end":{"line":47,"column":14}},"14":{"start":{"line":49,"column":2},"end":{"line":58,"column":4}},"15":{"start":{"line":51,"column":6},"end":{"line":57,"column":42}},"16":{"start":{"line":86,"column":2},"end":{"line":90,"column":5}},"17":{"start":{"line":94,"column":2},"end":{"line":96,"column":3}},"18":{"start":{"line":95,"column":4},"end":{"line":95,"column":13}},"19":{"start":{"line":97,"column":14},"end":{"line":97,"column":39}},"20":{"start":{"line":98,"column":2},"end":{"line":100,"column":3}},"21":{"start":{"line":99,"column":4},"end":{"line":99,"column":13}},"22":{"start":{"line":101,"column":12},"end":{"line":101,"column":55}},"23":{"start":{"line":102,"column":20},"end":{"line":102,"column":57}},"24":{"start":{"line":103,"column":2},"end":{"line":105,"column":3}},"25":{"start":{"line":104,"column":4},"end":{"line":104,"column":13}},"26":{"start":{"line":106,"column":2},"end":{"line":106,"column":26}},"27":{"start":{"line":111,"column":2},"end":{"line":111,"column":59}},"28":{"start":{"line":115,"column":15},"end":{"line":115,"column":47}},"29":{"start":{"line":116,"column":2},"end":{"line":116,"column":62}},"30":{"start":{"line":120,"column":2},"end":{"line":122,"column":3}},"31":{"start":{"line":121,"column":4},"end":{"line":121,"column":16}},"32":{"start":{"line":123,"column":2},"end":{"line":126,"column":3}},"33":{"start":{"line":125,"column":4},"end":{"line":125,"column":16}},"34":{"start":{"line":127,"column":2},"end":{"line":127,"column":27}},"35":{"start":{"line":131,"column":2},"end":{"line":133,"column":3}},"36":{"start":{"line":132,"column":4},"end":{"line":132,"column":16}},"37":{"start":{"line":134,"column":2},"end":{"line":137,"column":3}},"38":{"start":{"line":136,"column":4},"end":{"line":136,"column":17}},"39":{"start":{"line":138,"column":2},"end":{"line":138,"column":46}},"40":{"start":{"line":142,"column":2},"end":{"line":144,"column":3}},"41":{"start":{"line":143,"column":4},"end":{"line":143,"column":17}},"42":{"start":{"line":145,"column":2},"end":{"line":147,"column":3}},"43":{"start":{"line":146,"column":4},"end":{"line":146,"column":17}},"44":{"start":{"line":148,"column":2},"end":{"line":148,"column":14}},"45":{"start":{"line":156,"column":2},"end":{"line":158,"column":40}},"46":{"start":{"line":157,"column":22},"end":{"line":157,"column":81}},"47":{"start":{"line":158,"column":20},"end":{"line":158,"column":35}},"48":{"start":{"line":167,"column":25},"end":{"line":169,"column":3}},"49":{"start":{"line":168,"column":14},"end":{"line":168,"column":65}},"50":{"start":{"line":170,"column":2},"end":{"line":172,"column":3}},"51":{"start":{"line":171,"column":4},"end":{"line":171,"column":17}},"52":{"start":{"line":174,"column":19},"end":{"line":174,"column":59}},"53":{"start":{"line":176,"column":2},"end":{"line":183,"column":3}},"54":{"start":{"line":177,"column":21},"end":{"line":177,"column":78}},"55":{"start":{"line":177,"column":48},"end":{"line":177,"column":77}},"56":{"start":{"line":178,"column":4},"end":{"line":180,"column":5}},"57":{"start":{"line":179,"column":6},"end":{"line":179,"column":19}},"58":{"start":{"line":182,"column":4},"end":{"line":182,"column":33}},"59":{"start":{"line":185,"column":2},"end":{"line":187,"column":3}},"60":{"start":{"line":186,"column":4},"end":{"line":186,"column":16}},"61":{"start":{"line":189,"column":17},"end":{"line":189,"column":68}},"62":{"start":{"line":190,"column":2},"end":{"line":193,"column":3}},"63":{"start":{"line":192,"column":4},"end":{"line":192,"column":33}},"64":{"start":{"line":195,"column":2},"end":{"line":195,"column":40}},"65":{"start":{"line":203,"column":2},"end":{"line":205,"column":3}},"66":{"start":{"line":204,"column":4},"end":{"line":204,"column":14}},"67":{"start":{"line":207,"column":26},"end":{"line":207,"column":59}},"68":{"start":{"line":208,"column":17},"end":{"line":208,"column":57}},"69":{"start":{"line":209,"column":14},"end":{"line":209,"column":53}},"70":{"start":{"line":210,"column":22},"end":{"line":210,"column":46}},"71":{"start":{"line":212,"column":62},"end":{"line":212,"column":64}},"72":{"start":{"line":214,"column":2},"end":{"line":270,"column":3}},"73":{"start":{"line":215,"column":4},"end":{"line":217,"column":5}},"74":{"start":{"line":216,"column":6},"end":{"line":216,"column":15}},"75":{"start":{"line":218,"column":4},"end":{"line":220,"column":5}},"76":{"start":{"line":219,"column":6},"end":{"line":219,"column":15}},"77":{"start":{"line":222,"column":23},"end":{"line":224,"column":5}},"78":{"start":{"line":223,"column":16},"end":{"line":223,"column":67}},"79":{"start":{"line":226,"column":4},"end":{"line":235,"column":5}},"80":{"start":{"line":227,"column":6},"end":{"line":233,"column":9}},"81":{"start":{"line":234,"column":6},"end":{"line":234,"column":15}},"82":{"start":{"line":239,"column":4},"end":{"line":251,"column":5}},"83":{"start":{"line":241,"column":22},"end":{"line":241,"column":29}},"84":{"start":{"line":242,"column":6},"end":{"line":249,"column":7}},"85":{"start":{"line":243,"column":8},"end":{"line":248,"column":11}},"86":{"start":{"line":250,"column":6},"end":{"line":250,"column":15}},"87":{"start":{"line":253,"column":4},"end":{"line":255,"column":5}},"88":{"start":{"line":254,"column":6},"end":{"line":254,"column":15}},"89":{"start":{"line":257,"column":36},"end":{"line":257,"column":41}},"90":{"start":{"line":258,"column":4},"end":{"line":262,"column":5}},"91":{"start":{"line":259,"column":6},"end":{"line":259,"column":25}},"92":{"start":{"line":260,"column":11},"end":{"line":262,"column":5}},"93":{"start":{"line":261,"column":6},"end":{"line":261,"column":26}},"94":{"start":{"line":264,"column":4},"end":{"line":269,"column":7}},"95":{"start":{"line":272,"column":26},"end":{"line":275,"column":5}},"96":{"start":{"line":272,"column":54},"end":{"line":275,"column":3}},"97":{"start":{"line":277,"column":51},"end":{"line":282,"column":3}},"98":{"start":{"line":284,"column":2},"end":{"line":290,"column":5}},"99":{"start":{"line":285,"column":23},"end":{"line":285,"column":56}},"100":{"start":{"line":286,"column":4},"end":{"line":288,"column":5}},"101":{"start":{"line":287,"column":6},"end":{"line":287,"column":24}},"102":{"start":{"line":289,"column":4},"end":{"line":289,"column":56}},"103":{"start":{"line":294,"column":20},"end":{"line":294,"column":78}},"104":{"start":{"line":294,"column":43},"end":{"line":294,"column":70}},"105":{"start":{"line":295,"column":14},"end":{"line":295,"column":66}},"106":{"start":{"line":295,"column":37},"end":{"line":295,"column":58}},"107":{"start":{"line":296,"column":18},"end":{"line":296,"column":74}},"108":{"start":{"line":296,"column":41},"end":{"line":296,"column":66}},"109":{"start":{"line":297,"column":19},"end":{"line":297,"column":76}},"110":{"start":{"line":297,"column":42},"end":{"line":297,"column":68}},"111":{"start":{"line":298,"column":21},"end":{"line":298,"column":34}},"112":{"start":{"line":299,"column":16},"end":{"line":299,"column":28}},"113":{"start":{"line":300,"column":19},"end":{"line":300,"column":52}},"114":{"start":{"line":302,"column":2},"end":{"line":302,"column":76}},"115":{"start":{"line":306,"column":2},"end":{"line":315,"column":3}},"116":{"start":{"line":308,"column":6},"end":{"line":308,"column":20}},"117":{"start":{"line":310,"column":6},"end":{"line":310,"column":19}},"118":{"start":{"line":312,"column":6},"end":{"line":312,"column":23}},"119":{"start":{"line":314,"column":6},"end":{"line":314,"column":24}}},"fnMap":{"0":{"name":"isValidCheckupProfile","decl":{"start":{"line":24,"column":16},"end":{"line":24,"column":37}},"loc":{"start":{"line":26,"column":36},"end":{"line":41,"column":1}},"line":26},"1":{"name":"normalizeCompletions","decl":{"start":{"line":43,"column":16},"end":{"line":43,"column":36}},"loc":{"start":{"line":45,"column":23},"end":{"line":59,"column":1}},"line":45},"2":{"name":"(anonymous_2)","decl":{"start":{"line":50,"column":4},"end":{"line":50,"column":5}},"loc":{"start":{"line":51,"column":6},"end":{"line":57,"column":42}},"line":51},"3":{"name":"formatDisplayDate","decl":{"start":{"line":85,"column":16},"end":{"line":85,"column":33}},"loc":{"start":{"line":85,"column":59},"end":{"line":91,"column":1}},"line":85},"4":{"name":"getAgeOnDate","decl":{"start":{"line":93,"column":16},"end":{"line":93,"column":28}},"loc":{"start":{"line":93,"column":75},"end":{"line":107,"column":1}},"line":93},"5":{"name":"getAgeInYear","decl":{"start":{"line":110,"column":16},"end":{"line":110,"column":28}},"loc":{"start":{"line":110,"column":72},"end":{"line":112,"column":1}},"line":110},"6":{"name":"resolvePlannerRegion","decl":{"start":{"line":114,"column":16},"end":{"line":114,"column":36}},"loc":{"start":{"line":114,"column":84},"end":{"line":117,"column":1}},"line":114},"7":{"name":"matchesGender","decl":{"start":{"line":119,"column":9},"end":{"line":119,"column":22}},"loc":{"start":{"line":119,"column":84},"end":{"line":128,"column":1}},"line":119},"8":{"name":"matchesRegion","decl":{"start":{"line":130,"column":9},"end":{"line":130,"column":22}},"loc":{"start":{"line":130,"column":80},"end":{"line":139,"column":1}},"line":130},"9":{"name":"isAgeEligible","decl":{"start":{"line":141,"column":9},"end":{"line":141,"column":22}},"loc":{"start":{"line":141,"column":73},"end":{"line":149,"column":1}},"line":141},"10":{"name":"findLatestCompletion","decl":{"start":{"line":151,"column":9},"end":{"line":151,"column":29}},"loc":{"start":{"line":155,"column":33},"end":{"line":159,"column":1}},"line":155},"11":{"name":"(anonymous_11)","decl":{"start":{"line":157,"column":12},"end":{"line":157,"column":13}},"loc":{"start":{"line":157,"column":22},"end":{"line":157,"column":81}},"line":157},"12":{"name":"(anonymous_12)","decl":{"start":{"line":158,"column":10},"end":{"line":158,"column":11}},"loc":{"start":{"line":158,"column":20},"end":{"line":158,"column":35}},"line":158},"13":{"name":"isDueInYear","decl":{"start":{"line":161,"column":9},"end":{"line":161,"column":20}},"loc":{"start":{"line":166,"column":11},"end":{"line":196,"column":1}},"line":166},"14":{"name":"(anonymous_14)","decl":{"start":{"line":168,"column":4},"end":{"line":168,"column":5}},"loc":{"start":{"line":168,"column":14},"end":{"line":168,"column":65}},"line":168},"15":{"name":"(anonymous_15)","decl":{"start":{"line":177,"column":38},"end":{"line":177,"column":39}},"loc":{"start":{"line":177,"column":48},"end":{"line":177,"column":77}},"line":177},"16":{"name":"buildYearSchedule","decl":{"start":{"line":198,"column":16},"end":{"line":198,"column":33}},"loc":{"start":{"line":202,"column":21},"end":{"line":291,"column":1}},"line":202},"17":{"name":"(anonymous_17)","decl":{"start":{"line":223,"column":6},"end":{"line":223,"column":7}},"loc":{"start":{"line":223,"column":16},"end":{"line":223,"column":67}},"line":223},"18":{"name":"(anonymous_18)","decl":{"start":{"line":272,"column":36},"end":{"line":272,"column":37}},"loc":{"start":{"line":272,"column":54},"end":{"line":275,"column":3}},"line":272},"19":{"name":"(anonymous_19)","decl":{"start":{"line":284,"column":30},"end":{"line":284,"column":31}},"loc":{"start":{"line":284,"column":40},"end":{"line":290,"column":3}},"line":284},"20":{"name":"getYearSummary","decl":{"start":{"line":293,"column":16},"end":{"line":293,"column":30}},"loc":{"start":{"line":293,"column":57},"end":{"line":303,"column":1}},"line":293},"21":{"name":"(anonymous_21)","decl":{"start":{"line":294,"column":33},"end":{"line":294,"column":34}},"loc":{"start":{"line":294,"column":43},"end":{"line":294,"column":70}},"line":294},"22":{"name":"(anonymous_22)","decl":{"start":{"line":295,"column":27},"end":{"line":295,"column":28}},"loc":{"start":{"line":295,"column":37},"end":{"line":295,"column":58}},"line":295},"23":{"name":"(anonymous_23)","decl":{"start":{"line":296,"column":31},"end":{"line":296,"column":32}},"loc":{"start":{"line":296,"column":41},"end":{"line":296,"column":66}},"line":296},"24":{"name":"(anonymous_24)","decl":{"start":{"line":297,"column":32},"end":{"line":297,"column":33}},"loc":{"start":{"line":297,"column":42},"end":{"line":297,"column":68}},"line":297},"25":{"name":"getStatusLabel","decl":{"start":{"line":305,"column":16},"end":{"line":305,"column":30}},"loc":{"start":{"line":305,"column":66},"end":{"line":316,"column":1}},"line":305}},"branchMap":{"0":{"loc":{"start":{"line":27,"column":2},"end":{"line":29,"column":3}},"type":"if","locations":[{"start":{"line":27,"column":2},"end":{"line":29,"column":3}},{"start":{},"end":{}}],"line":27},"1":{"loc":{"start":{"line":27,"column":6},"end":{"line":27,"column":45}},"type":"binary-expr","locations":[{"start":{"line":27,"column":6},"end":{"line":27,"column":14}},{"start":{"line":27,"column":18},"end":{"line":27,"column":45}}],"line":27},"2":{"loc":{"start":{"line":30,"column":2},"end":{"line":32,"column":3}},"type":"if","locations":[{"start":{"line":30,"column":2},"end":{"line":32,"column":3}},{"start":{},"end":{}}],"line":30},"3":{"loc":{"start":{"line":30,"column":6},"end":{"line":30,"column":87}},"type":"binary-expr","locations":[{"start":{"line":30,"column":6},"end":{"line":30,"column":45}},{"start":{"line":30,"column":49},"end":{"line":30,"column":87}}],"line":30},"4":{"loc":{"start":{"line":33,"column":2},"end":{"line":35,"column":3}},"type":"if","locations":[{"start":{"line":33,"column":2},"end":{"line":35,"column":3}},{"start":{},"end":{}}],"line":33},"5":{"loc":{"start":{"line":36,"column":2},"end":{"line":38,"column":3}},"type":"if","locations":[{"start":{"line":36,"column":2},"end":{"line":38,"column":3}},{"start":{},"end":{}}],"line":36},"6":{"loc":{"start":{"line":36,"column":6},"end":{"line":36,"column":74}},"type":"binary-expr","locations":[{"start":{"line":36,"column":6},"end":{"line":36,"column":32}},{"start":{"line":36,"column":36},"end":{"line":36,"column":74}}],"line":36},"7":{"loc":{"start":{"line":46,"column":2},"end":{"line":48,"column":3}},"type":"if","locations":[{"start":{"line":46,"column":2},"end":{"line":48,"column":3}},{"start":{},"end":{}}],"line":46},"8":{"loc":{"start":{"line":51,"column":6},"end":{"line":57,"column":42}},"type":"binary-expr","locations":[{"start":{"line":51,"column":6},"end":{"line":51,"column":10}},{"start":{"line":52,"column":6},"end":{"line":52,"column":30}},{"start":{"line":53,"column":6},"end":{"line":53,"column":40}},{"start":{"line":54,"column":6},"end":{"line":54,"column":35}},{"start":{"line":55,"column":6},"end":{"line":55,"column":32}},{"start":{"line":56,"column":6},"end":{"line":56,"column":44}},{"start":{"line":57,"column":6},"end":{"line":57,"column":42}}],"line":51},"9":{"loc":{"start":{"line":94,"column":2},"end":{"line":96,"column":3}},"type":"if","locations":[{"start":{"line":94,"column":2},"end":{"line":96,"column":3}},{"start":{},"end":{}}],"line":94},"10":{"loc":{"start":{"line":94,"column":6},"end":{"line":94,"column":71}},"type":"binary-expr","locations":[{"start":{"line":94,"column":6},"end":{"line":94,"column":37}},{"start":{"line":94,"column":41},"end":{"line":94,"column":71}}],"line":94},"11":{"loc":{"start":{"line":98,"column":2},"end":{"line":100,"column":3}},"type":"if","locations":[{"start":{"line":98,"column":2},"end":{"line":100,"column":3}},{"start":{},"end":{}}],"line":98},"12":{"loc":{"start":{"line":103,"column":2},"end":{"line":105,"column":3}},"type":"if","locations":[{"start":{"line":103,"column":2},"end":{"line":105,"column":3}},{"start":{},"end":{}}],"line":103},"13":{"loc":{"start":{"line":103,"column":6},"end":{"line":103,"column":79}},"type":"binary-expr","locations":[{"start":{"line":103,"column":6},"end":{"line":103,"column":19}},{"start":{"line":103,"column":24},"end":{"line":103,"column":39}},{"start":{"line":103,"column":43},"end":{"line":103,"column":78}}],"line":103},"14":{"loc":{"start":{"line":116,"column":9},"end":{"line":116,"column":61}},"type":"binary-expr","locations":[{"start":{"line":116,"column":9},"end":{"line":116,"column":13}},{"start":{"line":116,"column":17},"end":{"line":116,"column":61}}],"line":116},"15":{"loc":{"start":{"line":120,"column":2},"end":{"line":122,"column":3}},"type":"if","locations":[{"start":{"line":120,"column":2},"end":{"line":122,"column":3}},{"start":{},"end":{}}],"line":120},"16":{"loc":{"start":{"line":123,"column":2},"end":{"line":126,"column":3}},"type":"if","locations":[{"start":{"line":123,"column":2},"end":{"line":126,"column":3}},{"start":{},"end":{}}],"line":123},"17":{"loc":{"start":{"line":131,"column":2},"end":{"line":133,"column":3}},"type":"if","locations":[{"start":{"line":131,"column":2},"end":{"line":133,"column":3}},{"start":{},"end":{}}],"line":131},"18":{"loc":{"start":{"line":131,"column":6},"end":{"line":131,"column":54}},"type":"binary-expr","locations":[{"start":{"line":131,"column":6},"end":{"line":131,"column":22}},{"start":{"line":131,"column":26},"end":{"line":131,"column":54}}],"line":131},"19":{"loc":{"start":{"line":134,"column":2},"end":{"line":137,"column":3}},"type":"if","locations":[{"start":{"line":134,"column":2},"end":{"line":137,"column":3}},{"start":{},"end":{}}],"line":134},"20":{"loc":{"start":{"line":142,"column":2},"end":{"line":144,"column":3}},"type":"if","locations":[{"start":{"line":142,"column":2},"end":{"line":144,"column":3}},{"start":{},"end":{}}],"line":142},"21":{"loc":{"start":{"line":145,"column":2},"end":{"line":147,"column":3}},"type":"if","locations":[{"start":{"line":145,"column":2},"end":{"line":147,"column":3}},{"start":{},"end":{}}],"line":145},"22":{"loc":{"start":{"line":145,"column":6},"end":{"line":145,"column":64}},"type":"binary-expr","locations":[{"start":{"line":145,"column":6},"end":{"line":145,"column":40}},{"start":{"line":145,"column":44},"end":{"line":145,"column":64}}],"line":145},"23":{"loc":{"start":{"line":157,"column":22},"end":{"line":157,"column":81}},"type":"binary-expr","locations":[{"start":{"line":157,"column":22},"end":{"line":157,"column":50}},{"start":{"line":157,"column":54},"end":{"line":157,"column":81}}],"line":157},"24":{"loc":{"start":{"line":168,"column":14},"end":{"line":168,"column":65}},"type":"binary-expr","locations":[{"start":{"line":168,"column":14},"end":{"line":168,"column":43}},{"start":{"line":168,"column":47},"end":{"line":168,"column":65}}],"line":168},"25":{"loc":{"start":{"line":170,"column":2},"end":{"line":172,"column":3}},"type":"if","locations":[{"start":{"line":170,"column":2},"end":{"line":172,"column":3}},{"start":{},"end":{}}],"line":170},"26":{"loc":{"start":{"line":176,"column":2},"end":{"line":183,"column":3}},"type":"if","locations":[{"start":{"line":176,"column":2},"end":{"line":183,"column":3}},{"start":{},"end":{}}],"line":176},"27":{"loc":{"start":{"line":178,"column":4},"end":{"line":180,"column":5}},"type":"if","locations":[{"start":{"line":178,"column":4},"end":{"line":180,"column":5}},{"start":{},"end":{}}],"line":178},"28":{"loc":{"start":{"line":185,"column":2},"end":{"line":187,"column":3}},"type":"if","locations":[{"start":{"line":185,"column":2},"end":{"line":187,"column":3}},{"start":{},"end":{}}],"line":185},"29":{"loc":{"start":{"line":190,"column":2},"end":{"line":193,"column":3}},"type":"if","locations":[{"start":{"line":190,"column":2},"end":{"line":193,"column":3}},{"start":{},"end":{}}],"line":190},"30":{"loc":{"start":{"line":203,"column":2},"end":{"line":205,"column":3}},"type":"if","locations":[{"start":{"line":203,"column":2},"end":{"line":205,"column":3}},{"start":{},"end":{}}],"line":203},"31":{"loc":{"start":{"line":215,"column":4},"end":{"line":217,"column":5}},"type":"if","locations":[{"start":{"line":215,"column":4},"end":{"line":217,"column":5}},{"start":{},"end":{}}],"line":215},"32":{"loc":{"start":{"line":218,"column":4},"end":{"line":220,"column":5}},"type":"if","locations":[{"start":{"line":218,"column":4},"end":{"line":220,"column":5}},{"start":{},"end":{}}],"line":218},"33":{"loc":{"start":{"line":223,"column":16},"end":{"line":223,"column":67}},"type":"binary-expr","locations":[{"start":{"line":223,"column":16},"end":{"line":223,"column":45}},{"start":{"line":223,"column":49},"end":{"line":223,"column":67}}],"line":223},"34":{"loc":{"start":{"line":226,"column":4},"end":{"line":235,"column":5}},"type":"if","locations":[{"start":{"line":226,"column":4},"end":{"line":235,"column":5}},{"start":{},"end":{}}],"line":226},"35":{"loc":{"start":{"line":239,"column":4},"end":{"line":251,"column":5}},"type":"if","locations":[{"start":{"line":239,"column":4},"end":{"line":251,"column":5}},{"start":{},"end":{}}],"line":239},"36":{"loc":{"start":{"line":242,"column":6},"end":{"line":249,"column":7}},"type":"if","locations":[{"start":{"line":242,"column":6},"end":{"line":249,"column":7}},{"start":{},"end":{}}],"line":242},"37":{"loc":{"start":{"line":242,"column":10},"end":{"line":242,"column":64}},"type":"binary-expr","locations":[{"start":{"line":242,"column":10},"end":{"line":242,"column":41}},{"start":{"line":242,"column":45},"end":{"line":242,"column":64}}],"line":242},"38":{"loc":{"start":{"line":253,"column":4},"end":{"line":255,"column":5}},"type":"if","locations":[{"start":{"line":253,"column":4},"end":{"line":255,"column":5}},{"start":{},"end":{}}],"line":253},"39":{"loc":{"start":{"line":258,"column":4},"end":{"line":262,"column":5}},"type":"if","locations":[{"start":{"line":258,"column":4},"end":{"line":262,"column":5}},{"start":{"line":260,"column":11},"end":{"line":262,"column":5}}],"line":258},"40":{"loc":{"start":{"line":260,"column":11},"end":{"line":262,"column":5}},"type":"if","locations":[{"start":{"line":260,"column":11},"end":{"line":262,"column":5}},{"start":{},"end":{}}],"line":260},"41":{"loc":{"start":{"line":286,"column":4},"end":{"line":288,"column":5}},"type":"if","locations":[{"start":{"line":286,"column":4},"end":{"line":288,"column":5}},{"start":{},"end":{}}],"line":286},"42":{"loc":{"start":{"line":300,"column":19},"end":{"line":300,"column":52}},"type":"cond-expr","locations":[{"start":{"line":300,"column":31},"end":{"line":300,"column":48}},{"start":{"line":300,"column":51},"end":{"line":300,"column":52}}],"line":300},"43":{"loc":{"start":{"line":306,"column":2},"end":{"line":315,"column":3}},"type":"switch","locations":[{"start":{"line":307,"column":4},"end":{"line":308,"column":20}},{"start":{"line":309,"column":4},"end":{"line":310,"column":19}},{"start":{"line":311,"column":4},"end":{"line":312,"column":23}},{"start":{"line":313,"column":4},"end":{"line":314,"column":24}}],"line":306}},"s":{"0":3,"1":3,"2":18,"3":4,"4":14,"5":3,"6":11,"7":0,"8":11,"9":0,"10":11,"11":11,"12":16,"13":5,"14":11,"15":5,"16":1,"17":16,"18":0,"19":16,"20":16,"21":0,"22":16,"23":16,"24":16,"25":1,"26":16,"27":12,"28":13,"29":13,"30":198,"31":132,"32":66,"33":12,"34":54,"35":171,"36":167,"37":4,"38":1,"39":3,"40":198,"41":54,"42":144,"43":8,"44":136,"45":66,"46":31,"47":0,"48":136,"49":60,"50":136,"51":0,"52":136,"53":136,"54":4,"55":2,"56":4,"57":1,"58":3,"59":132,"60":66,"61":66,"62":66,"63":65,"64":1,"65":13,"66":2,"67":11,"68":11,"69":11,"70":11,"71":11,"72":11,"73":198,"74":27,"75":171,"76":1,"77":170,"78":77,"79":170,"80":3,"81":3,"82":167,"83":31,"84":31,"85":0,"86":31,"87":136,"88":2,"89":134,"90":134,"91":12,"92":122,"93":12,"94":134,"95":11,"96":137,"97":11,"98":11,"99":345,"100":345,"101":11,"102":334,"103":1,"104":12,"105":1,"106":12,"107":1,"108":12,"109":1,"110":12,"111":1,"112":1,"113":1,"114":1,"115":4,"116":1,"117":1,"118":1,"119":1},"f":{"0":18,"1":16,"2":5,"3":1,"4":16,"5":12,"6":13,"7":198,"8":171,"9":198,"10":66,"11":31,"12":0,"13":136,"14":60,"15":2,"16":13,"17":77,"18":137,"19":345,"20":1,"21":12,"22":12,"23":12,"24":12,"25":4},"b":{"0":[4,14],"1":[18,14],"2":[3,11],"3":[14,11],"4":[0,11],"5":[0,11],"6":[11,10],"7":[5,11],"8":[5,5,5,5,5,5,5],"9":[0,16],"10":[16,16],"11":[0,16],"12":[1,15],"13":[16,16,2],"14":[13,2],"15":[132,66],"16":[12,54],"17":[167,4],"18":[171,4],"19":[1,3],"20":[54,144],"21":[8,136],"22":[144,29],"23":[31,1],"24":[60,2],"25":[0,136],"26":[4,132],"27":[1,3],"28":[66,66],"29":[65,1],"30":[2,11],"31":[27,171],"32":[1,170],"33":[77,5],"34":[3,167],"35":[31,136],"36":[0,31],"37":[31,0],"38":[2,134],"39":[12,122],"40":[12,110],"41":[11,334],"42":[1,0],"43":[1,1,1,1]},"_coverageSchema":"1a1c01bbd47fc00a2c39e90264f33305004495a9","hash":"009aa838efd6a7f8e43d5afc73f89928d0ec0396"}
,"/Users/olumide/Documents/projects/softlyft/caremate-ecosystem/caremate-mobile/src/mini-apps/checkup-planner/validation.ts": {"path":"/Users/olumide/Documents/projects/softlyft/caremate-ecosystem/caremate-mobile/src/mini-apps/checkup-planner/validation.ts","statementMap":{"0":{"start":{"line":73,"column":28},"end":{"line":73,"column":31}},"1":{"start":{"line":75,"column":28},"end":{"line":75,"column":29}},"2":{"start":{"line":76,"column":30},"end":{"line":76,"column":33}},"3":{"start":{"line":77,"column":31},"end":{"line":77,"column":32}},"4":{"start":{"line":78,"column":33},"end":{"line":78,"column":34}},"5":{"start":{"line":80,"column":20},"end":{"line":80,"column":41}},"6":{"start":{"line":81,"column":33},"end":{"line":81,"column":60}},"7":{"start":{"line":84,"column":2},"end":{"line":84,"column":45}},"8":{"start":{"line":84,"column":32},"end":{"line":84,"column":45}},"9":{"start":{"line":85,"column":20},"end":{"line":85,"column":48}},"10":{"start":{"line":86,"column":2},"end":{"line":86,"column":56}},"11":{"start":{"line":86,"column":43},"end":{"line":86,"column":56}},"12":{"start":{"line":87,"column":15},"end":{"line":87,"column":36}},"13":{"start":{"line":88,"column":2},"end":{"line":88,"column":87}},"14":{"start":{"line":92,"column":31},"end":{"line":92,"column":33}},"15":{"start":{"line":94,"column":2},"end":{"line":100,"column":3}},"16":{"start":{"line":95,"column":4},"end":{"line":99,"column":6}},"17":{"start":{"line":102,"column":2},"end":{"line":108,"column":3}},"18":{"start":{"line":103,"column":4},"end":{"line":107,"column":6}},"19":{"start":{"line":110,"column":2},"end":{"line":116,"column":3}},"20":{"start":{"line":111,"column":4},"end":{"line":115,"column":6}},"21":{"start":{"line":118,"column":23},"end":{"line":118,"column":60}},"22":{"start":{"line":119,"column":14},"end":{"line":119,"column":91}},"23":{"start":{"line":120,"column":2},"end":{"line":132,"column":3}},"24":{"start":{"line":121,"column":4},"end":{"line":125,"column":7}},"25":{"start":{"line":126,"column":9},"end":{"line":132,"column":3}},"26":{"start":{"line":127,"column":4},"end":{"line":131,"column":7}},"27":{"start":{"line":134,"column":21},"end":{"line":134,"column":67}},"28":{"start":{"line":136,"column":2},"end":{"line":144,"column":4}},"29":{"start":{"line":148,"column":31},"end":{"line":148,"column":33}},"30":{"start":{"line":149,"column":18},"end":{"line":149,"column":94}},"31":{"start":{"line":149,"column":66},"end":{"line":149,"column":93}},"32":{"start":{"line":151,"column":2},"end":{"line":157,"column":3}},"33":{"start":{"line":152,"column":4},"end":{"line":156,"column":6}},"34":{"start":{"line":159,"column":18},"end":{"line":159,"column":53}},"35":{"start":{"line":160,"column":18},"end":{"line":160,"column":55}},"36":{"start":{"line":161,"column":2},"end":{"line":172,"column":3}},"37":{"start":{"line":167,"column":4},"end":{"line":171,"column":6}},"38":{"start":{"line":174,"column":2},"end":{"line":180,"column":3}},"39":{"start":{"line":175,"column":4},"end":{"line":179,"column":6}},"40":{"start":{"line":182,"column":2},"end":{"line":188,"column":3}},"41":{"start":{"line":183,"column":4},"end":{"line":187,"column":6}},"42":{"start":{"line":190,"column":2},"end":{"line":196,"column":3}},"43":{"start":{"line":191,"column":4},"end":{"line":195,"column":6}},"44":{"start":{"line":198,"column":24},"end":{"line":198,"column":63}},"45":{"start":{"line":199,"column":2},"end":{"line":205,"column":3}},"46":{"start":{"line":200,"column":4},"end":{"line":204,"column":7}},"47":{"start":{"line":207,"column":16},"end":{"line":207,"column":48}},"48":{"start":{"line":208,"column":2},"end":{"line":214,"column":3}},"49":{"start":{"line":209,"column":4},"end":{"line":213,"column":7}},"50":{"start":{"line":216,"column":2},"end":{"line":227,"column":3}},"51":{"start":{"line":217,"column":18},"end":{"line":219,"column":5}},"52":{"start":{"line":218,"column":16},"end":{"line":218,"column":73}},"53":{"start":{"line":220,"column":4},"end":{"line":226,"column":5}},"54":{"start":{"line":221,"column":6},"end":{"line":225,"column":9}},"55":{"start":{"line":229,"column":2},"end":{"line":238,"column":4}}},"fnMap":{"0":{"name":"isValidDateKey","decl":{"start":{"line":83,"column":16},"end":{"line":83,"column":30}},"loc":{"start":{"line":83,"column":55},"end":{"line":89,"column":1}},"line":83},"1":{"name":"assessProfileDraft","decl":{"start":{"line":91,"column":16},"end":{"line":91,"column":34}},"loc":{"start":{"line":91,"column":75},"end":{"line":145,"column":1}},"line":91},"2":{"name":"assessCompletionDraft","decl":{"start":{"line":147,"column":16},"end":{"line":147,"column":37}},"loc":{"start":{"line":147,"column":84},"end":{"line":239,"column":1}},"line":147},"3":{"name":"(anonymous_3)","decl":{"start":{"line":149,"column":56},"end":{"line":149,"column":57}},"loc":{"start":{"line":149,"column":66},"end":{"line":149,"column":93}},"line":149},"4":{"name":"(anonymous_4)","decl":{"start":{"line":218,"column":6},"end":{"line":218,"column":7}},"loc":{"start":{"line":218,"column":16},"end":{"line":218,"column":73}},"line":218}},"branchMap":{"0":{"loc":{"start":{"line":84,"column":2},"end":{"line":84,"column":45}},"type":"if","locations":[{"start":{"line":84,"column":2},"end":{"line":84,"column":45}},{"start":{},"end":{}}],"line":84},"1":{"loc":{"start":{"line":86,"column":2},"end":{"line":86,"column":56}},"type":"if","locations":[{"start":{"line":86,"column":2},"end":{"line":86,"column":56}},{"start":{},"end":{}}],"line":86},"2":{"loc":{"start":{"line":86,"column":6},"end":{"line":86,"column":41}},"type":"binary-expr","locations":[{"start":{"line":86,"column":6},"end":{"line":86,"column":15}},{"start":{"line":86,"column":19},"end":{"line":86,"column":28}},{"start":{"line":86,"column":32},"end":{"line":86,"column":41}}],"line":86},"3":{"loc":{"start":{"line":88,"column":9},"end":{"line":88,"column":86}},"type":"binary-expr","locations":[{"start":{"line":88,"column":9},"end":{"line":88,"column":33}},{"start":{"line":88,"column":37},"end":{"line":88,"column":62}},{"start":{"line":88,"column":66},"end":{"line":88,"column":86}}],"line":88},"4":{"loc":{"start":{"line":94,"column":2},"end":{"line":100,"column":3}},"type":"if","locations":[{"start":{"line":94,"column":2},"end":{"line":100,"column":3}},{"start":{},"end":{}}],"line":94},"5":{"loc":{"start":{"line":94,"column":6},"end":{"line":94,"column":54}},"type":"binary-expr","locations":[{"start":{"line":94,"column":6},"end":{"line":94,"column":19}},{"start":{"line":94,"column":23},"end":{"line":94,"column":54}}],"line":94},"6":{"loc":{"start":{"line":102,"column":2},"end":{"line":108,"column":3}},"type":"if","locations":[{"start":{"line":102,"column":2},"end":{"line":108,"column":3}},{"start":{},"end":{}}],"line":102},"7":{"loc":{"start":{"line":102,"column":6},"end":{"line":102,"column":62}},"type":"binary-expr","locations":[{"start":{"line":102,"column":6},"end":{"line":102,"column":24}},{"start":{"line":102,"column":28},"end":{"line":102,"column":62}}],"line":102},"8":{"loc":{"start":{"line":110,"column":2},"end":{"line":116,"column":3}},"type":"if","locations":[{"start":{"line":110,"column":2},"end":{"line":116,"column":3}},{"start":{},"end":{}}],"line":110},"9":{"loc":{"start":{"line":119,"column":55},"end":{"line":119,"column":65}},"type":"binary-expr","locations":[{"start":{"line":119,"column":55},"end":{"line":119,"column":57}},{"start":{"line":119,"column":61},"end":{"line":119,"column":65}}],"line":119},"10":{"loc":{"start":{"line":119,"column":68},"end":{"line":119,"column":75}},"type":"binary-expr","locations":[{"start":{"line":119,"column":68},"end":{"line":119,"column":70}},{"start":{"line":119,"column":74},"end":{"line":119,"column":75}}],"line":119},"11":{"loc":{"start":{"line":119,"column":82},"end":{"line":119,"column":89}},"type":"binary-expr","locations":[{"start":{"line":119,"column":82},"end":{"line":119,"column":84}},{"start":{"line":119,"column":88},"end":{"line":119,"column":89}}],"line":119},"12":{"loc":{"start":{"line":120,"column":2},"end":{"line":132,"column":3}},"type":"if","locations":[{"start":{"line":120,"column":2},"end":{"line":132,"column":3}},{"start":{"line":126,"column":9},"end":{"line":132,"column":3}}],"line":120},"13":{"loc":{"start":{"line":126,"column":9},"end":{"line":132,"column":3}},"type":"if","locations":[{"start":{"line":126,"column":9},"end":{"line":132,"column":3}},{"start":{},"end":{}}],"line":126},"14":{"loc":{"start":{"line":134,"column":21},"end":{"line":134,"column":67}},"type":"binary-expr","locations":[{"start":{"line":134,"column":21},"end":{"line":134,"column":59}},{"start":{"line":134,"column":63},"end":{"line":134,"column":67}}],"line":134},"15":{"loc":{"start":{"line":149,"column":18},"end":{"line":149,"column":94}},"type":"binary-expr","locations":[{"start":{"line":149,"column":18},"end":{"line":149,"column":31}},{"start":{"line":149,"column":35},"end":{"line":149,"column":94}}],"line":149},"16":{"loc":{"start":{"line":151,"column":2},"end":{"line":157,"column":3}},"type":"if","locations":[{"start":{"line":151,"column":2},"end":{"line":157,"column":3}},{"start":{},"end":{}}],"line":151},"17":{"loc":{"start":{"line":161,"column":2},"end":{"line":172,"column":3}},"type":"if","locations":[{"start":{"line":161,"column":2},"end":{"line":172,"column":3}},{"start":{},"end":{}}],"line":161},"18":{"loc":{"start":{"line":162,"column":4},"end":{"line":165,"column":24}},"type":"binary-expr","locations":[{"start":{"line":162,"column":4},"end":{"line":162,"column":32}},{"start":{"line":163,"column":4},"end":{"line":163,"column":33}},{"start":{"line":164,"column":4},"end":{"line":164,"column":24}},{"start":{"line":165,"column":4},"end":{"line":165,"column":24}}],"line":162},"19":{"loc":{"start":{"line":174,"column":2},"end":{"line":180,"column":3}},"type":"if","locations":[{"start":{"line":174,"column":2},"end":{"line":180,"column":3}},{"start":{},"end":{}}],"line":174},"20":{"loc":{"start":{"line":182,"column":2},"end":{"line":188,"column":3}},"type":"if","locations":[{"start":{"line":182,"column":2},"end":{"line":188,"column":3}},{"start":{},"end":{}}],"line":182},"21":{"loc":{"start":{"line":190,"column":2},"end":{"line":196,"column":3}},"type":"if","locations":[{"start":{"line":190,"column":2},"end":{"line":196,"column":3}},{"start":{},"end":{}}],"line":190},"22":{"loc":{"start":{"line":199,"column":2},"end":{"line":205,"column":3}},"type":"if","locations":[{"start":{"line":199,"column":2},"end":{"line":205,"column":3}},{"start":{},"end":{}}],"line":199},"23":{"loc":{"start":{"line":199,"column":6},"end":{"line":199,"column":68}},"type":"binary-expr","locations":[{"start":{"line":199,"column":6},"end":{"line":199,"column":36}},{"start":{"line":199,"column":40},"end":{"line":199,"column":68}}],"line":199},"24":{"loc":{"start":{"line":207,"column":16},"end":{"line":207,"column":48}},"type":"binary-expr","locations":[{"start":{"line":207,"column":16},"end":{"line":207,"column":35}},{"start":{"line":207,"column":39},"end":{"line":207,"column":48}}],"line":207},"25":{"loc":{"start":{"line":208,"column":2},"end":{"line":214,"column":3}},"type":"if","locations":[{"start":{"line":208,"column":2},"end":{"line":214,"column":3}},{"start":{},"end":{}}],"line":208},"26":{"loc":{"start":{"line":208,"column":6},"end":{"line":208,"column":44}},"type":"binary-expr","locations":[{"start":{"line":208,"column":6},"end":{"line":208,"column":11}},{"start":{"line":208,"column":15},"end":{"line":208,"column":44}}],"line":208},"27":{"loc":{"start":{"line":216,"column":2},"end":{"line":227,"column":3}},"type":"if","locations":[{"start":{"line":216,"column":2},"end":{"line":227,"column":3}},{"start":{},"end":{}}],"line":216},"28":{"loc":{"start":{"line":218,"column":16},"end":{"line":218,"column":73}},"type":"binary-expr","locations":[{"start":{"line":218,"column":16},"end":{"line":218,"column":45}},{"start":{"line":218,"column":49},"end":{"line":218,"column":73}}],"line":218},"29":{"loc":{"start":{"line":220,"column":4},"end":{"line":226,"column":5}},"type":"if","locations":[{"start":{"line":220,"column":4},"end":{"line":226,"column":5}},{"start":{},"end":{}}],"line":220}},"s":{"0":1,"1":1,"2":1,"3":1,"4":1,"5":1,"6":1,"7":7,"8":0,"9":7,"10":7,"11":0,"12":7,"13":7,"14":5,"15":5,"16":1,"17":4,"18":1,"19":3,"20":1,"21":2,"22":2,"23":2,"24":1,"25":1,"26":1,"27":2,"28":2,"29":4,"30":4,"31":3,"32":4,"33":0,"34":4,"35":4,"36":4,"37":0,"38":4,"39":0,"40":4,"41":1,"42":3,"43":1,"44":2,"45":2,"46":1,"47":2,"48":2,"49":0,"50":2,"51":1,"52":1,"53":1,"54":1,"55":2},"f":{"0":7,"1":5,"2":4,"3":3,"4":1},"b":{"0":[0,7],"1":[0,7],"2":[7,7,7],"3":[7,7,7],"4":[1,4],"5":[5,4],"6":[1,3],"7":[4,3],"8":[1,2],"9":[2,0],"10":[2,0],"11":[2,0],"12":[1,1],"13":[1,0],"14":[2,1],"15":[4,3],"16":[0,4],"17":[0,4],"18":[4,4,4,4],"19":[0,4],"20":[1,3],"21":[1,2],"22":[1,1],"23":[2,2],"24":[2,2],"25":[0,2],"26":[2,0],"27":[1,1],"28":[1,1],"29":[1,0]},"_coverageSchema":"1a1c01bbd47fc00a2c39e90264f33305004495a9","hash":"c466508c5f87f62098d3cd7eff98ef9476f4ed2c"}
,"/Users/olumide/Documents/projects/softlyft/caremate-ecosystem/caremate-mobile/src/mini-apps/immunization-tracker/constants.ts": {"path":"/Users/olumide/Documents/projects/softlyft/caremate-ecosystem/caremate-mobile/src/mini-apps/immunization-tracker/constants.ts","statementMap":{"0":{"start":{"line":9,"column":53},"end":{"line":143,"column":1}}},"fnMap":{},"branchMap":{},"s":{"0":3},"f":{},"b":{},"_coverageSchema":"1a1c01bbd47fc00a2c39e90264f33305004495a9","hash":"1964f79c5d0b921d2e724cfa58b224f71154f31f"}
,"/Users/olumide/Documents/projects/softlyft/caremate-ecosystem/caremate-mobile/src/mini-apps/immunization-tracker/family-source.ts": {"path":"/Users/olumide/Documents/projects/softlyft/caremate-ecosystem/caremate-mobile/src/mini-apps/immunization-tracker/family-source.ts","statementMap":{"0":{"start":{"line":18,"column":2},"end":{"line":20,"column":3}},"1":{"start":{"line":19,"column":4},"end":{"line":19,"column":31}},"2":{"start":{"line":22,"column":2},"end":{"line":28,"column":3}},"3":{"start":{"line":27,"column":4},"end":{"line":27,"column":33}},"4":{"start":{"line":30,"column":2},"end":{"line":32,"column":3}},"5":{"start":{"line":31,"column":4},"end":{"line":31,"column":44}},"6":{"start":{"line":34,"column":2},"end":{"line":36,"column":3}},"7":{"start":{"line":35,"column":4},"end":{"line":35,"column":40}},"8":{"start":{"line":38,"column":2},"end":{"line":38,"column":55}}},"fnMap":{"0":{"name":"resolveFamilyImmunizationSource","decl":{"start":{"line":10,"column":16},"end":{"line":10,"column":47}},"loc":{"start":{"line":17,"column":29},"end":{"line":39,"column":1}},"line":17}},"branchMap":{"0":{"loc":{"start":{"line":18,"column":2},"end":{"line":20,"column":3}},"type":"if","locations":[{"start":{"line":18,"column":2},"end":{"line":20,"column":3}},{"start":{},"end":{}}],"line":18},"1":{"loc":{"start":{"line":22,"column":2},"end":{"line":28,"column":3}},"type":"if","locations":[{"start":{"line":22,"column":2},"end":{"line":28,"column":3}},{"start":{},"end":{}}],"line":22},"2":{"loc":{"start":{"line":23,"column":4},"end":{"line":25,"column":57}},"type":"binary-expr","locations":[{"start":{"line":23,"column":4},"end":{"line":23,"column":19}},{"start":{"line":24,"column":4},"end":{"line":24,"column":26}},{"start":{"line":25,"column":5},"end":{"line":25,"column":31}},{"start":{"line":25,"column":35},"end":{"line":25,"column":56}}],"line":23},"3":{"loc":{"start":{"line":30,"column":2},"end":{"line":32,"column":3}},"type":"if","locations":[{"start":{"line":30,"column":2},"end":{"line":32,"column":3}},{"start":{},"end":{}}],"line":30},"4":{"loc":{"start":{"line":34,"column":2},"end":{"line":36,"column":3}},"type":"if","locations":[{"start":{"line":34,"column":2},"end":{"line":36,"column":3}},{"start":{},"end":{}}],"line":34}},"s":{"0":5,"1":1,"2":4,"3":1,"4":3,"5":1,"6":2,"7":1,"8":1},"f":{"0":5},"b":{"0":[1,4],"1":[1,3],"2":[4,3,3,2],"3":[1,2],"4":[1,1]},"_coverageSchema":"1a1c01bbd47fc00a2c39e90264f33305004495a9","hash":"48bd2e693ab24882dbe4a7faf78a9f06cf666127"}
[...]
ype":"binary-expr","locations":[{"start":{"line":291,"column":6},"end":{"line":291,"column":33}},{"start":{"line":291,"column":37},"end":{"line":291,"column":58}},{"start":{"line":291,"column":62},"end":{"line":291,"column":84}}],"line":291},"68":{"loc":{"start":{"line":292,"column":4},"end":{"line":298,"column":5}},"type":"if","locations":[{"start":{"line":292,"column":4},"end":{"line":298,"column":5}},{"start":{},"end":{}}],"line":292},"69":{"loc":{"start":{"line":310,"column":16},"end":{"line":310,"column":48}},"type":"binary-expr","locations":[{"start":{"line":310,"column":16},"end":{"line":310,"column":35}},{"start":{"line":310,"column":39},"end":{"line":310,"column":48}}],"line":310},"70":{"loc":{"start":{"line":312,"column":2},"end":{"line":365,"column":3}},"type":"if","locations":[{"start":{"line":312,"column":2},"end":{"line":365,"column":3}},{"start":{},"end":{}}],"line":312},"71":{"loc":{"start":{"line":313,"column":41},"end":{"line":313,"column":65}},"type":"binary-expr","locations":[{"start":{"line":313,"column":41},"end":{"line":313,"column":59}},{"start":{"line":313,"column":63},"end":{"line":313,"column":65}}],"line":313},"72":{"loc":{"start":{"line":314,"column":42},"end":{"line":314,"column":67}},"type":"binary-expr","locations":[{"start":{"line":314,"column":42},"end":{"line":314,"column":61}},{"start":{"line":314,"column":65},"end":{"line":314,"column":67}}],"line":314},"73":{"loc":{"start":{"line":315,"column":4},"end":{"line":321,"column":5}},"type":"if","locations":[{"start":{"line":315,"column":4},"end":{"line":321,"column":5}},{"start":{},"end":{}}],"line":315},"74":{"loc":{"start":{"line":315,"column":8},"end":{"line":315,"column":45}},"type":"binary-expr","locations":[{"start":{"line":315,"column":8},"end":{"line":315,"column":24}},{"start":{"line":315,"column":28},"end":{"line":315,"column":45}}],"line":315},"75":{"loc":{"start":{"line":324,"column":4},"end":{"line":330,"column":5}},"type":"if","locations":[{"start":{"line":324,"column":4},"end":{"line":330,"column":5}},{"start":{},"end":{}}],"line":324},"76":{"loc":{"start":{"line":324,"column":8},"end":{"line":324,"column":90}},"type":"binary-expr","locations":[{"start":{"line":324,"column":8},"end":{"line":324,"column":25}},{"start":{"line":324,"column":29},"end":{"line":324,"column":46}},{"start":{"line":324,"column":50},"end":{"line":324,"column":68}},{"start":{"line":324,"column":72},"end":{"line":324,"column":90}}],"line":324},"77":{"loc":{"start":{"line":331,"column":4},"end":{"line":337,"column":5}},"type":"if","locations":[{"start":{"line":331,"column":4},"end":{"line":337,"column":5}},{"start":{},"end":{}}],"line":331},"78":{"loc":{"start":{"line":340,"column":4},"end":{"line":345,"column":5}},"type":"if","locations":[{"start":{"line":340,"column":4},"end":{"line":345,"column":5}},{"start":{},"end":{}}],"line":340},"79":{"loc":{"start":{"line":341,"column":6},"end":{"line":342,"column":65}},"type":"binary-expr","locations":[{"start":{"line":341,"column":6},"end":{"line":341,"column":64}},{"start":{"line":342,"column":6},"end":{"line":342,"column":65}}],"line":341},"80":{"loc":{"start":{"line":350,"column":6},"end":{"line":350,"column":64}},"type":"cond-expr","locations":[{"start":{"line":350,"column":44},"end":{"line":350,"column":52}},{"start":{"line":350,"column":55},"end":{"line":350,"column":64}}],"line":350},"81":{"loc":{"start":{"line":352,"column":4},"end":{"line":352,"column":32}},"type":"if","locations":[{"start":{"line":352,"column":4},"end":{"line":352,"column":32}},{"start":{},"end":{}}],"line":352},"82":{"loc":{"start":{"line":367,"column":2},"end":{"line":373,"column":3}},"type":"if","locations":[{"start":{"line":367,"column":2},"end":{"line":373,"column":3}},{"start":{},"end":{}}],"line":367},"83":{"loc":{"start":{"line":367,"column":6},"end":{"line":367,"column":62}},"type":"binary-expr","locations":[{"start":{"line":367,"column":6},"end":{"line":367,"column":34}},{"start":{"line":367,"column":38},"end":{"line":367,"column":62}}],"line":367},"84":{"loc":{"start":{"line":375,"column":2},"end":{"line":414,"column":3}},"type":"if","locations":[{"start":{"line":375,"column":2},"end":{"line":414,"column":3}},{"start":{},"end":{}}],"line":375},"85":{"loc":{"start":{"line":375,"column":6},"end":{"line":375,"column":52}},"type":"binary-expr","locations":[{"start":{"line":375,"column":6},"end":{"line":375,"column":29}},{"start":{"line":375,"column":33},"end":{"line":375,"column":52}}],"line":375},"86":{"loc":{"start":{"line":376,"column":37},"end":{"line":376,"column":57}},"type":"binary-expr","locations":[{"start":{"line":376,"column":37},"end":{"line":376,"column":51}},{"start":{"line":376,"column":55},"end":{"line":376,"column":57}}],"line":376},"87":{"loc":{"start":{"line":377,"column":22},"end":{"line":377,"column":71}},"type":"cond-expr","locations":[{"start":{"line":377,"column":49},"end":{"line":377,"column":65}},{"start":{"line":377,"column":68},"end":{"line":377,"column":71}}],"line":377},"88":{"loc":{"start":{"line":379,"column":4},"end":{"line":385,"column":5}},"type":"if","locations":[{"start":{"line":379,"column":4},"end":{"line":385,"column":5}},{"start":{},"end":{}}],"line":379},"89":{"loc":{"start":{"line":379,"column":8},"end":{"line":379,"column":54}},"type":"binary-expr","locations":[{"start":{"line":379,"column":8},"end":{"line":379,"column":20}},{"start":{"line":379,"column":24},"end":{"line":379,"column":38}},{"start":{"line":379,"column":42},"end":{"line":379,"column":54}}],"line":379},"90":{"loc":{"start":{"line":387,"column":4},"end":{"line":393,"column":5}},"type":"if","locations":[{"start":{"line":387,"column":4},"end":{"line":393,"column":5}},{"start":{},"end":{}}],"line":387},"91":{"loc":{"start":{"line":394,"column":4},"end":{"line":400,"column":5}},"type":"if","locations":[{"start":{"line":394,"column":4},"end":{"line":400,"column":5}},{"start":{},"end":{}}],"line":394},"92":{"loc":{"start":{"line":394,"column":8},"end":{"line":394,"column":58}},"type":"binary-expr","locations":[{"start":{"line":394,"column":8},"end":{"line":394,"column":31}},{"start":{"line":394,"column":35},"end":{"line":394,"column":58}}],"line":394},"93":{"loc":{"start":{"line":401,"column":4},"end":{"line":403,"column":5}},"type":"if","locations":[{"start":{"line":401,"column":4},"end":{"line":403,"column":5}},{"start":{},"end":{}}],"line":401},"94":{"loc":{"start":{"line":416,"column":34},"end":{"line":416,"column":55}},"type":"binary-expr","locations":[{"start":{"line":416,"column":34},"end":{"line":416,"column":49}},{"start":{"line":416,"column":53},"end":{"line":416,"column":55}}],"line":416},"95":{"loc":{"start":{"line":417,"column":2},"end":{"line":423,"column":3}},"type":"if","locations":[{"start":{"line":417,"column":2},"end":{"line":423,"column":3}},{"start":{},"end":{}}],"line":417},"96":{"loc":{"start":{"line":427,"column":2},"end":{"line":434,"column":3}},"type":"if","locations":[{"start":{"line":427,"column":2},"end":{"line":434,"column":3}},{"start":{},"end":{}}],"line":427},"97":{"loc":{"start":{"line":436,"column":2},"end":{"line":633,"column":3}},"type":"switch","locations":[{"start":{"line":437,"column":4},"end":{"line":470,"column":5}},{"start":{"line":471,"column":4},"end":{"line":493,"column":5}},{"start":{"line":494,"column":4},"end":{"line":525,"column":5}},{"start":{"line":526,"column":4},"end":{"line":557,"column":5}},{"start":{"line":558,"column":4},"end":{"line":580,"column":5}},{"start":{"line":581,"column":4},"end":{"line":603,"column":5}},{"start":{"line":604,"column":4},"end":{"line":626,"column":5}},{"start":{"line":627,"column":4},"end":{"line":632,"column":8}}],"line":436},"98":{"loc":{"start":{"line":439,"column":6},"end":{"line":449,"column":7}},"type":"if","locations":[{"start":{"line":439,"column":6},"end":{"line":449,"column":7}},{"start":{},"end":{}}],"line":439},"99":{"loc":{"start":{"line":439,"column":10},"end":{"line":439,"column":76}},"type":"binary-expr","locations":[{"start":{"line":439,"column":10},"end":{"line":439,"column":41}},{"start":{"line":439,"column":45},"end":{"line":439,"column":76}}],"line":439},"100":{"loc":{"start":{"line":441,"column":8},"end":{"line":443,"column":9}},"type":"if","locations":[{"start":{"line":441,"column":8},"end":{"line":443,"column":9}},{"start":{},"end":{}}],"line":441},"101":{"loc":{"start":{"line":450,"column":6},"end":{"line":452,"column":7}},"type":"if","locations":[{"start":{"line":450,"column":6},"end":{"line":452,"column":7}},{"start":{},"end":{}}],"line":450},"102":{"loc":{"start":{"line":456,"column":8},"end":{"line":456,"column":63}},"type":"cond-expr","locations":[{"start":{"line":456,"column":43},"end":{"line":456,"column":51}},{"start":{"line":456,"column":54},"end":{"line":456,"column":63}}],"line":456},"103":{"loc":{"start":{"line":458,"column":6},"end":{"line":458,"column":34}},"type":"if","locations":[{"start":{"line":458,"column":6},"end":{"line":458,"column":34}},{"start":{},"end":{}}],"line":458},"104":{"loc":{"start":{"line":464,"column":29},"end":{"line":464,"column":65}},"type":"binary-expr","locations":[{"start":{"line":464,"column":29},"end":{"line":464,"column":52}},{"start":{"line":464,"column":56},"end":{"line":464,"column":65}}],"line":464},"105":{"loc":{"start":{"line":472,"column":6},"end":{"line":478,"column":7}},"type":"if","locations":[{"start":{"line":472,"column":6},"end":{"line":478,"column":7}},{"start":{},"end":{}}],"line":472},"106":{"loc":{"start":{"line":472,"column":10},"end":{"line":472,"column":64}},"type":"binary-expr","locations":[{"start":{"line":472,"column":10},"end":{"line":472,"column":35}},{"start":{"line":472,"column":39},"end":{"line":472,"column":64}}],"line":472},"107":{"loc":{"start":{"line":479,"column":6},"end":{"line":481,"column":7}},"type":"if","locations":[{"start":{"line":479,"column":6},"end":{"line":481,"column":7}},{"start":{},"end":{}}],"line":479},"108":{"loc":{"start":{"line":485,"column":8},"end":{"line":485,"column":62}},"type":"cond-expr","locations":[{"start":{"line":485,"column":42},"end":{"line":485,"column":50}},{"start":{"line":485,"column":53},"end":{"line":485,"column":62}}],"line":485},"109":{"loc":{"start":{"line":487,"column":6},"end":{"line":487,"column":34}},"type":"if","locations":[{"start":{"line":487,"column":6},"end":{"line":487,"column":34}},{"start":{},"end":{}}],"line":487},"110":{"loc":{"start":{"line":496,"column":6},"end":{"line":505,"column":7}},"type":"if","locations":[{"start":{"line":496,"column":6},"end":{"line":505,"column":7}},{"start":{},"end":{}}],"line":496},"111":{"loc":{"start":{"line":496,"column":10},"end":{"line":496,"column":88}},"type":"binary-expr","locations":[{"start":{"line":496,"column":10},"end":{"line":496,"column":47}},{"start":{"line":496,"column":51},"end":{"line":496,"column":88}}],"line":496},"112":{"loc":{"start":{"line":497,"column":8},"end":{"line":499,"column":9}},"type":"if","locations":[{"start":{"line":497,"column":8},"end":{"line":499,"column":9}},{"start":{},"end":{}}],"line":497},"113":{"loc":{"start":{"line":506,"column":6},"end":{"line":508,"column":7}},"type":"if","locations":[{"start":{"line":506,"column":6},"end":{"line":508,"column":7}},{"start":{},"end":{}}],"line":506},"114":{"loc":{"start":{"line":512,"column":8},"end":{"line":512,"column":68}},"type":"cond-expr","locations":[{"start":{"line":512,"column":48},"end":{"line":512,"column":56}},{"start":{"line":512,"column":59},"end":{"line":512,"column":68}}],"line":512},"115":{"loc":{"start":{"line":514,"column":6},"end":{"line":514,"column":34}},"type":"if","locations":[{"start":{"line":514,"column":6},"end":{"line":514,"column":34}},{"start":{},"end":{}}],"line":514},"116":{"loc":{"start":{"line":528,"column":6},"end":{"line":537,"column":7}},"type":"if","locations":[{"start":{"line":528,"column":6},"end":{"line":537,"column":7}},{"start":{},"end":{}}],"line":528},"117":{"loc":{"start":{"line":528,"column":10},"end":{"line":528,"column":60}},"type":"binary-expr","locations":[{"start":{"line":528,"column":10},"end":{"line":528,"column":33}},{"start":{"line":528,"column":37},"end":{"line":528,"column":60}}],"line":528},"118":{"loc":{"start":{"line":529,"column":8},"end":{"line":531,"column":9}},"type":"if","locations":[{"start":{"line":529,"column":8},"end":{"line":531,"column":9}},{"start":{},"end":{}}],"line":529},"119":{"loc":{"start":{"line":538,"column":6},"end":{"line":540,"column":7}},"type":"if","locations":[{"start":{"line":538,"column":6},"end":{"line":540,"column":7}},{"start":{},"end":{}}],"line":538},"120":{"loc":{"start":{"line":544,"column":8},"end":{"line":544,"column":58}},"type":"cond-expr","locations":[{"start":{"line":544,"column":38},"end":{"line":544,"column":46}},{"start":{"line":544,"column":49},"end":{"line":544,"column":58}}],"line":544},"121":{"loc":{"start":{"line":546,"column":6},"end":{"line":546,"column":34}},"type":"if","locations":[{"start":{"line":546,"column":6},"end":{"line":546,"column":34}},{"start":{},"end":{}}],"line":546},"122":{"loc":{"start":{"line":560,"column":6},"end":{"line":566,"column":7}},"type":"if","locations":[{"start":{"line":560,"column":6},"end":{"line":566,"column":7}},{"start":{},"end":{}}],"line":560},"123":{"loc":{"start":{"line":560,"column":10},"end":{"line":560,"column":60}},"type":"binary-expr","locations":[{"start":{"line":560,"column":10},"end":{"line":560,"column":33}},{"start":{"line":560,"column":37},"end":{"line":560,"column":60}}],"line":560},"124":{"loc":{"start":{"line":567,"column":6},"end":{"line":569,"column":7}},"type":"if","locations":[{"start":{"line":567,"column":6},"end":{"line":569,"column":7}},{"start":{},"end":{}}],"line":567},"125":{"loc":{"start":{"line":582,"column":6},"end":{"line":588,"column":7}},"type":"if","locations":[{"start":{"line":582,"column":6},"end":{"line":588,"column":7}},{"start":{},"end":{}}],"line":582},"126":{"loc":{"start":{"line":582,"column":10},"end":{"line":582,"column":78}},"type":"binary-expr","locations":[{"start":{"line":582,"column":10},"end":{"line":582,"column":42}},{"start":{"line":582,"column":46},"end":{"line":582,"column":78}}],"line":582},"127":{"loc":{"start":{"line":589,"column":6},"end":{"line":591,"column":7}},"type":"if","locations":[{"start":{"line":589,"column":6},"end":{"line":591,"column":7}},{"start":{},"end":{}}],"line":589},"128":{"loc":{"start":{"line":595,"column":8},"end":{"line":595,"column":69}},"type":"cond-expr","locations":[{"start":{"line":595,"column":49},"end":{"line":595,"column":57}},{"start":{"line":595,"column":60},"end":{"line":595,"column":69}}],"line":595},"129":{"loc":{"start":{"line":597,"column":6},"end":{"line":597,"column":34}},"type":"if","locations":[{"start":{"line":597,"column":6},"end":{"line":597,"column":34}},{"start":{},"end":{}}],"line":597},"130":{"loc":{"start":{"line":605,"column":6},"end":{"line":611,"column":7}},"type":"if","locations":[{"start":{"line":605,"column":6},"end":{"line":611,"column":7}},{"start":{},"end":{}}],"line":605},"131":{"loc":{"start":{"line":605,"column":10},"end":{"line":605,"column":76}},"type":"binary-expr","locations":[{"start":{"line":605,"column":10},"end":{"line":605,"column":41}},{"start":{"line":605,"column":45},"end":{"line":605,"column":76}}],"line":605},"132":{"loc":{"start":{"line":612,"column":6},"end":{"line":614,"column":7}},"type":"if","locations":[{"start":{"line":612,"column":6},"end":{"line":614,"column":7}},{"start":{},"end":{}}],"line":612},"133":{"loc":{"start":{"line":618,"column":8},"end":{"line":618,"column":68}},"type":"cond-expr","locations":[{"start":{"line":618,"column":48},"end":{"line":618,"column":56}},{"start":{"line":618,"column":59},"end":{"line":618,"column":68}}],"line":618},"134":{"loc":{"start":{"line":620,"column":6},"end":{"line":620,"column":34}},"type":"if","locations":[{"start":{"line":620,"column":6},"end":{"line":620,"column":34}},{"start":{},"end":{}}],"line":620},"135":{"loc":{"start":{"line":659,"column":9},"end":{"line":659,"column":62}},"type":"binary-expr","locations":[{"start":{"line":659,"column":9},"end":{"line":659,"column":32}},{"start":{"line":659,"column":36},"end":{"line":659,"column":62}}],"line":659},"136":{"loc":{"start":{"line":666,"column":2},"end":{"line":668,"column":3}},"type":"if","locations":[{"start":{"line":666,"column":2},"end":{"line":668,"column":3}},{"start":{},"end":{}}],"line":666},"137":{"loc":{"start":{"line":666,"column":6},"end":{"line":666,"column":44}},"type":"binary-expr","locations":[{"start":{"line":666,"column":6},"end":{"line":666,"column":21}},{"start":{"line":666,"column":25},"end":{"line":666,"column":44}}],"line":666}},"s":{"0":1,"1":1,"2":1,"3":1,"4":21,"5":10,"6":10,"7":0,"8":4,"9":4,"10":0,"11":6,"12":6,"13":0,"14":1,"15":0,"16":1,"17":1,"18":0,"19":1,"20":0,"21":1,"22":1,"23":0,"24":1,"25":0,"26":1,"27":1,"28":0,"29":23,"30":23,"31":5,"32":5,"33":2,"34":2,"35":2,"36":2,"37":21,"38":3,"39":3,"40":1,"41":1,"42":1,"43":1,"44":20,"45":3,"46":1,"47":1,"48":1,"49":19,"50":17,"51":3,"52":14,"53":3,"54":11,"55":16,"56":9,"57":7,"58":1,"59":1,"60":0,"61":1,"62":1,"63":1,"64":6,"65":1,"66":0,"67":1,"68":1,"69":5,"70":1,"71":1,"72":4,"73":1,"74":1,"75":0,"76":1,"77":1,"78":3,"79":1,"80":1,"81":0,"82":1,"83":1,"84":2,"85":1,"86":1,"87":1,"88":1,"89":1,"90":0,"91":28,"92":28,"93":28,"94":5,"95":5,"96":5,"97":0,"98":5,"99":5,"100":1,"101":4,"102":1,"103":3,"104":3,"105":2,"106":3,"107":3,"108":1,"109":3,"110":23,"111":1,"112":22,"113":1,"114":1,"115":1,"116":1,"117":0,"118":1,"119":1,"120":0,"121":1,"122":0,"123":1,"124":0,"125":1,"126":21,"127":21,"128":1,"129":20,"130":20,"131":1,"132":20,"133":4,"134":4,"135":1,"136":1,"137":0,"138":3,"139":1,"140":3,"141":3,"142":1,"143":3,"144":4,"145":1,"146":3,"147":1,"148":3,"149":3,"150":1,"151":3,"152":3,"153":3,"154":1,"155":0,"156":1,"157":2,"158":0,"159":2,"160":2,"161":1,"162":2,"163":2,"164":2,"165":0,"166":0,"167":0,"168":2,"169":1,"170":2,"171":2,"172":1,"173":2,"174":1,"175":1,"176":0,"177":1,"178":1,"179":1,"180":4,"181":2,"182":2,"183":1,"184":2,"185":2,"186":1,"187":2,"188":2,"189":1,"190":1,"191":0,"192":1,"193":1,"194":1,"195":1,"196":0,"197":0,"198":0,"199":0,"200":0,"201":2,"202":2,"203":1,"204":1,"205":0,"206":1},"f":{"0":21,"1":10,"2":4,"3":6,"4":1,"5":1,"6":1,"7":23,"8":17,"9":16,"10":28,"11":0,"12":0,"13":0,"14":0,"15":2,"16":1},"b":{"0":[10,0],"1":[10,2],"2":[4,0],"3":[4,1],"4":[6,0],"5":[6,0],"6":[0,1],"7":[1,1],"8":[1,0],"9":[1,0],"10":[0,1],"11":[1,1],"12":[1,0],"13":[1,0],"14":[0,1],"15":[1,1],"16":[1,0],"17":[1,0],"18":[5,18],"19":[2,3],"20":[5,2],"21":[2,0],"22":[2,2],"23":[0,2],"24":[3,18],"25":[1,2],"26":[3,1],"27":[1,0],"28":[1,1],"29":[0,1],"30":[3,17],"31":[20,4],"32":[1,2],"33":[3,1],"34":[1,0],"35":[1,1],"36":[3,14],"37":[17,17],"38":[3,11],"39":[14,14],"40":[9,7],"41":[1,6],"42":[7,1],"43":[0,1],"44":[1,0],"45":[1,0],"46":[1,5],"47":[6,1,1],"48":[0,1],"49":[1,1],"50":[1,0],"51":[1,0],"52":[1,4],"53":[5,1,1],"54":[1,0],"55":[1,3],"56":[4,1],"57":[0,1],"58":[1,0],"59":[1,2],"60":[3,1],"61":[0,1],"62":[1,0],"63":[1,1],"64":[2,1,1],"65":[1,0],"66":[1,0],"67":[1,1,1],"68":[1,0],"69":[28,27],"70":[5,23],"71":[5,0],"72":[5,0],"73":[0,5],"74":[5,5],"75":[1,4],"76":[5,4,4,4],"77":[1,3],"78":[2,1],"79":[3,1],"80":[1,2],"81":[1,2],"82":[1,22],"83":[23,5],"84":[1,21],"85":[22,2],"86":[1,0],"87":[1,0],"88":[0,1],"89":[1,1,1],"90":[0,1],"91":[0,1],"92":[1,1],"93":[0,1],"94":[21,0],"95":[1,20],"96":[1,19],"97":[4,4,3,2,1,4,2,0],"98":[1,3],"99":[4,4],"100":[1,0],"101":[1,2],"102":[1,2],"103":[1,2],"104":[3,0],"105":[1,3],"106":[4,3],"107":[1,2],"108":[1,2],"109":[1,2],"110":[1,2],"111":[3,2],"112":[0,1],"113":[0,2],"114":[1,1],"115":[1,1],"116":[0,2],"117":[2,2],"118":[0,0],"119":[1,1],"120":[1,1],"121":[1,1],"122":[0,1],"123":[1,1],"124":[1,0],"125":[2,2],"126":[4,4],"127":[1,1],"128":[1,1],"129":[1,1],"130":[1,1],"131":[2,2],"132":[0,1],"133":[1,0],"134":[1,0],"135":[2,1],"136":[0,1],"137":[1,1]},"_coverageSchema":"1a1c01bbd47fc00a2c39e90264f33305004495a9","hash":"3091f9fa34e9d7b6893d03979bd9d5477c3abf0b"}
}
