{"total": {"lines":{"total":977,"covered":759,"skipped":0,"pct":77.68},"statements":{"total":1019,"covered":794,"skipped":0,"pct":77.91},"functions":{"total":232,"covered":193,"skipped":0,"pct":83.18},"branches":{"total":771,"covered":544,"skipped":0,"pct":70.55},"branchesTrue":{"total":0,"covered":0,"skipped":0,"pct":100}}
,"/Users/olumide/Documents/projects/softlyft/caremate-ecosystem/caremate-mobile/src/domains/ads/admob-config.ts": {"lines":{"total":9,"covered":9,"skipped":0,"pct":100},"functions":{"total":1,"covered":1,"skipped":0,"pct":100},"statements":{"total":9,"covered":9,"skipped":0,"pct":100},"branches":{"total":6,"covered":6,"skipped":0,"pct":100}}
,"/Users/olumide/Documents/projects/softlyft/caremate-ecosystem/caremate-mobile/src/domains/ads/consent.ts": {"lines":{"total":34,"covered":11,"skipped":0,"pct":32.35},"functions":{"total":8,"covered":5,"skipped":0,"pct":62.5},"statements":{"total":35,"covered":11,"skipped":0,"pct":31.42},"branches":{"total":10,"covered":1,"skipped":0,"pct":10}}
,"/Users/olumide/Documents/projects/softlyft/caremate-ecosystem/caremate-mobile/src/domains/ads/hooks.ts": {"lines":{"total":8,"covered":0,"skipped":0,"pct":0},"functions":{"total":4,"covered":0,"skipped":0,"pct":0},"statements":{"total":8,"covered":0,"skipped":0,"pct":0},"branches":{"total":6,"covered":0,"skipped":0,"pct":0}}
,"/Users/olumide/Documents/projects/softlyft/caremate-ecosystem/caremate-mobile/src/domains/ads/index.ts": {"lines":{"total":0,"covered":0,"skipped":0,"pct":100},"functions":{"total":0,"covered":0,"skipped":0,"pct":100},"statements":{"total":0,"covered":0,"skipped":0,"pct":100},"branches":{"total":0,"covered":0,"skipped":0,"pct":100}}
,"/Users/olumide/Documents/projects/softlyft/caremate-ecosystem/caremate-mobile/src/domains/ads/resolver.ts": {"lines":{"total":51,"covered":41,"skipped":0,"pct":80.39},"functions":{"total":7,"covered":3,"skipped":0,"pct":42.85},"statements":{"total":51,"covered":41,"skipped":0,"pct":80.39},"branches":{"total":36,"covered":35,"skipped":0,"pct":97.22}}
,"/Users/olumide/Documents/projects/softlyft/caremate-ecosystem/caremate-mobile/src/domains/ads/types.ts": {"lines":{"total":3,"covered":3,"skipped":0,"pct":100},"functions":{"total":0,"covered":0,"skipped":0,"pct":100},"statements":{"total":3,"covered":3,"skipped":0,"pct":100},"branches":{"total":0,"covered":0,"skipped":0,"pct":100}}
,"/Users/olumide/Documents/projects/softlyft/caremate-ecosystem/caremate-mobile/src/domains/articles/categories.ts": {"lines":{"total":4,"covered":4,"skipped":0,"pct":100},"functions":{"total":1,"covered":1,"skipped":0,"pct":100},"statements":{"total":4,"covered":4,"skipped":0,"pct":100},"branches":{"total":0,"covered":0,"skipped":0,"pct":100}}
,"/Users/olumide/Documents/projects/softlyft/caremate-ecosystem/caremate-mobile/src/domains/articles/content-types.ts": {"lines":{"total":7,"covered":7,"skipped":0,"pct":100},"functions":{"total":2,"covered":2,"skipped":0,"pct":100},"statements":{"total":7,"covered":7,"skipped":0,"pct":100},"branches":{"total":2,"covered":2,"skipped":0,"pct":100}}
,"/Users/olumide/Documents/projects/softlyft/caremate-ecosystem/caremate-mobile/src/domains/articles/currents-service.ts": {"lines":{"total":23,"covered":21,"skipped":0,"pct":91.3},"functions":{"total":6,"covered":6,"skipped":0,"pct":100},"statements":{"total":24,"covered":22,"skipped":0,"pct":91.66},"branches":{"total":24,"covered":18,"skipped":0,"pct":75}}
,"/Users/olumide/Documents/projects/softlyft/caremate-ecosystem/caremate-mobile/src/domains/articles/index.ts": {"lines":{"total":0,"covered":0,"skipped":0,"pct":100},"functions":{"total":0,"covered":0,"skipped":0,"pct":100},"statements":{"total":0,"covered":0,"skipped":0,"pct":100},"branches":{"total":0,"covered":0,"skipped":0,"pct":100}}
,"/Users/olumide/Documents/projects/softlyft/caremate-ecosystem/caremate-mobile/src/domains/articles/utils/evergreen-articles.ts": {"lines":{"total":69,"covered":67,"skipped":0,"pct":97.1},"functions":{"total":21,"covered":21,"skipped":0,"pct":100},"statements":{"total":71,"covered":69,"skipped":0,"pct":97.18},"branches":{"total":67,"covered":45,"skipped":0,"pct":67.16}}
,"/Users/olumide/Documents/projects/softlyft/caremate-ecosystem/caremate-mobile/src/domains/auth/auth-identity.ts": {"lines":{"total":4,"covered":4,"skipped":0,"pct":100},"functions":{"total":2,"covered":2,"skipped":0,"pct":100},"statements":{"total":4,"covered":4,"skipped":0,"pct":100},"branches":{"total":11,"covered":8,"skipped":0,"pct":72.72}}
,"/Users/olumide/Documents/projects/softlyft/caremate-ecosystem/caremate-mobile/src/domains/auth/bootstrap-local-account.ts": {"lines":{"total":30,"covered":28,"skipped":0,"pct":93.33},"functions":{"total":1,"covered":1,"skipped":0,"pct":100},"statements":{"total":30,"covered":28,"skipped":0,"pct":93.33},"branches":{"total":47,"covered":35,"skipped":0,"pct":74.46}}
,"/Users/olumide/Documents/projects/softlyft/caremate-ecosystem/caremate-mobile/src/domains/auth/index.ts": {"lines":{"total":0,"covered":0,"skipped":0,"pct":100},"functions":{"total":0,"covered":0,"skipped":0,"pct":100},"statements":{"total":0,"covered":0,"skipped":0,"pct":100},"branches":{"total":0,"covered":0,"skipped":0,"pct":100}}
,"/Users/olumide/Documents/projects/softlyft/caremate-ecosystem/caremate-mobile/src/domains/auth/merge-utils.ts": {"lines":{"total":8,"covered":8,"skipped":0,"pct":100},"functions":{"total":2,"covered":2,"skipped":0,"pct":100},"statements":{"total":8,"covered":8,"skipped":0,"pct":100},"branches":{"total":17,"covered":17,"skipped":0,"pct":100}}
,"/Users/olumide/Documents/projects/softlyft/caremate-ecosystem/caremate-mobile/src/domains/auth/migrate-guest-data.ts": {"lines":{"total":85,"covered":0,"skipped":0,"pct":0},"functions":{"total":11,"covered":0,"skipped":0,"pct":0},"statements":{"total":88,"covered":0,"skipped":0,"pct":0},"branches":{"total":62,"covered":0,"skipped":0,"pct":0}}
,"/Users/olumide/Documents/projects/softlyft/caremate-ecosystem/caremate-mobile/src/domains/billing/currency-by-country.ts": {"lines":{"total":8,"covered":8,"skipped":0,"pct":100},"functions":{"total":2,"covered":2,"skipped":0,"pct":100},"statements":{"total":8,"covered":8,"skipped":0,"pct":100},"branches":{"total":8,"covered":7,"skipped":0,"pct":87.5}}
,"/Users/olumide/Documents/projects/softlyft/caremate-ecosystem/caremate-mobile/src/domains/billing/entitlement.ts": {"lines":{"total":0,"covered":0,"skipped":0,"pct":100},"functions":{"total":0,"covered":0,"skipped":0,"pct":100},"statements":{"total":0,"covered":0,"skipped":0,"pct":100},"branches":{"total":0,"covered":0,"skipped":0,"pct":100}}
,"/Users/olumide/Documents/projects/softlyft/caremate-ecosystem/caremate-mobile/src/domains/billing/entitlements.ts": {"lines":{"total":36,"covered":31,"skipped":0,"pct":86.11},"functions":{"total":14,"covered":11,"skipped":0,"pct":78.57},"statements":{"total":37,"covered":31,"skipped":0,"pct":83.78},"branches":{"total":22,"covered":17,"skipped":0,"pct":77.27}}
,"/Users/olumide/Documents/projects/softlyft/caremate-ecosystem/caremate-mobile/src/domains/billing/format.ts": {"lines":{"total":8,"covered":8,"skipped":0,"pct":100},"functions":{"total":3,"covered":3,"skipped":0,"pct":100},"statements":{"total":10,"covered":10,"skipped":0,"pct":100},"branches":{"total":4,"covered":4,"skipped":0,"pct":100}}
,"/Users/olumide/Documents/projects/softlyft/caremate-ecosystem/caremate-mobile/src/domains/billing/hydrate-entitlements.ts": {"lines":{"total":9,"covered":0,"skipped":0,"pct":0},"functions":{"total":1,"covered":0,"skipped":0,"pct":0},"statements":{"total":9,"covered":0,"skipped":0,"pct":0},"branches":{"total":4,"covered":0,"skipped":0,"pct":0}}
,"/Users/olumide/Documents/projects/softlyft/caremate-ecosystem/caremate-mobile/src/domains/billing/period.ts": {"lines":{"total":9,"covered":9,"skipped":0,"pct":100},"functions":{"total":1,"covered":1,"skipped":0,"pct":100},"statements":{"total":9,"covered":9,"skipped":0,"pct":100},"branches":{"total":8,"covered":7,"skipped":0,"pct":87.5}}
,"/Users/olumide/Documents/projects/softlyft/caremate-ecosystem/caremate-mobile/src/domains/billing/types.ts": {"lines":{"total":1,"covered":1,"skipped":0,"pct":100},"functions":{"total":0,"covered":0,"skipped":0,"pct":100},"statements":{"total":1,"covered":1,"skipped":0,"pct":100},"branches":{"total":0,"covered":0,"skipped":0,"pct":100}}
,"/Users/olumide/Documents/projects/softlyft/caremate-ecosystem/caremate-mobile/src/domains/emergency/constants.ts": {"lines":{"total":5,"covered":5,"skipped":0,"pct":100},"functions":{"total":2,"covered":2,"skipped":0,"pct":100},"statements":{"total":5,"covered":5,"skipped":0,"pct":100},"branches":{"total":2,"covered":2,"skipped":0,"pct":100}}
,"/Users/olumide/Documents/projects/softlyft/caremate-ecosystem/caremate-mobile/src/domains/emergency/index.ts": {"lines":{"total":0,"covered":0,"skipped":0,"pct":100},"functions":{"total":0,"covered":0,"skipped":0,"pct":100},"statements":{"total":0,"covered":0,"skipped":0,"pct":100},"branches":{"total":0,"covered":0,"skipped":0,"pct":100}}
,"/Users/olumide/Documents/projects/softlyft/caremate-ecosystem/caremate-mobile/src/domains/emergency/lock-surface.ts": {"lines":{"total":33,"covered":28,"skipped":0,"pct":84.84},"functions":{"total":8,"covered":8,"skipped":0,"pct":100},"statements":{"total":33,"covered":28,"skipped":0,"pct":84.84},"branches":{"total":26,"covered":18,"skipped":0,"pct":69.23}}
,"/Users/olumide/Documents/projects/softlyft/caremate-ecosystem/caremate-mobile/src/domains/emergency/validation.ts": {"lines":{"total":2,"covered":2,"skipped":0,"pct":100},"functions":{"total":2,"covered":2,"skipped":0,"pct":100},"statements":{"total":2,"covered":2,"skipped":0,"pct":100},"branches":{"total":3,"covered":3,"skipped":0,"pct":100}}
,"/Users/olumide/Documents/projects/softlyft/caremate-ecosystem/caremate-mobile/src/domains/family/child-validation.ts": {"lines":{"total":15,"covered":13,"skipped":0,"pct":86.66},"functions":{"total":3,"covered":3,"skipped":0,"pct":100},"statements":{"total":15,"covered":13,"skipped":0,"pct":86.66},"branches":{"total":10,"covered":8,"skipped":0,"pct":80}}
,"/Users/olumide/Documents/projects/softlyft/caremate-ecosystem/caremate-mobile/src/domains/family/connection-service.ts": {"lines":{"total":35,"covered":0,"skipped":0,"pct":0},"functions":{"total":5,"covered":0,"skipped":0,"pct":0},"statements":{"total":35,"covered":0,"skipped":0,"pct":0},"branches":{"total":46,"covered":0,"skipped":0,"pct":0}}
,"/Users/olumide/Documents/projects/softlyft/caremate-ecosystem/caremate-mobile/src/domains/family/index.ts": {"lines":{"total":0,"covered":0,"skipped":0,"pct":100},"functions":{"total":0,"covered":0,"skipped":0,"pct":100},"statements":{"total":0,"covered":0,"skipped":0,"pct":100},"branches":{"total":0,"covered":0,"skipped":0,"pct":100}}
,"/Users/olumide/Documents/projects/softlyft/caremate-ecosystem/caremate-mobile/src/domains/family/store.ts": {"lines":{"total":11,"covered":11,"skipped":0,"pct":100},"functions":{"total":7,"covered":7,"skipped":0,"pct":100},"statements":{"total":14,"covered":14,"skipped":0,"pct":100},"branches":{"total":2,"covered":2,"skipped":0,"pct":100}}
,"/Users/olumide/Documents/projects/softlyft/caremate-ecosystem/caremate-mobile/src/domains/family/types.ts": {"lines":{"total":1,"covered":0,"skipped":0,"pct":0},"functions":{"total":0,"covered":0,"skipped":0,"pct":100},"statements":{"total":1,"covered":0,"skipped":0,"pct":0},"branches":{"total":0,"covered":0,"skipped":0,"pct":100}}
,"/Users/olumide/Documents/projects/softlyft/caremate-ecosystem/caremate-mobile/src/domains/localization/african-countries.ts": {"lines":{"total":2,"covered":2,"skipped":0,"pct":100},"functions":{"total":0,"covered":0,"skipped":0,"pct":100},"statements":{"total":2,"covered":2,"skipped":0,"pct":100},"branches":{"total":0,"covered":0,"skipped":0,"pct":100}}
,"/Users/olumide/Documents/projects/softlyft/caremate-ecosystem/caremate-mobile/src/domains/localization/config.ts": {"lines":{"total":26,"covered":26,"skipped":0,"pct":100},"functions":{"total":3,"covered":3,"skipped":0,"pct":100},"statements":{"total":26,"covered":26,"skipped":0,"pct":100},"branches":{"total":22,"covered":22,"skipped":0,"pct":100}}
,"/Users/olumide/Documents/projects/softlyft/caremate-ecosystem/caremate-mobile/src/domains/localization/index.ts": {"lines":{"total":0,"covered":0,"skipped":0,"pct":100},"functions":{"total":0,"covered":0,"skipped":0,"pct":100},"statements":{"total":0,"covered":0,"skipped":0,"pct":100},"branches":{"total":0,"covered":0,"skipped":0,"pct":100}}
,"/Users/olumide/Documents/projects/softlyft/caremate-ecosystem/caremate-mobile/src/domains/localization/nigeria-state-coords.ts": {"lines":{"total":1,"covered":1,"skipped":0,"pct":100},"functions":{"total":0,"covered":0,"skipped":0,"pct":100},"statements":{"total":1,"covered":1,"skipped":0,"pct":100},"branches":{"total":0,"covered":0,"skipped":0,"pct":100}}
,"/Users/olumide/Documents/projects/softlyft/caremate-ecosystem/caremate-mobile/src/domains/localization/service.ts": {"lines":{"total":41,"covered":40,"skipped":0,"pct":97.56},"functions":{"total":20,"covered":20,"skipped":0,"pct":100},"statements":{"total":44,"covered":43,"skipped":0,"pct":97.72},"branches":{"total":26,"covered":23,"skipped":0,"pct":88.46}}
,"/Users/olumide/Documents/projects/softlyft/caremate-ecosystem/caremate-mobile/src/domains/localization/types.ts": {"lines":{"total":0,"covered":0,"skipped":0,"pct":100},"functions":{"total":0,"covered":0,"skipped":0,"pct":100},"statements":{"total":0,"covered":0,"skipped":0,"pct":100},"branches":{"total":0,"covered":0,"skipped":0,"pct":100}}
,"/Users/olumide/Documents/projects/softlyft/caremate-ecosystem/caremate-mobile/src/domains/localization/world-countries.ts": {"lines":{"total":5,"covered":5,"skipped":0,"pct":100},"functions":{"total":0,"covered":0,"skipped":0,"pct":100},"statements":{"total":5,"covered":5,"skipped":0,"pct":100},"branches":{"total":0,"covered":0,"skipped":0,"pct":100}}
,"/Users/olumide/Documents/projects/softlyft/caremate-ecosystem/caremate-mobile/src/domains/localization/i18n/index.ts": {"lines":{"total":0,"covered":0,"skipped":0,"pct":100},"functions":{"total":0,"covered":0,"skipped":0,"pct":100},"statements":{"total":0,"covered":0,"skipped":0,"pct":100},"branches":{"total":0,"covered":0,"skipped":0,"pct":100}}
,"/Users/olumide/Documents/projects/softlyft/caremate-ecosystem/caremate-mobile/src/domains/localization/i18n/resources.ts": {"lines":{"total":23,"covered":22,"skipped":0,"pct":95.65},"functions":{"total":4,"covered":4,"skipped":0,"pct":100},"statements":{"total":23,"covered":22,"skipped":0,"pct":95.65},"branches":{"total":13,"covered":12,"skipped":0,"pct":92.3}}
,"/Users/olumide/Documents/projects/softlyft/caremate-ecosystem/caremate-mobile/src/domains/localization/i18n/translate.ts": {"lines":{"total":26,"covered":24,"skipped":0,"pct":92.3},"functions":{"total":6,"covered":6,"skipped":0,"pct":100},"statements":{"total":27,"covered":25,"skipped":0,"pct":92.59},"branches":{"total":20,"covered":16,"skipped":0,"pct":80}}
,"/Users/olumide/Documents/projects/softlyft/caremate-ecosystem/caremate-mobile/src/domains/localization/i18n/types.ts": {"lines":{"total":0,"covered":0,"skipped":0,"pct":100},"functions":{"total":0,"covered":0,"skipped":0,"pct":100},"statements":{"total":0,"covered":0,"skipped":0,"pct":100},"branches":{"total":0,"covered":0,"skipped":0,"pct":100}}
,"/Users/olumide/Documents/projects/softlyft/caremate-ecosystem/caremate-mobile/src/domains/notifications/hooks.ts": {"lines":{"total":6,"covered":0,"skipped":0,"pct":0},"functions":{"total":4,"covered":0,"skipped":0,"pct":0},"statements":{"total":6,"covered":0,"skipped":0,"pct":0},"branches":{"total":0,"covered":0,"skipped":0,"pct":100}}
,"/Users/olumide/Documents/projects/softlyft/caremate-ecosystem/caremate-mobile/src/domains/notifications/index.ts": {"lines":{"total":0,"covered":0,"skipped":0,"pct":100},"functions":{"total":0,"covered":0,"skipped":0,"pct":100},"statements":{"total":0,"covered":0,"skipped":0,"pct":100},"branches":{"total":0,"covered":0,"skipped":0,"pct":100}}
,"/Users/olumide/Documents/projects/softlyft/caremate-ecosystem/caremate-mobile/src/domains/notifications/service.ts": {"lines":{"total":9,"covered":9,"skipped":0,"pct":100},"functions":{"total":3,"covered":3,"skipped":0,"pct":100},"statements":{"total":9,"covered":9,"skipped":0,"pct":100},"branches":{"total":2,"covered":2,"skipped":0,"pct":100}}
,"/Users/olumide/Documents/projects/softlyft/caremate-ecosystem/caremate-mobile/src/domains/notifications/types.ts": {"lines":{"total":0,"covered":0,"skipped":0,"pct":100},"functions":{"total":0,"covered":0,"skipped":0,"pct":100},"statements":{"total":0,"covered":0,"skipped":0,"pct":100},"branches":{"total":0,"covered":0,"skipped":0,"pct":100}}
,"/Users/olumide/Documents/projects/softlyft/caremate-ecosystem/caremate-mobile/src/domains/onboarding/device-defaults.ts": {"lines":{"total":15,"covered":14,"skipped":0,"pct":93.33},"functions":{"total":4,"covered":4,"skipped":0,"pct":100},"statements":{"total":15,"covered":14,"skipped":0,"pct":93.33},"branches":{"total":4,"covered":4,"skipped":0,"pct":100}}
,"/Users/olumide/Documents/projects/softlyft/caremate-ecosystem/caremate-mobile/src/domains/onboarding/index.ts": {"lines":{"total":0,"covered":0,"skipped":0,"pct":100},"functions":{"total":0,"covered":0,"skipped":0,"pct":100},"statements":{"total":0,"covered":0,"skipped":0,"pct":100},"branches":{"total":0,"covered":0,"skipped":0,"pct":100}}
,"/Users/olumide/Documents/projects/softlyft/caremate-ecosystem/caremate-mobile/src/domains/onboarding/service.ts": {"lines":{"total":38,"covered":24,"skipped":0,"pct":63.15},"functions":{"total":7,"covered":4,"skipped":0,"pct":57.14},"statements":{"total":38,"covered":24,"skipped":0,"pct":63.15},"branches":{"total":30,"covered":19,"skipped":0,"pct":63.33}}
,"/Users/olumide/Documents/projects/softlyft/caremate-ecosystem/caremate-mobile/src/domains/onboarding/store.ts": {"lines":{"total":12,"covered":12,"skipped":0,"pct":100},"functions":{"total":10,"covered":10,"skipped":0,"pct":100},"statements":{"total":14,"covered":14,"skipped":0,"pct":100},"branches":{"total":2,"covered":2,"skipped":0,"pct":100}}
,"/Users/olumide/Documents/projects/softlyft/caremate-ecosystem/caremate-mobile/src/domains/onboarding/themes.ts": {"lines":{"total":2,"covered":2,"skipped":0,"pct":100},"functions":{"total":0,"covered":0,"skipped":0,"pct":100},"statements":{"total":2,"covered":2,"skipped":0,"pct":100},"branches":{"total":0,"covered":0,"skipped":0,"pct":100}}
,"/Users/olumide/Documents/projects/softlyft/caremate-ecosystem/caremate-mobile/src/domains/onboarding/types.ts": {"lines":{"total":3,"covered":3,"skipped":0,"pct":100},"functions":{"total":1,"covered":1,"skipped":0,"pct":100},"statements":{"total":4,"covered":4,"skipped":0,"pct":100},"branches":{"total":0,"covered":0,"skipped":0,"pct":100}}
,"/Users/olumide/Documents/projects/softlyft/caremate-ecosystem/caremate-mobile/src/domains/profile/index.ts": {"lines":{"total":0,"covered":0,"skipped":0,"pct":100},"functions":{"total":0,"covered":0,"skipped":0,"pct":100},"statements":{"total":0,"covered":0,"skipped":0,"pct":100},"branches":{"total":0,"covered":0,"skipped":0,"pct":100}}
,"/Users/olumide/Documents/projects/softlyft/caremate-ecosystem/caremate-mobile/src/domains/profile/patient-id.ts": {"lines":{"total":14,"covered":14,"skipped":0,"pct":100},"functions":{"total":3,"covered":3,"skipped":0,"pct":100},"statements":{"total":16,"covered":15,"skipped":0,"pct":93.75},"branches":{"total":10,"covered":9,"skipped":0,"pct":90}}
,"/Users/olumide/Documents/projects/softlyft/caremate-ecosystem/caremate-mobile/src/domains/profile/store.ts": {"lines":{"total":4,"covered":4,"skipped":0,"pct":100},"functions":{"total":4,"covered":4,"skipped":0,"pct":100},"statements":{"total":5,"covered":5,"skipped":0,"pct":100},"branches":{"total":0,"covered":0,"skipped":0,"pct":100}}
,"/Users/olumide/Documents/projects/softlyft/caremate-ecosystem/caremate-mobile/src/domains/providers/index.ts": {"lines":{"total":0,"covered":0,"skipped":0,"pct":100},"functions":{"total":0,"covered":0,"skipped":0,"pct":100},"statements":{"total":0,"covered":0,"skipped":0,"pct":100},"branches":{"total":0,"covered":0,"skipped":0,"pct":100}}
,"/Users/olumide/Documents/projects/softlyft/caremate-ecosystem/caremate-mobile/src/domains/providers/location.ts": {"lines":{"total":13,"covered":13,"skipped":0,"pct":100},"functions":{"total":2,"covered":1,"skipped":0,"pct":50},"statements":{"total":14,"covered":13,"skipped":0,"pct":92.85},"branches":{"total":4,"covered":4,"skipped":0,"pct":100}}
,"/Users/olumide/Documents/projects/softlyft/caremate-ecosystem/caremate-mobile/src/domains/providers/open-in-maps.ts": {"lines":{"total":24,"covered":24,"skipped":0,"pct":100},"functions":{"total":2,"covered":2,"skipped":0,"pct":100},"statements":{"total":24,"covered":24,"skipped":0,"pct":100},"branches":{"total":29,"covered":29,"skipped":0,"pct":100}}
,"/Users/olumide/Documents/projects/softlyft/caremate-ecosystem/caremate-mobile/src/domains/providers/types.ts": {"lines":{"total":7,"covered":7,"skipped":0,"pct":100},"functions":{"total":2,"covered":2,"skipped":0,"pct":100},"statements":{"total":7,"covered":7,"skipped":0,"pct":100},"branches":{"total":2,"covered":2,"skipped":0,"pct":100}}
,"/Users/olumide/Documents/projects/softlyft/caremate-ecosystem/caremate-mobile/src/domains/providers/utils/fhir-providers.ts": {"lines":{"total":67,"covered":65,"skipped":0,"pct":97.01},"functions":{"total":13,"covered":13,"skipped":0,"pct":100},"statements":{"total":79,"covered":77,"skipped":0,"pct":97.46},"branches":{"total":90,"covered":82,"skipped":0,"pct":91.11}}
,"/Users/olumide/Documents/projects/softlyft/caremate-ecosystem/caremate-mobile/src/domains/search/index.ts": {"lines":{"total":0,"covered":0,"skipped":0,"pct":100},"functions":{"total":0,"covered":0,"skipped":0,"pct":100},"statements":{"total":0,"covered":0,"skipped":0,"pct":100},"branches":{"total":0,"covered":0,"skipped":0,"pct":100}}
,"/Users/olumide/Documents/projects/softlyft/caremate-ecosystem/caremate-mobile/src/domains/search/match.ts": {"lines":{"total":16,"covered":15,"skipped":0,"pct":93.75},"functions":{"total":5,"covered":5,"skipped":0,"pct":100},"statements":{"total":16,"covered":15,"skipped":0,"pct":93.75},"branches":{"total":8,"covered":7,"skipped":0,"pct":87.5}}
,"/Users/olumide/Documents/projects/softlyft/caremate-ecosystem/caremate-mobile/src/domains/search/service.ts": {"lines":{"total":6,"covered":6,"skipped":0,"pct":100},"functions":{"total":1,"covered":1,"skipped":0,"pct":100},"statements":{"total":6,"covered":6,"skipped":0,"pct":100},"branches":{"total":3,"covered":3,"skipped":0,"pct":100}}
,"/Users/olumide/Documents/projects/softlyft/caremate-ecosystem/caremate-mobile/src/domains/search/types.ts": {"lines":{"total":0,"covered":0,"skipped":0,"pct":100},"functions":{"total":0,"covered":0,"skipped":0,"pct":100},"statements":{"total":0,"covered":0,"skipped":0,"pct":100},"branches":{"total":0,"covered":0,"skipped":0,"pct":100}}
,"/Users/olumide/Documents/projects/softlyft/caremate-ecosystem/caremate-mobile/src/features/home/constants.ts": {"lines":{"total":5,"covered":5,"skipped":0,"pct":100},"functions":{"total":1,"covered":1,"skipped":0,"pct":100},"statements":{"total":7,"covered":7,"skipped":0,"pct":100},"branches":{"total":10,"covered":9,"skipped":0,"pct":90}}
,"/Users/olumide/Documents/projects/softlyft/caremate-ecosystem/caremate-mobile/src/features/home/utils/daily-health-tip.ts": {"lines":{"total":24,"covered":24,"skipped":0,"pct":100},"functions":{"total":6,"covered":6,"skipped":0,"pct":100},"statements":{"total":27,"covered":27,"skipped":0,"pct":100},"branches":{"total":9,"covered":6,"skipped":0,"pct":66.66}}
,"/Users/olumide/Documents/projects/softlyft/caremate-ecosystem/caremate-mobile/src/lib/auth-deep-link.ts": {"lines":{"total":31,"covered":30,"skipped":0,"pct":96.77},"functions":{"total":2,"covered":2,"skipped":0,"pct":100},"statements":{"total":31,"covered":30,"skipped":0,"pct":96.77},"branches":{"total":37,"covered":32,"skipped":0,"pct":86.48}}
,"/Users/olumide/Documents/projects/softlyft/caremate-ecosystem/caremate-mobile/src/lib/query-client.ts": {"lines":{"total":1,"covered":1,"skipped":0,"pct":100},"functions":{"total":0,"covered":0,"skipped":0,"pct":100},"statements":{"total":1,"covered":1,"skipped":0,"pct":100},"branches":{"total":0,"covered":0,"skipped":0,"pct":100}}
,"/Users/olumide/Documents/projects/softlyft/caremate-ecosystem/caremate-mobile/src/lib/storage.ts": {"lines":{"total":19,"covered":19,"skipped":0,"pct":100},"functions":{"total":4,"covered":4,"skipped":0,"pct":100},"statements":{"total":19,"covered":19,"skipped":0,"pct":100},"branches":{"total":14,"covered":14,"skipped":0,"pct":100}}
,"/Users/olumide/Documents/projects/softlyft/caremate-ecosystem/caremate-mobile/src/lib/supabase.ts": {"lines":{"total":1,"covered":1,"skipped":0,"pct":100},"functions":{"total":0,"covered":0,"skipped":0,"pct":100},"statements":{"total":1,"covered":1,"skipped":0,"pct":100},"branches":{"total":4,"covered":4,"skipped":0,"pct":100}}
,"/Users/olumide/Documents/projects/softlyft/caremate-ecosystem/caremate-mobile/src/sync/network.ts": {"lines":{"total":11,"covered":11,"skipped":0,"pct":100},"functions":{"total":5,"covered":5,"skipped":0,"pct":100},"statements":{"total":12,"covered":12,"skipped":0,"pct":100},"branches":{"total":2,"covered":2,"skipped":0,"pct":100}}
,"/Users/olumide/Documents/projects/softlyft/caremate-ecosystem/caremate-mobile/src/utils/helpers.ts": {"lines":{"total":17,"covered":17,"skipped":0,"pct":100},"functions":{"total":6,"covered":6,"skipped":0,"pct":100},"statements":{"total":17,"covered":17,"skipped":0,"pct":100},"branches":{"total":7,"covered":6,"skipped":0,"pct":85.71}}
}
