{"/Users/olumide/Documents/projects/softlyft/caremate-ecosystem/caremate-mobile/src/domains/articles/categories.ts": {"path":"/Users/olumide/Documents/projects/softlyft/caremate-ecosystem/caremate-mobile/src/domains/articles/categories.ts","statementMap":{"0":{"start":{"line":1,"column":33},"end":{"line":66,"column":10}},"1":{"start":{"line":69,"column":16},"end":{"line":69,"column":50}},"2":{"start":{"line":70,"column":2},"end":{"line":70,"column":46}},"3":{"start":{"line":73,"column":58},"end":{"line":77,"column":1}}},"fnMap":{"0":{"name":"estimateReadingTime","decl":{"start":{"line":68,"column":16},"end":{"line":68,"column":35}},"loc":{"start":{"line":68,"column":61},"end":{"line":71,"column":1}},"line":68}},"branchMap":{},"s":{"0":2,"1":3,"2":3,"3":2},"f":{"0":3},"b":{},"_coverageSchema":"1a1c01bbd47fc00a2c39e90264f33305004495a9","hash":"c5e8ad410c5b090870649a1b9f2831d22e69f522"}
,"/Users/olumide/Documents/projects/softlyft/caremate-ecosystem/caremate-mobile/src/domains/articles/content-types.ts": {"path":"/Users/olumide/Documents/projects/softlyft/caremate-ecosystem/caremate-mobile/src/domains/articles/content-types.ts","statementMap":{"0":{"start":{"line":6,"column":35},"end":{"line":14,"column":10}},"1":{"start":{"line":19,"column":43},"end":{"line":27,"column":48}},"2":{"start":{"line":29,"column":75},"end":{"line":37,"column":1}},"3":{"start":{"line":40,"column":2},"end":{"line":40,"column":68}},"4":{"start":{"line":44,"column":2},"end":{"line":46,"column":3}},"5":{"start":{"line":45,"column":4},"end":{"line":45,"column":43}},"6":{"start":{"line":47,"column":2},"end":{"line":47,"column":33}}},"fnMap":{"0":{"name":"isLearnContentType","decl":{"start":{"line":39,"column":16},"end":{"line":39,"column":34}},"loc":{"start":{"line":39,"column":77},"end":{"line":41,"column":1}},"line":39},"1":{"name":"formatLearnContentType","decl":{"start":{"line":43,"column":16},"end":{"line":43,"column":38}},"loc":{"start":{"line":43,"column":61},"end":{"line":48,"column":1}},"line":43}},"branchMap":{"0":{"loc":{"start":{"line":44,"column":2},"end":{"line":46,"column":3}},"type":"if","locations":[{"start":{"line":44,"column":2},"end":{"line":46,"column":3}},{"start":{},"end":{}}],"line":44}},"s":{"0":1,"1":1,"2":1,"3":4,"4":2,"5":1,"6":1},"f":{"0":4,"1":2},"b":{"0":[1,1]},"_coverageSchema":"1a1c01bbd47fc00a2c39e90264f33305004495a9","hash":"6536f0a80721fe6f4d299c22fc249e07c3c84a2a"}
,"/Users/olumide/Documents/projects/softlyft/caremate-ecosystem/caremate-mobile/src/domains/articles/currents-service.ts": {"path":"/Users/olumide/Documents/projects/softlyft/caremate-ecosystem/caremate-mobile/src/domains/articles/currents-service.ts","statementMap":{"0":{"start":{"line":21,"column":26},"end":{"line":21,"column":63}},"1":{"start":{"line":24,"column":2},"end":{"line":26,"column":3}},"2":{"start":{"line":25,"column":4},"end":{"line":25,"column":16}},"3":{"start":{"line":27,"column":2},"end":{"line":29,"column":3}},"4":{"start":{"line":28,"column":4},"end":{"line":28,"column":28}},"5":{"start":{"line":30,"column":2},"end":{"line":30,"column":15}},"6":{"start":{"line":34,"column":2},"end":{"line":37,"column":6}},"7":{"start":{"line":34,"column":46},"end":{"line":37,"column":3}},"8":{"start":{"line":45,"column":17},"end":{"line":48,"column":4}},"9":{"start":{"line":52,"column":21},"end":{"line":52,"column":54}},"10":{"start":{"line":53,"column":2},"end":{"line":55,"column":3}},"11":{"start":{"line":54,"column":4},"end":{"line":54,"column":38}},"12":{"start":{"line":57,"column":19},"end":{"line":61,"column":4}},"13":{"start":{"line":63,"column":2},"end":{"line":65,"column":3}},"14":{"start":{"line":64,"column":4},"end":{"line":64,"column":63}},"15":{"start":{"line":67,"column":15},"end":{"line":67,"column":64}},"16":{"start":{"line":68,"column":2},"end":{"line":70,"column":3}},"17":{"start":{"line":69,"column":4},"end":{"line":69,"column":14}},"18":{"start":{"line":72,"column":2},"end":{"line":72,"column":41}},"19":{"start":{"line":75,"column":31},"end":{"line":96,"column":1}},"20":{"start":{"line":77,"column":4},"end":{"line":77,"column":39}},"21":{"start":{"line":90,"column":4},"end":{"line":92,"column":5}},"22":{"start":{"line":91,"column":6},"end":{"line":91,"column":16}},"23":{"start":{"line":94,"column":4},"end":{"line":94,"column":62}}},"fnMap":{"0":{"name":"normalizeImageUrl","decl":{"start":{"line":23,"column":9},"end":{"line":23,"column":26}},"loc":{"start":{"line":23,"column":76},"end":{"line":31,"column":1}},"line":23},"1":{"name":"normalizeNews","decl":{"start":{"line":33,"column":9},"end":{"line":33,"column":22}},"loc":{"start":{"line":33,"column":85},"end":{"line":38,"column":1}},"line":33},"2":{"name":"(anonymous_2)","decl":{"start":{"line":34,"column":35},"end":{"line":34,"column":36}},"loc":{"start":{"line":34,"column":46},"end":{"line":37,"column":3}},"line":34},"3":{"name":"searchHealthNews","decl":{"start":{"line":40,"column":15},"end":{"line":40,"column":31}},"loc":{"start":{"line":44,"column":31},"end":{"line":73,"column":1}},"line":44},"4":{"name":"(anonymous_4)","decl":{"start":{"line":76,"column":2},"end":{"line":76,"column":3}},"loc":{"start":{"line":76,"column":26},"end":{"line":78,"column":3}},"line":76},"5":{"name":"(anonymous_5)","decl":{"start":{"line":85,"column":2},"end":{"line":85,"column":3}},"loc":{"start":{"line":89,"column":33},"end":{"line":95,"column":3}},"line":89}},"branchMap":{"0":{"loc":{"start":{"line":24,"column":2},"end":{"line":26,"column":3}},"type":"if","locations":[{"start":{"line":24,"column":2},"end":{"line":26,"column":3}},{"start":{},"end":{}}],"line":24},"1":{"loc":{"start":{"line":24,"column":6},"end":{"line":24,"column":32}},"type":"binary-expr","locations":[{"start":{"line":24,"column":6},"end":{"line":24,"column":12}},{"start":{"line":24,"column":16},"end":{"line":24,"column":32}}],"line":24},"2":{"loc":{"start":{"line":27,"column":2},"end":{"line":29,"column":3}},"type":"if","locations":[{"start":{"line":27,"column":2},"end":{"line":29,"column":3}},{"start":{},"end":{}}],"line":27},"3":{"loc":{"start":{"line":36,"column":11},"end":{"line":36,"column":46}},"type":"binary-expr","locations":[{"start":{"line":36,"column":11},"end":{"line":36,"column":40}},{"start":{"line":36,"column":44},"end":{"line":36,"column":46}}],"line":36},"4":{"loc":{"start":{"line":43,"column":2},"end":{"line":43,"column":41}},"type":"default-arg","locations":[{"start":{"line":43,"column":37},"end":{"line":43,"column":41}}],"line":43},"5":{"loc":{"start":{"line":53,"column":2},"end":{"line":55,"column":3}},"type":"if","locations":[{"start":{"line":53,"column":2},"end":{"line":55,"column":3}},{"start":{},"end":{}}],"line":53},"6":{"loc":{"start":{"line":53,"column":6},"end":{"line":53,"column":79}},"type":"binary-expr","locations":[{"start":{"line":53,"column":6},"end":{"line":53,"column":16}},{"start":{"line":53,"column":20},"end":{"line":53,"column":79}}],"line":53},"7":{"loc":{"start":{"line":63,"column":2},"end":{"line":65,"column":3}},"type":"if","locations":[{"start":{"line":63,"column":2},"end":{"line":65,"column":3}},{"start":{},"end":{}}],"line":63},"8":{"loc":{"start":{"line":68,"column":2},"end":{"line":70,"column":3}},"type":"if","locations":[{"start":{"line":68,"column":2},"end":{"line":70,"column":3}},{"start":{},"end":{}}],"line":68},"9":{"loc":{"start":{"line":68,"column":6},"end":{"line":68,"column":55}},"type":"binary-expr","locations":[{"start":{"line":68,"column":6},"end":{"line":68,"column":26}},{"start":{"line":68,"column":30},"end":{"line":68,"column":55}}],"line":68},"10":{"loc":{"start":{"line":86,"column":4},"end":{"line":86,"column":14}},"type":"default-arg","locations":[{"start":{"line":86,"column":12},"end":{"line":86,"column":14}}],"line":86},"11":{"loc":{"start":{"line":87,"column":4},"end":{"line":87,"column":40}},"type":"default-arg","locations":[{"start":{"line":87,"column":18},"end":{"line":87,"column":40}}],"line":87},"12":{"loc":{"start":{"line":88,"column":4},"end":{"line":88,"column":43}},"type":"default-arg","locations":[{"start":{"line":88,"column":39},"end":{"line":88,"column":43}}],"line":88},"13":{"loc":{"start":{"line":90,"column":4},"end":{"line":92,"column":5}},"type":"if","locations":[{"start":{"line":90,"column":4},"end":{"line":92,"column":5}},{"start":{},"end":{}}],"line":90}},"s":{"0":1,"1":1,"2":0,"3":1,"4":1,"5":0,"6":3,"7":1,"8":5,"9":5,"10":5,"11":3,"12":5,"13":5,"14":1,"15":4,"16":4,"17":1,"18":3,"19":1,"20":1,"21":6,"22":1,"23":5},"f":{"0":1,"1":3,"2":1,"3":5,"4":1,"5":6},"b":{"0":[0,1],"1":[1,1],"2":[1,0],"3":[1,0],"4":[0],"5":[3,2],"6":[5,4],"7":[1,4],"8":[1,3],"9":[4,3],"10":[0],"11":[0],"12":[5],"13":[1,5]},"_coverageSchema":"1a1c01bbd47fc00a2c39e90264f33305004495a9","hash":"c592c84444ae4cfbbc4ef68f91f9f004f82b158a"}
,"/Users/olumide/Documents/projects/softlyft/caremate-ecosystem/caremate-mobile/src/domains/articles/utils/evergreen-articles.ts": {"path":"/Users/olumide/Documents/projects/softlyft/caremate-ecosystem/caremate-mobile/src/domains/articles/utils/evergreen-articles.ts","statementMap":{"0":{"start":{"line":6,"column":24},"end":{"line":6,"column":72}},"1":{"start":{"line":9,"column":39},"end":{"line":9,"column":40}},"2":{"start":{"line":10,"column":43},"end":{"line":10,"column":44}},"3":{"start":{"line":11,"column":39},"end":{"line":11,"column":96}},"4":{"start":{"line":13,"column":51},"end":{"line":21,"column":1}},"5":{"start":{"line":14,"column":42},"end":{"line":19,"column":3}},"6":{"start":{"line":24,"column":2},"end":{"line":24,"column":25}},"7":{"start":{"line":28,"column":2},"end":{"line":28,"column":74}},"8":{"start":{"line":33,"column":2},"end":{"line":33,"column":100}},"9":{"start":{"line":41,"column":16},"end":{"line":41,"column":40}},"10":{"start":{"line":42,"column":18},"end":{"line":42,"column":35}},"11":{"start":{"line":43,"column":2},"end":{"line":47,"column":3}},"12":{"start":{"line":44,"column":4},"end":{"line":46,"column":50}},"13":{"start":{"line":45,"column":42},"end":{"line":45,"column":94}},"14":{"start":{"line":46,"column":22},"end":{"line":46,"column":48}},"15":{"start":{"line":49,"column":17},"end":{"line":49,"column":38}},"16":{"start":{"line":50,"column":2},"end":{"line":52,"column":3}},"17":{"start":{"line":51,"column":4},"end":{"line":51,"column":41}},"18":{"start":{"line":55,"column":2},"end":{"line":57,"column":3}},"19":{"start":{"line":56,"column":4},"end":{"line":56,"column":40}},"20":{"start":{"line":59,"column":2},"end":{"line":59,"column":12}},"21":{"start":{"line":63,"column":21},"end":{"line":63,"column":52}},"22":{"start":{"line":64,"column":2},"end":{"line":64,"column":54}},"23":{"start":{"line":71,"column":21},"end":{"line":71,"column":52}},"24":{"start":{"line":72,"column":19},"end":{"line":72,"column":36}},"25":{"start":{"line":74,"column":2},"end":{"line":87,"column":3}},"26":{"start":{"line":75,"column":20},"end":{"line":75,"column":50}},"27":{"start":{"line":76,"column":4},"end":{"line":82,"column":5}},"28":{"start":{"line":77,"column":6},"end":{"line":81,"column":7}},"29":{"start":{"line":78,"column":8},"end":{"line":80,"column":9}},"30":{"start":{"line":79,"column":10},"end":{"line":79,"column":51}},"31":{"start":{"line":83,"column":19},"end":{"line":83,"column":53}},"32":{"start":{"line":84,"column":4},"end":{"line":86,"column":5}},"33":{"start":{"line":85,"column":6},"end":{"line":85,"column":48}},"34":{"start":{"line":89,"column":2},"end":{"line":89,"column":27}},"35":{"start":{"line":91,"column":2},"end":{"line":95,"column":4}},"36":{"start":{"line":99,"column":13},"end":{"line":99,"column":14}},"37":{"start":{"line":100,"column":2},"end":{"line":102,"column":3}},"38":{"start":{"line":100,"column":19},"end":{"line":100,"column":20}},"39":{"start":{"line":101,"column":4},"end":{"line":101,"column":55}},"40":{"start":{"line":103,"column":2},"end":{"line":103,"column":14}},"41":{"start":{"line":107,"column":16},"end":{"line":107,"column":50}},"42":{"start":{"line":108,"column":15},"end":{"line":108,"column":47}},"43":{"start":{"line":109,"column":2},"end":{"line":109,"column":50}},"44":{"start":{"line":117,"column":2},"end":{"line":119,"column":3}},"45":{"start":{"line":118,"column":4},"end":{"line":118,"column":16}},"46":{"start":{"line":121,"column":14},"end":{"line":121,"column":32}},"47":{"start":{"line":122,"column":16},"end":{"line":122,"column":61}},"48":{"start":{"line":123,"column":2},"end":{"line":123,"column":33}},"49":{"start":{"line":127,"column":20},"end":{"line":127,"column":55}},"50":{"start":{"line":128,"column":19},"end":{"line":130,"column":77}},"51":{"start":{"line":130,"column":20},"end":{"line":130,"column":76}},"52":{"start":{"line":131,"column":16},"end":{"line":133,"column":3}},"53":{"start":{"line":132,"column":17},"end":{"line":132,"column":76}},"54":{"start":{"line":135,"column":19},"end":{"line":135,"column":57}},"55":{"start":{"line":136,"column":29},"end":{"line":138,"column":15}},"56":{"start":{"line":137,"column":36},"end":{"line":137,"column":62}},"57":{"start":{"line":140,"column":2},"end":{"line":140,"column":89}},"58":{"start":{"line":144,"column":2},"end":{"line":144,"column":66}},"59":{"start":{"line":162,"column":18},"end":{"line":162,"column":44}},"60":{"start":{"line":163,"column":19},"end":{"line":163,"column":62}},"61":{"start":{"line":164,"column":23},"end":{"line":164,"column":74}},"62":{"start":{"line":165,"column":22},"end":{"line":165,"column":62}},"63":{"start":{"line":167,"column":19},"end":{"line":167,"column":57}},"64":{"start":{"line":169,"column":18},"end":{"line":172,"column":23}},"65":{"start":{"line":170,"column":25},"end":{"line":170,"column":86}},"66":{"start":{"line":174,"column":18},"end":{"line":174,"column":63}},"67":{"start":{"line":174,"column":51},"end":{"line":174,"column":61}},"68":{"start":{"line":177,"column":4},"end":{"line":184,"column":33}},"69":{"start":{"line":181,"column":25},"end":{"line":181,"column":99}},"70":{"start":{"line":186,"column":2},"end":{"line":186,"column":71}}},"fnMap":{"0":{"name":"(anonymous_0)","decl":{"start":{"line":14,"column":27},"end":{"line":14,"column":28}},"loc":{"start":{"line":14,"column":42},"end":{"line":19,"column":3}},"line":14},"1":{"name":"getLegacySeedIds","decl":{"start":{"line":23,"column":16},"end":{"line":23,"column":32}},"loc":{"start":{"line":23,"column":54},"end":{"line":25,"column":1}},"line":23},"2":{"name":"isExternalArticle","decl":{"start":{"line":27,"column":16},"end":{"line":27,"column":33}},"loc":{"start":{"line":27,"column":61},"end":{"line":29,"column":1}},"line":27},"3":{"name":"isEvergreenArticle","decl":{"start":{"line":32,"column":16},"end":{"line":32,"column":34}},"loc":{"start":{"line":32,"column":62},"end":{"line":34,"column":1}},"line":32},"4":{"name":"getNewsRegions","decl":{"start":{"line":40,"column":16},"end":{"line":40,"column":30}},"loc":{"start":{"line":40,"column":59},"end":{"line":60,"column":1}},"line":40},"5":{"name":"(anonymous_5)","decl":{"start":{"line":45,"column":14},"end":{"line":45,"column":15}},"loc":{"start":{"line":45,"column":42},"end":{"line":45,"column":94}},"line":45},"6":{"name":"(anonymous_6)","decl":{"start":{"line":46,"column":11},"end":{"line":46,"column":12}},"loc":{"start":{"line":46,"column":22},"end":{"line":46,"column":48}},"line":46},"7":{"name":"articleMatchesNewsRegion","decl":{"start":{"line":62,"column":16},"end":{"line":62,"column":40}},"loc":{"start":{"line":62,"column":88},"end":{"line":65,"column":1}},"line":62},"8":{"name":"mergeNewsRegions","decl":{"start":{"line":67,"column":16},"end":{"line":67,"column":32}},"loc":{"start":{"line":70,"column":27},"end":{"line":96,"column":1}},"line":70},"9":{"name":"hashString","decl":{"start":{"line":98,"column":9},"end":{"line":98,"column":19}},"loc":{"start":{"line":98,"column":43},"end":{"line":104,"column":1}},"line":98},"10":{"name":"getDayOfYear","decl":{"start":{"line":106,"column":9},"end":{"line":106,"column":21}},"loc":{"start":{"line":106,"column":49},"end":{"line":110,"column":1}},"line":106},"11":{"name":"pickDailyEvergreen","decl":{"start":{"line":112,"column":16},"end":{"line":112,"column":34}},"loc":{"start":{"line":116,"column":18},"end":{"line":124,"column":1}},"line":116},"12":{"name":"orderLearnFeed","decl":{"start":{"line":126,"column":16},"end":{"line":126,"column":30}},"loc":{"start":{"line":126,"column":82},"end":{"line":141,"column":1}},"line":126},"13":{"name":"(anonymous_13)","decl":{"start":{"line":130,"column":10},"end":{"line":130,"column":11}},"loc":{"start":{"line":130,"column":20},"end":{"line":130,"column":76}},"line":130},"14":{"name":"(anonymous_14)","decl":{"start":{"line":132,"column":4},"end":{"line":132,"column":5}},"loc":{"start":{"line":132,"column":17},"end":{"line":132,"column":76}},"line":132},"15":{"name":"(anonymous_15)","decl":{"start":{"line":137,"column":23},"end":{"line":137,"column":24}},"loc":{"start":{"line":137,"column":36},"end":{"line":137,"column":62}},"line":137},"16":{"name":"byNewest","decl":{"start":{"line":143,"column":9},"end":{"line":143,"column":17}},"loc":{"start":{"line":143,"column":50},"end":{"line":145,"column":1}},"line":143},"17":{"name":"orderTrendingFeed","decl":{"start":{"line":152,"column":16},"end":{"line":152,"column":33}},"loc":{"start":{"line":161,"column":13},"end":{"line":187,"column":1}},"line":161},"18":{"name":"(anonymous_18)","decl":{"start":{"line":170,"column":12},"end":{"line":170,"column":13}},"loc":{"start":{"line":170,"column":25},"end":{"line":170,"column":86}},"line":170},"19":{"name":"(anonymous_19)","decl":{"start":{"line":174,"column":38},"end":{"line":174,"column":39}},"loc":{"start":{"line":174,"column":51},"end":{"line":174,"column":61}},"line":174},"20":{"name":"(anonymous_20)","decl":{"start":{"line":181,"column":12},"end":{"line":181,"column":13}},"loc":{"start":{"line":181,"column":25},"end":{"line":181,"column":99}},"line":181}},"branchMap":{"0":{"loc":{"start":{"line":28,"column":9},"end":{"line":28,"column":73}},"type":"binary-expr","locations":[{"start":{"line":28,"column":9},"end":{"line":28,"column":35}},{"start":{"line":28,"column":39},"end":{"line":28,"column":73}}],"line":28},"1":{"loc":{"start":{"line":33,"column":9},"end":{"line":33,"column":99}},"type":"binary-expr","locations":[{"start":{"line":33,"column":9},"end":{"line":33,"column":44}},{"start":{"line":33,"column":49},"end":{"line":33,"column":76}},{"start":{"line":33,"column":80},"end":{"line":33,"column":98}}],"line":33},"2":{"loc":{"start":{"line":41,"column":16},"end":{"line":41,"column":40}},"type":"binary-expr","locations":[{"start":{"line":41,"column":16},"end":{"line":41,"column":34}},{"start":{"line":41,"column":38},"end":{"line":41,"column":40}}],"line":41},"3":{"loc":{"start":{"line":43,"column":2},"end":{"line":47,"column":3}},"type":"if","locations":[{"start":{"line":43,"column":2},"end":{"line":47,"column":3}},{"start":{},"end":{}}],"line":43},"4":{"loc":{"start":{"line":45,"column":42},"end":{"line":45,"column":94}},"type":"binary-expr","locations":[{"start":{"line":45,"column":42},"end":{"line":45,"column":67}},{"start":{"line":45,"column":71},"end":{"line":45,"column":94}}],"line":45},"5":{"loc":{"start":{"line":50,"column":2},"end":{"line":52,"column":3}},"type":"if","locations":[{"start":{"line":50,"column":2},"end":{"line":52,"column":3}},{"start":{},"end":{}}],"line":50},"6":{"loc":{"start":{"line":50,"column":6},"end":{"line":50,"column":49}},"type":"binary-expr","locations":[{"start":{"line":50,"column":6},"end":{"line":50,"column":32}},{"start":{"line":50,"column":36},"end":{"line":50,"column":49}}],"line":50},"7":{"loc":{"start":{"line":55,"column":2},"end":{"line":57,"column":3}},"type":"if","locations":[{"start":{"line":55,"column":2},"end":{"line":57,"column":3}},{"start":{},"end":{}}],"line":55},"8":{"loc":{"start":{"line":74,"column":2},"end":{"line":87,"column":3}},"type":"if","locations":[{"start":{"line":74,"column":2},"end":{"line":87,"column":3}},{"start":{},"end":{}}],"line":74},"9":{"loc":{"start":{"line":76,"column":4},"end":{"line":82,"column":5}},"type":"if","locations":[{"start":{"line":76,"column":4},"end":{"line":82,"column":5}},{"start":{},"end":{}}],"line":76},"10":{"loc":{"start":{"line":78,"column":8},"end":{"line":80,"column":9}},"type":"if","locations":[{"start":{"line":78,"column":8},"end":{"line":80,"column":9}},{"start":{},"end":{}}],"line":78},"11":{"loc":{"start":{"line":78,"column":12},"end":{"line":78,"column":53}},"type":"binary-expr","locations":[{"start":{"line":78,"column":12},"end":{"line":78,"column":37}},{"start":{"line":78,"column":41},"end":{"line":78,"column":53}}],"line":78},"12":{"loc":{"start":{"line":84,"column":4},"end":{"line":86,"column":5}},"type":"if","locations":[{"start":{"line":84,"column":4},"end":{"line":86,"column":5}},{"start":{},"end":{}}],"line":84},"13":{"loc":{"start":{"line":84,"column":8},"end":{"line":84,"column":51}},"type":"binary-expr","locations":[{"start":{"line":84,"column":8},"end":{"line":84,"column":34}},{"start":{"line":84,"column":38},"end":{"line":84,"column":51}}],"line":84},"14":{"loc":{"start":{"line":92,"column":8},"end":{"line":92,"column":32}},"type":"binary-expr","locations":[{"start":{"line":92,"column":8},"end":{"line":92,"column":26}},{"start":{"line":92,"column":30},"end":{"line":92,"column":32}}],"line":92},"15":{"loc":{"start":{"line":106,"column":22},"end":{"line":106,"column":39}},"type":"default-arg","locations":[{"start":{"line":106,"column":29},"end":{"line":106,"column":39}}],"line":106},"16":{"loc":{"start":{"line":114,"column":2},"end":{"line":114,"column":19}},"type":"default-arg","locations":[{"start":{"line":114,"column":12},"end":{"line":114,"column":19}}],"line":114},"17":{"loc":{"start":{"line":115,"column":2},"end":{"line":115,"column":19}},"type":"default-arg","locations":[{"start":{"line":115,"column":9},"end":{"line":115,"column":19}}],"line":115},"18":{"loc":{"start":{"line":117,"column":2},"end":{"line":119,"column":3}},"type":"if","locations":[{"start":{"line":117,"column":2},"end":{"line":119,"column":3}},{"start":{},"end":{}}],"line":117},"19":{"loc":{"start":{"line":123,"column":9},"end":{"line":123,"column":32}},"type":"binary-expr","locations":[{"start":{"line":123,"column":9},"end":{"line":123,"column":24}},{"start":{"line":123,"column":28},"end":{"line":123,"column":32}}],"line":123},"20":{"loc":{"start":{"line":126,"column":52},"end":{"line":126,"column":69}},"type":"default-arg","locations":[{"start":{"line":126,"column":62},"end":{"line":126,"column":69}}],"line":126},"21":{"loc":{"start":{"line":130,"column":21},"end":{"line":130,"column":40}},"type":"binary-expr","locations":[{"start":{"line":130,"column":21},"end":{"line":130,"column":34}},{"start":{"line":130,"column":38},"end":{"line":130,"column":40}}],"line":130},"22":{"loc":{"start":{"line":130,"column":56},"end":{"line":130,"column":75}},"type":"binary-expr","locations":[{"start":{"line":130,"column":56},"end":{"line":130,"column":69}},{"start":{"line":130,"column":73},"end":{"line":130,"column":75}}],"line":130},"23":{"loc":{"start":{"line":132,"column":17},"end":{"line":132,"column":76}},"type":"binary-expr","locations":[{"start":{"line":132,"column":17},"end":{"line":132,"column":45}},{"start":{"line":132,"column":49},"end":{"line":132,"column":76}}],"line":132},"24":{"loc":{"start":{"line":136,"column":29},"end":{"line":138,"column":15}},"type":"cond-expr","locations":[{"start":{"line":137,"column":6},"end":{"line":137,"column":63}},{"start":{"line":138,"column":6},"end":{"line":138,"column":15}}],"line":136},"25":{"loc":{"start":{"line":140,"column":14},"end":{"line":140,"column":40}},"type":"cond-expr","locations":[{"start":{"line":140,"column":25},"end":{"line":140,"column":35}},{"start":{"line":140,"column":38},"end":{"line":140,"column":40}}],"line":140},"26":{"loc":{"start":{"line":144,"column":10},"end":{"line":144,"column":29}},"type":"binary-expr","locations":[{"start":{"line":144,"column":10},"end":{"line":144,"column":23}},{"start":{"line":144,"column":27},"end":{"line":144,"column":29}}],"line":144},"27":{"loc":{"start":{"line":144,"column":45},"end":{"line":144,"column":64}},"type":"binary-expr","locations":[{"start":{"line":144,"column":45},"end":{"line":144,"column":58}},{"start":{"line":144,"column":62},"end":{"line":144,"column":64}}],"line":144},"28":{"loc":{"start":{"line":162,"column":18},"end":{"line":162,"column":44}},"type":"binary-expr","locations":[{"start":{"line":162,"column":18},"end":{"line":162,"column":33}},{"start":{"line":162,"column":37},"end":{"line":162,"column":44}}],"line":162},"29":{"loc":{"start":{"line":163,"column":19},"end":{"line":163,"column":62}},"type":"binary-expr","locations":[{"start":{"line":163,"column":19},"end":{"line":163,"column":35}},{"start":{"line":163,"column":39},"end":{"line":163,"column":62}}],"line":163},"30":{"loc":{"start":{"line":164,"column":23},"end":{"line":164,"column":74}},"type":"binary-expr","locations":[{"start":{"line":164,"column":23},"end":{"line":164,"column":43}},{"start":{"line":164,"column":47},"end":{"line":164,"column":74}}],"line":164},"31":{"loc":{"start":{"line":177,"column":4},"end":{"line":184,"column":33}},"type":"cond-expr","locations":[{"start":{"line":178,"column":8},"end":{"line":178,"column":10}},{"start":{"line":179,"column":8},"end":{"line":184,"column":33}}],"line":177},"32":{"loc":{"start":{"line":177,"column":4},"end":{"line":177,"column":62}},"type":"binary-expr","locations":[{"start":{"line":177,"column":4},"end":{"line":177,"column":16}},{"start":{"line":177,"column":20},"end":{"line":177,"column":62}}],"line":177},"33":{"loc":{"start":{"line":181,"column":25},"end":{"line":181,"column":99}},"type":"binary-expr","locations":[{"start":{"line":181,"column":25},"end":{"line":181,"column":71}},{"start":{"line":181,"column":75},"end":{"line":181,"column":99}}],"line":181},"34":{"loc":{"start":{"line":186,"column":14},"end":{"line":186,"column":40}},"type":"cond-expr","locations":[{"start":{"line":186,"column":25},"end":{"line":186,"column":35}},{"start":{"line":186,"column":38},"end":{"line":186,"column":40}}],"line":186}},"s":{"0":2,"1":2,"2":2,"3":2,"4":2,"5":16,"6":1,"7":18,"8":16,"9":32,"10":32,"11":32,"12":30,"13":32,"14":32,"15":2,"16":2,"17":0,"18":2,"19":2,"20":0,"21":31,"22":31,"23":1,"24":1,"25":1,"26":1,"27":1,"28":1,"29":1,"30":1,"31":1,"32":1,"33":1,"34":1,"35":1,"36":7,"37":7,"38":7,"39":42,"40":7,"41":7,"42":7,"43":7,"44":8,"45":1,"46":7,"47":7,"48":7,"49":1,"50":1,"51":1,"52":1,"53":4,"54":1,"55":1,"56":2,"57":1,"58":9,"59":3,"60":3,"61":3,"62":3,"63":3,"64":3,"65":14,"66":3,"67":6,"68":3,"69":14,"70":3},"f":{"0":16,"1":1,"2":18,"3":16,"4":32,"5":32,"6":32,"7":31,"8":1,"9":7,"10":7,"11":8,"12":1,"13":1,"14":4,"15":2,"16":9,"17":3,"18":14,"19":6,"20":14},"b":{"0":[18,4],"1":[16,8,1],"2":[32,0],"3":[30,2],"4":[32,32],"5":[0,2],"6":[2,0],"7":[2,0],"8":[1,0],"9":[1,0],"10":[1,0],"11":[1,1],"12":[1,0],"13":[1,1],"14":[1,0],"15":[0],"16":[0],"17":[4],"18":[1,7],"19":[7,0],"20":[0],"21":[1,0],"22":[1,0],"23":[4,2],"24":[1,0],"25":[1,0],"26":[9,0],"27":[9,0],"28":[3,0],"29":[3,2],"30":[3,2],"31":[0,3],"32":[3,3],"33":[14,5],"34":[3,0]},"_coverageSchema":"1a1c01bbd47fc00a2c39e90264f33305004495a9","hash":"332f06d933467587bff43ece1b9b860f8505488d"}
,"/Users/olumide/Documents/projects/softlyft/caremate-ecosystem/caremate-mobile/src/domains/emergency/constants.ts": {"path":"/Users/olumide/Documents/projects/softlyft/caremate-ecosystem/caremate-mobile/src/domains/emergency/constants.ts","statementMap":{"0":{"start":{"line":1,"column":28},"end":{"line":1,"column":87}},"1":{"start":{"line":3,"column":25},"end":{"line":3,"column":64}},"2":{"start":{"line":9,"column":16},"end":{"line":9,"column":60}},"3":{"start":{"line":10,"column":2},"end":{"line":13,"column":4}},"4":{"start":{"line":17,"column":2},"end":{"line":17,"column":71}}},"fnMap":{"0":{"name":"splitFullName","decl":{"start":{"line":8,"column":16},"end":{"line":8,"column":29}},"loc":{"start":{"line":8,"column":89},"end":{"line":14,"column":1}},"line":8},"1":{"name":"joinFullName","decl":{"start":{"line":16,"column":16},"end":{"line":16,"column":28}},"loc":{"start":{"line":16,"column":74},"end":{"line":18,"column":1}},"line":16}},"branchMap":{"0":{"loc":{"start":{"line":11,"column":15},"end":{"line":11,"column":29}},"type":"binary-expr","locations":[{"start":{"line":11,"column":15},"end":{"line":11,"column":23}},{"start":{"line":11,"column":27},"end":{"line":11,"column":29}}],"line":11}},"s":{"0":1,"1":1,"2":2,"3":2,"4":2},"f":{"0":2,"1":2},"b":{"0":[2,1]},"_coverageSchema":"1a1c01bbd47fc00a2c39e90264f33305004495a9","hash":"9c85bdf3d76435e272b0a431b404cee326918a0d"}
,"/Users/olumide/Documents/projects/softlyft/caremate-ecosystem/caremate-mobile/src/domains/emergency/lock-surface.ts": {"path":"/Users/olumide/Documents/projects/softlyft/caremate-ecosystem/caremate-mobile/src/domains/emergency/lock-surface.ts","statementMap":{"0":{"start":{"line":7,"column":21},"end":{"line":7,"column":55}},"1":{"start":{"line":8,"column":20},"end":{"line":8,"column":53}},"2":{"start":{"line":14,"column":46},"end":{"line":24,"column":1}},"3":{"start":{"line":27,"column":2},"end":{"line":27,"column":29}},"4":{"start":{"line":33,"column":2},"end":{"line":35,"column":3}},"5":{"start":{"line":34,"column":4},"end":{"line":34,"column":70}},"6":{"start":{"line":37,"column":18},"end":{"line":37,"column":59}},"7":{"start":{"line":38,"column":20},"end":{"line":38,"column":60}},"8":{"start":{"line":40,"column":2},"end":{"line":50,"column":4}},"9":{"start":{"line":54,"column":16},"end":{"line":54,"column":55}},"10":{"start":{"line":56,"column":2},"end":{"line":56,"column":27}},"11":{"start":{"line":60,"column":2},"end":{"line":60,"column":70}},"12":{"start":{"line":64,"column":14},"end":{"line":64,"column":54}},"13":{"start":{"line":65,"column":2},"end":{"line":67,"column":3}},"14":{"start":{"line":66,"column":4},"end":{"line":66,"column":26}},"15":{"start":{"line":68,"column":2},"end":{"line":72,"column":3}},"16":{"start":{"line":69,"column":4},"end":{"line":69,"column":80}},"17":{"start":{"line":71,"column":4},"end":{"line":71,"column":26}},"18":{"start":{"line":76,"column":2},"end":{"line":76,"column":69}},"19":{"start":{"line":80,"column":2},"end":{"line":82,"column":3}},"20":{"start":{"line":81,"column":4},"end":{"line":81,"column":11}},"21":{"start":{"line":84,"column":46},"end":{"line":84,"column":54}},"22":{"start":{"line":86,"column":2},"end":{"line":97,"column":3}},"23":{"start":{"line":87,"column":4},"end":{"line":91,"column":5}},"24":{"start":{"line":88,"column":47},"end":{"line":88,"column":84}},"25":{"start":{"line":89,"column":6},"end":{"line":89,"column":48}},"26":{"start":{"line":90,"column":6},"end":{"line":90,"column":13}},"27":{"start":{"line":93,"column":32},"end":{"line":93,"column":87}},"28":{"start":{"line":94,"column":4},"end":{"line":94,"column":46}},"29":{"start":{"line":102,"column":18},"end":{"line":102,"column":55}},"30":{"start":{"line":103,"column":19},"end":{"line":105,"column":64}},"31":{"start":{"line":107,"column":2},"end":{"line":107,"column":45}},"32":{"start":{"line":108,"column":2},"end":{"line":108,"column":37}}},"fnMap":{"0":{"name":"primaryContact","decl":{"start":{"line":26,"column":9},"end":{"line":26,"column":23}},"loc":{"start":{"line":26,"column":79},"end":{"line":28,"column":1}},"line":26},"1":{"name":"buildEmergencyLockSnapshot","decl":{"start":{"line":30,"column":16},"end":{"line":30,"column":42}},"loc":{"start":{"line":32,"column":25},"end":{"line":51,"column":1}},"line":32},"2":{"name":"isEmergencyLockSurfaceEnabled","decl":{"start":{"line":53,"column":22},"end":{"line":53,"column":51}},"loc":{"start":{"line":53,"column":72},"end":{"line":57,"column":1}},"line":53},"3":{"name":"setEmergencyLockSurfaceEnabled","decl":{"start":{"line":59,"column":22},"end":{"line":59,"column":52}},"loc":{"start":{"line":59,"column":86},"end":{"line":61,"column":1}},"line":59},"4":{"name":"readEmergencyLockSnapshot","decl":{"start":{"line":63,"column":22},"end":{"line":63,"column":47}},"loc":{"start":{"line":63,"column":82},"end":{"line":73,"column":1}},"line":63},"5":{"name":"writeEmergencyLockSnapshot","decl":{"start":{"line":75,"column":15},"end":{"line":75,"column":41}},"loc":{"start":{"line":75,"column":90},"end":{"line":77,"column":1}},"line":75},"6":{"name":"updateNativeWidget","decl":{"start":{"line":79,"column":15},"end":{"line":79,"column":33}},"loc":{"start":{"line":79,"column":82},"end":{"line":98,"column":1}},"line":79},"7":{"name":"syncEmergencyLockSurface","decl":{"start":{"line":101,"column":22},"end":{"line":101,"column":46}},"loc":{"start":{"line":101,"column":96},"end":{"line":109,"column":1}},"line":101}},"branchMap":{"0":{"loc":{"start":{"line":27,"column":9},"end":{"line":27,"column":28}},"type":"binary-expr","locations":[{"start":{"line":27,"column":9},"end":{"line":27,"column":20}},{"start":{"line":27,"column":24},"end":{"line":27,"column":28}}],"line":27},"1":{"loc":{"start":{"line":33,"column":2},"end":{"line":35,"column":3}},"type":"if","locations":[{"start":{"line":33,"column":2},"end":{"line":35,"column":3}},{"start":{},"end":{}}],"line":33},"2":{"loc":{"start":{"line":42,"column":14},"end":{"line":42,"column":56}},"type":"binary-expr","locations":[{"start":{"line":42,"column":14},"end":{"line":42,"column":37}},{"start":{"line":42,"column":41},"end":{"line":42,"column":56}}],"line":42},"3":{"loc":{"start":{"line":43,"column":16},"end":{"line":43,"column":48}},"type":"binary-expr","locations":[{"start":{"line":43,"column":16},"end":{"line":43,"column":42}},{"start":{"line":43,"column":46},"end":{"line":43,"column":48}}],"line":43},"4":{"loc":{"start":{"line":44,"column":14},"end":{"line":44,"column":44}},"type":"binary-expr","locations":[{"start":{"line":44,"column":14},"end":{"line":44,"column":38}},{"start":{"line":44,"column":42},"end":{"line":44,"column":44}}],"line":44},"5":{"loc":{"start":{"line":46,"column":17},"end":{"line":46,"column":43}},"type":"binary-expr","locations":[{"start":{"line":46,"column":17},"end":{"line":46,"column":37}},{"start":{"line":46,"column":41},"end":{"line":46,"column":43}}],"line":46},"6":{"loc":{"start":{"line":47,"column":18},"end":{"line":47,"column":45}},"type":"binary-expr","locations":[{"start":{"line":47,"column":18},"end":{"line":47,"column":39}},{"start":{"line":47,"column":43},"end":{"line":47,"column":45}}],"line":47},"7":{"loc":{"start":{"line":48,"column":25},"end":{"line":48,"column":59}},"type":"binary-expr","locations":[{"start":{"line":48,"column":25},"end":{"line":48,"column":53}},{"start":{"line":48,"column":57},"end":{"line":48,"column":59}}],"line":48},"8":{"loc":{"start":{"line":60,"column":42},"end":{"line":60,"column":68}},"type":"cond-expr","locations":[{"start":{"line":60,"column":52},"end":{"line":60,"column":58}},{"start":{"line":60,"column":61},"end":{"line":60,"column":68}}],"line":60},"9":{"loc":{"start":{"line":65,"column":2},"end":{"line":67,"column":3}},"type":"if","locations":[{"start":{"line":65,"column":2},"end":{"line":67,"column":3}},{"start":{},"end":{}}],"line":65},"10":{"loc":{"start":{"line":80,"column":2},"end":{"line":82,"column":3}},"type":"if","locations":[{"start":{"line":80,"column":2},"end":{"line":82,"column":3}},{"start":{},"end":{}}],"line":80},"11":{"loc":{"start":{"line":87,"column":4},"end":{"line":91,"column":5}},"type":"if","locations":[{"start":{"line":87,"column":4},"end":{"line":91,"column":5}},{"start":{},"end":{}}],"line":87},"12":{"loc":{"start":{"line":103,"column":19},"end":{"line":105,"column":64}},"type":"cond-expr","locations":[{"start":{"line":104,"column":6},"end":{"line":104,"column":41}},{"start":{"line":105,"column":6},"end":{"line":105,"column":64}}],"line":103}},"s":{"0":1,"1":1,"2":1,"3":3,"4":4,"5":1,"6":3,"7":3,"8":3,"9":5,"10":5,"11":3,"12":4,"13":4,"14":1,"15":3,"16":3,"17":1,"18":2,"19":2,"20":0,"21":2,"22":2,"23":2,"24":0,"25":0,"26":0,"27":2,"28":0,"29":2,"30":2,"31":2,"32":2},"f":{"0":3,"1":4,"2":5,"3":3,"4":4,"5":2,"6":2,"7":2},"b":{"0":[3,0],"1":[1,3],"2":[3,1],"3":[3,0],"4":[3,0],"5":[3,0],"6":[3,0],"7":[3,0],"8":[1,2],"9":[1,3],"10":[0,2],"11":[0,2],"12":[1,1]},"_coverageSchema":"1a1c01bbd47fc00a2c39e90264f33305004495a9","hash":"2edcae8de46cb9e9363acb8c1a542d9989faf9bc"}
,"/Users/olumide/Documents/projects/softlyft/caremate-ecosystem/caremate-mobile/src/domains/emergency/validation.ts": {"path":"/Users/olumide/Documents/projects/softlyft/caremate-ecosystem/caremate-mobile/src/domains/emergency/validation.ts","statementMap":{"0":{"start":{"line":7,"column":2},"end":{"line":7,"column":93}},"1":{"start":{"line":12,"column":2},"end":{"line":12,"column":45}}},"fnMap":{"0":{"name":"isCompleteIceContact","decl":{"start":{"line":4,"column":16},"end":{"line":4,"column":36}},"loc":{"start":{"line":6,"column":11},"end":{"line":8,"column":1}},"line":6},"1":{"name":"hasRequiredIceContact","decl":{"start":{"line":11,"column":16},"end":{"line":11,"column":37}},"loc":{"start":{"line":11,"column":77},"end":{"line":13,"column":1}},"line":11}},"branchMap":{"0":{"loc":{"start":{"line":7,"column":17},"end":{"line":7,"column":91}},"type":"binary-expr","locations":[{"start":{"line":7,"column":17},"end":{"line":7,"column":36}},{"start":{"line":7,"column":40},"end":{"line":7,"column":60}},{"start":{"line":7,"column":64},"end":{"line":7,"column":91}}],"line":7}},"s":{"0":4,"1":2},"f":{"0":4,"1":2},"b":{"0":[4,3,2]},"_coverageSchema":"1a1c01bbd47fc00a2c39e90264f33305004495a9","hash":"5f599f7ae2123945ce0e6bae90f470b6c0eb2c7b"}
,"/Users/olumide/Documents/projects/softlyft/caremate-ecosystem/caremate-mobile/src/domains/providers/location.ts": {"path":"/Users/olumide/Documents/projects/softlyft/caremate-ecosystem/caremate-mobile/src/domains/providers/location.ts","statementMap":{"0":{"start":{"line":24,"column":2},"end":{"line":50,"column":3}},"1":{"start":{"line":25,"column":21},"end":{"line":25,"column":46}},"2":{"start":{"line":26,"column":21},"end":{"line":26,"column":96}},"3":{"start":{"line":28,"column":4},"end":{"line":30,"column":5}},"4":{"start":{"line":29,"column":6},"end":{"line":29,"column":50}},"5":{"start":{"line":32,"column":23},"end":{"line":32,"column":73}},"6":{"start":{"line":33,"column":4},"end":{"line":35,"column":5}},"7":{"start":{"line":34,"column":6},"end":{"line":34,"column":50}},"8":{"start":{"line":37,"column":21},"end":{"line":39,"column":6}},"9":{"start":{"line":41,"column":4},"end":{"line":45,"column":6}},"10":{"start":{"line":47,"column":21},"end":{"line":47,"column":64}},"11":{"start":{"line":47,"column":59},"end":{"line":47,"column":63}},"12":{"start":{"line":48,"column":21},"end":{"line":48,"column":98}},"13":{"start":{"line":49,"column":4},"end":{"line":49,"column":48}}},"fnMap":{"0":{"name":"resolveNearbyCoords","decl":{"start":{"line":23,"column":22},"end":{"line":23,"column":41}},"loc":{"start":{"line":23,"column":67},"end":{"line":51,"column":1}},"line":23},"1":{"name":"(anonymous_1)","decl":{"start":{"line":47,"column":53},"end":{"line":47,"column":54}},"loc":{"start":{"line":47,"column":59},"end":{"line":47,"column":63}},"line":47}},"branchMap":{"0":{"loc":{"start":{"line":28,"column":4},"end":{"line":30,"column":5}},"type":"if","locations":[{"start":{"line":28,"column":4},"end":{"line":30,"column":5}},{"start":{},"end":{}}],"line":28},"1":{"loc":{"start":{"line":33,"column":4},"end":{"line":35,"column":5}},"type":"if","locations":[{"start":{"line":33,"column":4},"end":{"line":35,"column":5}},{"start":{},"end":{}}],"line":33}},"s":{"0":5,"1":5,"2":4,"3":4,"4":1,"5":3,"6":3,"7":1,"8":2,"9":1,"10":2,"11":0,"12":2,"13":2},"f":{"0":5,"1":0},"b":{"0":[1,3],"1":[1,2]},"_coverageSchema":"1a1c01bbd47fc00a2c39e90264f33305004495a9","hash":"1c1348b234f6308b06dd8ea9bfc746c63c92b828"}
,"/Users/olumide/Documents/projects/softlyft/caremate-ecosystem/caremate-mobile/src/domains/providers/open-in-maps.ts": {"path":"/Users/olumide/Documents/projects/softlyft/caremate-ecosystem/caremate-mobile/src/domains/providers/open-in-maps.ts","statementMap":{"0":{"start":{"line":11,"column":21},"end":{"line":11,"column":52}},"1":{"start":{"line":13,"column":4},"end":{"line":16,"column":37}},"2":{"start":{"line":17,"column":2},"end":{"line":17,"column":33}},"3":{"start":{"line":25,"column":18},"end":{"line":25,"column":48}},"4":{"start":{"line":26,"column":16},"end":{"line":26,"column":80}},"5":{"start":{"line":28,"column":4},"end":{"line":31,"column":37}},"6":{"start":{"line":33,"column":2},"end":{"line":35,"column":3}},"7":{"start":{"line":34,"column":4},"end":{"line":34,"column":11}},"8":{"start":{"line":37,"column":2},"end":{"line":46,"column":3}},"9":{"start":{"line":38,"column":4},"end":{"line":41,"column":5}},"10":{"start":{"line":39,"column":6},"end":{"line":39,"column":87}},"11":{"start":{"line":40,"column":6},"end":{"line":40,"column":13}},"12":{"start":{"line":42,"column":4},"end":{"line":44,"column":6}},"13":{"start":{"line":45,"column":4},"end":{"line":45,"column":11}},"14":{"start":{"line":48,"column":2},"end":{"line":58,"column":3}},"15":{"start":{"line":50,"column":4},"end":{"line":53,"column":5}},"16":{"start":{"line":51,"column":6},"end":{"line":51,"column":72}},"17":{"start":{"line":52,"column":6},"end":{"line":52,"column":13}},"18":{"start":{"line":54,"column":4},"end":{"line":56,"column":6}},"19":{"start":{"line":57,"column":4},"end":{"line":57,"column":11}},"20":{"start":{"line":60,"column":2},"end":{"line":65,"column":3}},"21":{"start":{"line":61,"column":4},"end":{"line":63,"column":6}},"22":{"start":{"line":64,"column":4},"end":{"line":64,"column":11}},"23":{"start":{"line":67,"column":2},"end":{"line":69,"column":4}}},"fnMap":{"0":{"name":"canOpenInMaps","decl":{"start":{"line":10,"column":16},"end":{"line":10,"column":29}},"loc":{"start":{"line":10,"column":65},"end":{"line":18,"column":1}},"line":10},"1":{"name":"openInExternalMaps","decl":{"start":{"line":24,"column":22},"end":{"line":24,"column":40}},"loc":{"start":{"line":24,"column":82},"end":{"line":70,"column":1}},"line":24}},"branchMap":{"0":{"loc":{"start":{"line":13,"column":4},"end":{"line":16,"column":37}},"type":"binary-expr","locations":[{"start":{"line":13,"column":4},"end":{"line":13,"column":27}},{"start":{"line":14,"column":4},"end":{"line":14,"column":28}},{"start":{"line":15,"column":4},"end":{"line":15,"column":36}},{"start":{"line":16,"column":4},"end":{"line":16,"column":37}}],"line":13},"1":{"loc":{"start":{"line":17,"column":9},"end":{"line":17,"column":32}},"type":"binary-expr","locations":[{"start":{"line":17,"column":9},"end":{"line":17,"column":19}},{"start":{"line":17,"column":23},"end":{"line":17,"column":32}}],"line":17},"2":{"loc":{"start":{"line":25,"column":18},"end":{"line":25,"column":48}},"type":"binary-expr","locations":[{"start":{"line":25,"column":18},"end":{"line":25,"column":40}},{"start":{"line":25,"column":44},"end":{"line":25,"column":48}}],"line":25},"3":{"loc":{"start":{"line":26,"column":17},"end":{"line":26,"column":65}},"type":"binary-expr","locations":[{"start":{"line":26,"column":17},"end":{"line":26,"column":37}},{"start":{"line":26,"column":41},"end":{"line":26,"column":48}},{"start":{"line":26,"column":52},"end":{"line":26,"column":65}}],"line":26},"4":{"loc":{"start":{"line":28,"column":4},"end":{"line":31,"column":37}},"type":"binary-expr","locations":[{"start":{"line":28,"column":4},"end":{"line":28,"column":27}},{"start":{"line":29,"column":4},"end":{"line":29,"column":28}},{"start":{"line":30,"column":4},"end":{"line":30,"column":36}},{"start":{"line":31,"column":4},"end":{"line":31,"column":37}}],"line":28},"5":{"loc":{"start":{"line":33,"column":2},"end":{"line":35,"column":3}},"type":"if","locations":[{"start":{"line":33,"column":2},"end":{"line":35,"column":3}},{"start":{},"end":{}}],"line":33},"6":{"loc":{"start":{"line":33,"column":6},"end":{"line":33,"column":28}},"type":"binary-expr","locations":[{"start":{"line":33,"column":6},"end":{"line":33,"column":14}},{"start":{"line":33,"column":18},"end":{"line":33,"column":28}}],"line":33},"7":{"loc":{"start":{"line":37,"column":2},"end":{"line":46,"column":3}},"type":"if","locations":[{"start":{"line":37,"column":2},"end":{"line":46,"column":3}},{"start":{},"end":{}}],"line":37},"8":{"loc":{"start":{"line":38,"column":4},"end":{"line":41,"column":5}},"type":"if","locations":[{"start":{"line":38,"column":4},"end":{"line":41,"column":5}},{"start":{},"end":{}}],"line":38},"9":{"loc":{"start":{"line":48,"column":2},"end":{"line":58,"column":3}},"type":"if","locations":[{"start":{"line":48,"column":2},"end":{"line":58,"column":3}},{"start":{},"end":{}}],"line":48},"10":{"loc":{"start":{"line":50,"column":4},"end":{"line":53,"column":5}},"type":"if","locations":[{"start":{"line":50,"column":4},"end":{"line":53,"column":5}},{"start":{},"end":{}}],"line":50},"11":{"loc":{"start":{"line":60,"column":2},"end":{"line":65,"column":3}},"type":"if","locations":[{"start":{"line":60,"column":2},"end":{"line":65,"column":3}},{"start":{},"end":{}}],"line":60}},"s":{"0":4,"1":4,"2":4,"3":7,"4":7,"5":7,"6":7,"7":1,"8":6,"9":2,"10":1,"11":1,"12":1,"13":1,"14":4,"15":2,"16":1,"17":1,"18":1,"19":1,"20":2,"21":1,"22":1,"23":1},"f":{"0":4,"1":7},"b":{"0":[4,2,2,1],"1":[4,3],"2":[7,4],"3":[7,5,2],"4":[7,3,3,3],"5":[1,6],"6":[7,4],"7":[2,4],"8":[1,1],"9":[2,2],"10":[1,1],"11":[1,1]},"_coverageSchema":"1a1c01bbd47fc00a2c39e90264f33305004495a9","hash":"5dd10c3f8590086d1a6e5593137c71c010370ed9"}
,"/Users/olumide/Documents/projects/softlyft/caremate-ecosystem/caremate-mobile/src/domains/providers/types.ts": {"path":"/Users/olumide/Documents/projects/softlyft/caremate-ecosystem/caremate-mobile/src/domains/providers/types.ts","statementMap":{"0":{"start":{"line":7,"column":30},"end":{"line":18,"column":10}},"1":{"start":{"line":23,"column":38},"end":{"line":31,"column":44}},"2":{"start":{"line":35,"column":66},"end":{"line":45,"column":1}},"3":{"start":{"line":48,"column":2},"end":{"line":48,"column":63}},"4":{"start":{"line":52,"column":2},"end":{"line":54,"column":3}},"5":{"start":{"line":53,"column":4},"end":{"line":53,"column":38}},"6":{"start":{"line":55,"column":2},"end":{"line":55,"column":33}}},"fnMap":{"0":{"name":"isProviderType","decl":{"start":{"line":47,"column":16},"end":{"line":47,"column":30}},"loc":{"start":{"line":47,"column":69},"end":{"line":49,"column":1}},"line":47},"1":{"name":"formatProviderType","decl":{"start":{"line":51,"column":16},"end":{"line":51,"column":34}},"loc":{"start":{"line":51,"column":57},"end":{"line":56,"column":1}},"line":51}},"branchMap":{"0":{"loc":{"start":{"line":52,"column":2},"end":{"line":54,"column":3}},"type":"if","locations":[{"start":{"line":52,"column":2},"end":{"line":54,"column":3}},{"start":{},"end":{}}],"line":52}},"s":{"0":1,"1":1,"2":1,"3":13,"4":2,"5":1,"6":1},"f":{"0":13,"1":2},"b":{"0":[1,1]},"_coverageSchema":"1a1c01bbd47fc00a2c39e90264f33305004495a9","hash":"f74a47a963083dcdf13998aad39109b3f6b8c65f"}
,"/Users/olumide/Documents/projects/softlyft/caremate-ecosystem/caremate-mobile/src/domains/providers/utils/fhir-providers.ts": {"path":"/Users/olumide/Documents/projects/softlyft/caremate-ecosystem/caremate-mobile/src/domains/providers/utils/fhir-providers.ts","statementMap":{"0":{"start":{"line":5,"column":29},"end":{"line":5,"column":81}},"1":{"start":{"line":6,"column":30},"end":{"line":6,"column":89}},"2":{"start":{"line":7,"column":29},"end":{"line":7,"column":96}},"3":{"start":{"line":9,"column":28},"end":{"line":9,"column":93}},"4":{"start":{"line":95,"column":2},"end":{"line":95,"column":80}},"5":{"start":{"line":95,"column":33},"end":{"line":95,"column":55}},"6":{"start":{"line":99,"column":2},"end":{"line":101,"column":3}},"7":{"start":{"line":100,"column":4},"end":{"line":100,"column":16}},"8":{"start":{"line":102,"column":2},"end":{"line":104,"column":3}},"9":{"start":{"line":103,"column":4},"end":{"line":103,"column":31}},"10":{"start":{"line":106,"column":16},"end":{"line":112,"column":59}},"11":{"start":{"line":112,"column":37},"end":{"line":112,"column":58}},"12":{"start":{"line":114,"column":2},"end":{"line":114,"column":52}},"13":{"start":{"line":118,"column":2},"end":{"line":124,"column":3}},"14":{"start":{"line":119,"column":4},"end":{"line":123,"column":5}},"15":{"start":{"line":120,"column":6},"end":{"line":122,"column":7}},"16":{"start":{"line":121,"column":8},"end":{"line":121,"column":27}},"17":{"start":{"line":126,"column":15},"end":{"line":126,"column":64}},"18":{"start":{"line":127,"column":2},"end":{"line":127,"column":51}},"19":{"start":{"line":127,"column":33},"end":{"line":127,"column":51}},"20":{"start":{"line":128,"column":2},"end":{"line":128,"column":47}},"21":{"start":{"line":128,"column":31},"end":{"line":128,"column":47}},"22":{"start":{"line":129,"column":2},"end":{"line":129,"column":51}},"23":{"start":{"line":129,"column":33},"end":{"line":129,"column":51}},"24":{"start":{"line":130,"column":2},"end":{"line":130,"column":48}},"25":{"start":{"line":130,"column":28},"end":{"line":130,"column":48}},"26":{"start":{"line":131,"column":2},"end":{"line":131,"column":79}},"27":{"start":{"line":131,"column":57},"end":{"line":131,"column":79}},"28":{"start":{"line":132,"column":2},"end":{"line":132,"column":76}},"29":{"start":{"line":132,"column":59},"end":{"line":132,"column":76}},"30":{"start":{"line":133,"column":2},"end":{"line":133,"column":54}},"31":{"start":{"line":133,"column":31},"end":{"line":133,"column":54}},"32":{"start":{"line":134,"column":2},"end":{"line":134,"column":53}},"33":{"start":{"line":134,"column":34},"end":{"line":134,"column":53}},"34":{"start":{"line":135,"column":2},"end":{"line":135,"column":50}},"35":{"start":{"line":135,"column":30},"end":{"line":135,"column":50}},"36":{"start":{"line":137,"column":2},"end":{"line":137,"column":18}},"37":{"start":{"line":141,"column":20},"end":{"line":141,"column":93}},"38":{"start":{"line":141,"column":59},"end":{"line":141,"column":92}},"39":{"start":{"line":142,"column":2},"end":{"line":151,"column":3}},"40":{"start":{"line":143,"column":4},"end":{"line":150,"column":5}},"41":{"start":{"line":144,"column":21},"end":{"line":144,"column":65}},"42":{"start":{"line":145,"column":6},"end":{"line":147,"column":7}},"43":{"start":{"line":146,"column":8},"end":{"line":146,"column":49}},"44":{"start":{"line":149,"column":6},"end":{"line":149,"column":16}},"45":{"start":{"line":152,"column":2},"end":{"line":152,"column":12}},"46":{"start":{"line":156,"column":20},"end":{"line":156,"column":90}},"47":{"start":{"line":156,"column":55},"end":{"line":156,"column":89}},"48":{"start":{"line":157,"column":2},"end":{"line":157,"column":85}},"49":{"start":{"line":161,"column":2},"end":{"line":163,"column":3}},"50":{"start":{"line":162,"column":4},"end":{"line":162,"column":16}},"51":{"start":{"line":164,"column":16},"end":{"line":164,"column":55}},"52":{"start":{"line":165,"column":2},"end":{"line":165,"column":28}},"53":{"start":{"line":172,"column":24},"end":{"line":172,"column":59}},"54":{"start":{"line":173,"column":36},"end":{"line":173,"column":38}},"55":{"start":{"line":175,"column":2},"end":{"line":186,"column":3}},"56":{"start":{"line":176,"column":21},"end":{"line":176,"column":35}},"57":{"start":{"line":177,"column":4},"end":{"line":179,"column":5}},"58":{"start":{"line":178,"column":6},"end":{"line":178,"column":15}},"59":{"start":{"line":180,"column":4},"end":{"line":182,"column":5}},"60":{"start":{"line":181,"column":6},"end":{"line":181,"column":67}},"61":{"start":{"line":183,"column":4},"end":{"line":185,"column":5}},"62":{"start":{"line":184,"column":6},"end":{"line":184,"column":47}},"63":{"start":{"line":188,"column":36},"end":{"line":188,"column":38}},"64":{"start":{"line":190,"column":2},"end":{"line":223,"column":3}},"65":{"start":{"line":191,"column":27},"end":{"line":191,"column":96}},"66":{"start":{"line":192,"column":25},"end":{"line":192,"column":87}},"67":{"start":{"line":193,"column":4},"end":{"line":195,"column":5}},"68":{"start":{"line":194,"column":6},"end":{"line":194,"column":15}},"69":{"start":{"line":196,"column":4},"end":{"line":198,"column":5}},"70":{"start":{"line":197,"column":6},"end":{"line":197,"column":15}},"71":{"start":{"line":199,"column":4},"end":{"line":201,"column":5}},"72":{"start":{"line":200,"column":6},"end":{"line":200,"column":15}},"73":{"start":{"line":203,"column":20},"end":{"line":203,"column":86}},"74":{"start":{"line":204,"column":20},"end":{"line":204,"column":95}},"75":{"start":{"line":206,"column":4},"end":{"line":222,"column":7}},"76":{"start":{"line":225,"column":2},"end":{"line":225,"column":19}},"77":{"start":{"line":229,"column":2},"end":{"line":229,"column":33}},"78":{"start":{"line":233,"column":2},"end":{"line":233,"column":29}}},"fnMap":{"0":{"name":"telecomValue","decl":{"start":{"line":94,"column":9},"end":{"line":94,"column":21}},"loc":{"start":{"line":94,"column":94},"end":{"line":96,"column":1}},"line":94},"1":{"name":"(anonymous_1)","decl":{"start":{"line":95,"column":23},"end":{"line":95,"column":24}},"loc":{"start":{"line":95,"column":33},"end":{"line":95,"column":55}},"line":95},"2":{"name":"formatAddress","decl":{"start":{"line":98,"column":9},"end":{"line":98,"column":22}},"loc":{"start":{"line":98,"column":68},"end":{"line":115,"column":1}},"line":98},"3":{"name":"(anonymous_3)","decl":{"start":{"line":112,"column":11},"end":{"line":112,"column":12}},"loc":{"start":{"line":112,"column":37},"end":{"line":112,"column":58}},"line":112},"4":{"name":"resolveProviderType","decl":{"start":{"line":117,"column":9},"end":{"line":117,"column":28}},"loc":{"start":{"line":117,"column":75},"end":{"line":138,"column":1}},"line":117},"5":{"name":"attributesFromOrganization","decl":{"start":{"line":140,"column":9},"end":{"line":140,"column":35}},"loc":{"start":{"line":140,"column":93},"end":{"line":153,"column":1}},"line":140},"6":{"name":"(anonymous_6)","decl":{"start":{"line":141,"column":49},"end":{"line":141,"column":50}},"loc":{"start":{"line":141,"column":59},"end":{"line":141,"column":92}},"line":141},"7":{"name":"distanceKmFromLocation","decl":{"start":{"line":155,"column":9},"end":{"line":155,"column":31}},"loc":{"start":{"line":155,"column":71},"end":{"line":158,"column":1}},"line":155},"8":{"name":"(anonymous_8)","decl":{"start":{"line":156,"column":45},"end":{"line":156,"column":46}},"loc":{"start":{"line":156,"column":55},"end":{"line":156,"column":89}},"line":156},"9":{"name":"organizationIdFromReference","decl":{"start":{"line":160,"column":9},"end":{"line":160,"column":36}},"loc":{"start":{"line":160,"column":72},"end":{"line":166,"column":1}},"line":160},"10":{"name":"mapFhirProviderBundle","decl":{"start":{"line":169,"column":16},"end":{"line":169,"column":37}},"loc":{"start":{"line":171,"column":18},"end":{"line":226,"column":1}},"line":171},"11":{"name":"getProviderSeeds","decl":{"start":{"line":228,"column":16},"end":{"line":228,"column":32}},"loc":{"start":{"line":228,"column":51},"end":{"line":230,"column":1}},"line":228},"12":{"name":"getLegacyProviderIds","decl":{"start":{"line":232,"column":16},"end":{"line":232,"column":36}},"loc":{"start":{"line":232,"column":58},"end":{"line":234,"column":1}},"line":232}},"branchMap":{"0":{"loc":{"start":{"line":95,"column":9},"end":{"line":95,"column":79}},"type":"binary-expr","locations":[{"start":{"line":95,"column":9},"end":{"line":95,"column":71}},{"start":{"line":95,"column":75},"end":{"line":95,"column":79}}],"line":95},"1":{"loc":{"start":{"line":99,"column":2},"end":{"line":101,"column":3}},"type":"if","locations":[{"start":{"line":99,"column":2},"end":{"line":101,"column":3}},{"start":{},"end":{}}],"line":99},"2":{"loc":{"start":{"line":102,"column":2},"end":{"line":104,"column":3}},"type":"if","locations":[{"start":{"line":102,"column":2},"end":{"line":104,"column":3}},{"start":{},"end":{}}],"line":102},"3":{"loc":{"start":{"line":107,"column":8},"end":{"line":107,"column":26}},"type":"binary-expr","locations":[{"start":{"line":107,"column":8},"end":{"line":107,"column":20}},{"start":{"line":107,"column":24},"end":{"line":107,"column":26}}],"line":107},"4":{"loc":{"start":{"line":114,"column":9},"end":{"line":114,"column":51}},"type":"cond-expr","locations":[{"start":{"line":114,"column":28},"end":{"line":114,"column":44}},{"start":{"line":114,"column":47},"end":{"line":114,"column":51}}],"line":114},"5":{"loc":{"start":{"line":118,"column":24},"end":{"line":118,"column":47}},"type":"binary-expr","locations":[{"start":{"line":118,"column":24},"end":{"line":118,"column":41}},{"start":{"line":118,"column":45},"end":{"line":118,"column":47}}],"line":118},"6":{"loc":{"start":{"line":119,"column":25},"end":{"line":119,"column":45}},"type":"binary-expr","locations":[{"start":{"line":119,"column":25},"end":{"line":119,"column":39}},{"start":{"line":119,"column":43},"end":{"line":119,"column":45}}],"line":119},"7":{"loc":{"start":{"line":120,"column":6},"end":{"line":122,"column":7}},"type":"if","locations":[{"start":{"line":120,"column":6},"end":{"line":122,"column":7}},{"start":{},"end":{}}],"line":120},"8":{"loc":{"start":{"line":120,"column":10},"end":{"line":120,"column":94}},"type":"binary-expr","locations":[{"start":{"line":120,"column":10},"end":{"line":120,"column":48}},{"start":{"line":120,"column":52},"end":{"line":120,"column":63}},{"start":{"line":120,"column":67},"end":{"line":120,"column":94}}],"line":120},"9":{"loc":{"start":{"line":126,"column":15},"end":{"line":126,"column":64}},"type":"binary-expr","locations":[{"start":{"line":126,"column":15},"end":{"line":126,"column":58}},{"start":{"line":126,"column":62},"end":{"line":126,"column":64}}],"line":126},"10":{"loc":{"start":{"line":127,"column":2},"end":{"line":127,"column":51}},"type":"if","locations":[{"start":{"line":127,"column":2},"end":{"line":127,"column":51}},{"start":{},"end":{}}],"line":127},"11":{"loc":{"start":{"line":128,"column":2},"end":{"line":128,"column":47}},"type":"if","locations":[{"start":{"line":128,"column":2},"end":{"line":128,"column":47}},{"start":{},"end":{}}],"line":128},"12":{"loc":{"start":{"line":129,"column":2},"end":{"line":129,"column":51}},"type":"if","locations":[{"start":{"line":129,"column":2},"end":{"line":129,"column":51}},{"start":{},"end":{}}],"line":129},"13":{"loc":{"start":{"line":130,"column":2},"end":{"line":130,"column":48}},"type":"if","locations":[{"start":{"line":130,"column":2},"end":{"line":130,"column":48}},{"start":{},"end":{}}],"line":130},"14":{"loc":{"start":{"line":131,"column":2},"end":{"line":131,"column":79}},"type":"if","locations":[{"start":{"line":131,"column":2},"end":{"line":131,"column":79}},{"start":{},"end":{}}],"line":131},"15":{"loc":{"start":{"line":131,"column":6},"end":{"line":131,"column":55}},"type":"binary-expr","locations":[{"start":{"line":131,"column":6},"end":{"line":131,"column":27}},{"start":{"line":131,"column":31},"end":{"line":131,"column":55}}],"line":131},"16":{"loc":{"start":{"line":132,"column":2},"end":{"line":132,"column":76}},"type":"if","locations":[{"start":{"line":132,"column":2},"end":{"line":132,"column":76}},{"start":{},"end":{}}],"line":132},"17":{"loc":{"start":{"line":132,"column":6},"end":{"line":132,"column":57}},"type":"binary-expr","locations":[{"start":{"line":132,"column":6},"end":{"line":132,"column":29}},{"start":{"line":132,"column":33},"end":{"line":132,"column":57}}],"line":132},"18":{"loc":{"start":{"line":133,"column":2},"end":{"line":133,"column":54}},"type":"if","locations":[{"start":{"line":133,"column":2},"end":{"line":133,"column":54}},{"start":{},"end":{}}],"line":133},"19":{"loc":{"start":{"line":134,"column":2},"end":{"line":134,"column":53}},"type":"if","locations":[{"start":{"line":134,"column":2},"end":{"line":134,"column":53}},{"start":{},"end":{}}],"line":134},"20":{"loc":{"start":{"line":135,"column":2},"end":{"line":135,"column":50}},"type":"if","locations":[{"start":{"line":135,"column":2},"end":{"line":135,"column":50}},{"start":{},"end":{}}],"line":135},"21":{"loc":{"start":{"line":142,"column":2},"end":{"line":151,"column":3}},"type":"if","locations":[{"start":{"line":142,"column":2},"end":{"line":151,"column":3}},{"start":{},"end":{}}],"line":142},"22":{"loc":{"start":{"line":142,"column":6},"end":{"line":142,"column":80}},"type":"binary-expr","locations":[{"start":{"line":142,"column":6},"end":{"line":142,"column":48}},{"start":{"line":142,"column":52},"end":{"line":142,"column":80}}],"line":142},"23":{"loc":{"start":{"line":145,"column":6},"end":{"line":147,"column":7}},"type":"if","locations":[{"start":{"line":145,"column":6},"end":{"line":147,"column":7}},{"start":{},"end":{}}],"line":145},"24":{"loc":{"start":{"line":145,"column":10},"end":{"line":145,"column":72}},"type":"binary-expr","locations":[{"start":{"line":145,"column":10},"end":{"line":145,"column":16}},{"start":{"line":145,"column":20},"end":{"line":145,"column":46}},{"start":{"line":145,"column":50},"end":{"line":145,"column":72}}],"line":145},"25":{"loc":{"start":{"line":157,"column":9},"end":{"line":157,"column":84}},"type":"cond-expr","locations":[{"start":{"line":157,"column":55},"end":{"line":157,"column":77}},{"start":{"line":157,"column":80},"end":{"line":157,"column":84}}],"line":157},"26":{"loc":{"start":{"line":161,"column":2},"end":{"line":163,"column":3}},"type":"if","locations":[{"start":{"line":161,"column":2},"end":{"line":163,"column":3}},{"start":{},"end":{}}],"line":161},"27":{"loc":{"start":{"line":165,"column":9},"end":{"line":165,"column":27}},"type":"binary-expr","locations":[{"start":{"line":165,"column":9},"end":{"line":165,"column":19}},{"start":{"line":165,"column":23},"end":{"line":165,"column":27}}],"line":165},"28":{"loc":{"start":{"line":170,"column":2},"end":{"line":170,"column":52}},"type":"default-arg","locations":[{"start":{"line":170,"column":23},"end":{"line":170,"column":52}}],"line":170},"29":{"loc":{"start":{"line":175,"column":22},"end":{"line":175,"column":40}},"type":"binary-expr","locations":[{"start":{"line":175,"column":22},"end":{"line":175,"column":34}},{"start":{"line":175,"column":38},"end":{"line":175,"column":40}}],"line":175},"30":{"loc":{"start":{"line":177,"column":4},"end":{"line":179,"column":5}},"type":"if","locations":[{"start":{"line":177,"column":4},"end":{"line":179,"column":5}},{"start":{},"end":{}}],"line":177},"31":{"loc":{"start":{"line":180,"column":4},"end":{"line":182,"column":5}},"type":"if","locations":[{"start":{"line":180,"column":4},"end":{"line":182,"column":5}},{"start":{},"end":{}}],"line":180},"32":{"loc":{"start":{"line":183,"column":4},"end":{"line":185,"column":5}},"type":"if","locations":[{"start":{"line":183,"column":4},"end":{"line":185,"column":5}},{"start":{},"end":{}}],"line":183},"33":{"loc":{"start":{"line":192,"column":25},"end":{"line":192,"column":87}},"type":"cond-expr","locations":[{"start":{"line":192,"column":42},"end":{"line":192,"column":75}},{"start":{"line":192,"column":78},"end":{"line":192,"column":87}}],"line":192},"34":{"loc":{"start":{"line":193,"column":4},"end":{"line":195,"column":5}},"type":"if","locations":[{"start":{"line":193,"column":4},"end":{"line":195,"column":5}},{"start":{},"end":{}}],"line":193},"35":{"loc":{"start":{"line":193,"column":8},"end":{"line":193,"column":58}},"type":"binary-expr","locations":[{"start":{"line":193,"column":8},"end":{"line":193,"column":25}},{"start":{"line":193,"column":29},"end":{"line":193,"column":58}}],"line":193},"36":{"loc":{"start":{"line":196,"column":4},"end":{"line":198,"column":5}},"type":"if","locations":[{"start":{"line":196,"column":4},"end":{"line":198,"column":5}},{"start":{},"end":{}}],"line":196},"37":{"loc":{"start":{"line":199,"column":4},"end":{"line":201,"column":5}},"type":"if","locations":[{"start":{"line":199,"column":4},"end":{"line":201,"column":5}},{"start":{},"end":{}}],"line":199},"38":{"loc":{"start":{"line":199,"column":8},"end":{"line":199,"column":55}},"type":"binary-expr","locations":[{"start":{"line":199,"column":8},"end":{"line":199,"column":23}},{"start":{"line":199,"column":27},"end":{"line":199,"column":55}}],"line":199},"39":{"loc":{"start":{"line":203,"column":20},"end":{"line":203,"column":86}},"type":"cond-expr","locations":[{"start":{"line":203,"column":47},"end":{"line":203,"column":63}},{"start":{"line":203,"column":66},"end":{"line":203,"column":86}}],"line":203},"40":{"loc":{"start":{"line":204,"column":20},"end":{"line":204,"column":95}},"type":"binary-expr","locations":[{"start":{"line":204,"column":20},"end":{"line":204,"column":51}},{"start":{"line":204,"column":55},"end":{"line":204,"column":95}}],"line":204},"41":{"loc":{"start":{"line":208,"column":12},"end":{"line":208,"column":84}},"type":"binary-expr","locations":[{"start":{"line":208,"column":12},"end":{"line":208,"column":37}},{"start":{"line":208,"column":41},"end":{"line":208,"column":62}},{"start":{"line":208,"column":66},"end":{"line":208,"column":84}}],"line":208},"42":{"loc":{"start":{"line":213,"column":16},"end":{"line":213,"column":51}},"type":"binary-expr","locations":[{"start":{"line":213,"column":16},"end":{"line":213,"column":43}},{"start":{"line":213,"column":47},"end":{"line":213,"column":51}}],"line":213},"43":{"loc":{"start":{"line":214,"column":17},"end":{"line":214,"column":53}},"type":"binary-expr","locations":[{"start":{"line":214,"column":17},"end":{"line":214,"column":45}},{"start":{"line":214,"column":49},"end":{"line":214,"column":53}}],"line":214}},"s":{"0":1,"1":1,"2":1,"3":1,"4":40,"5":27,"6":31,"7":21,"8":10,"9":9,"10":1,"11":5,"12":1,"13":20,"14":20,"15":17,"16":9,"17":11,"18":11,"19":2,"20":9,"21":1,"22":8,"23":1,"24":7,"25":1,"26":6,"27":1,"28":5,"29":1,"30":4,"31":1,"32":3,"33":1,"34":2,"35":1,"36":1,"37":20,"38":2,"39":20,"40":2,"41":2,"42":1,"43":1,"44":1,"45":18,"46":20,"47":9,"48":20,"49":23,"50":0,"51":23,"52":23,"53":14,"54":14,"55":14,"56":45,"57":45,"58":1,"59":44,"60":21,"61":44,"62":23,"63":14,"64":14,"65":23,"66":23,"67":23,"68":2,"69":21,"70":0,"71":21,"72":1,"73":20,"74":20,"75":20,"76":14,"77":1,"78":1},"f":{"0":40,"1":27,"2":31,"3":5,"4":20,"5":20,"6":2,"7":20,"8":9,"9":23,"10":14,"11":1,"12":1},"b":{"0":[40,22],"1":[21,10],"2":[9,1],"3":[1,0],"4":[1,0],"5":[20,0],"6":[20,11],"7":[9,8],"8":[17,9,9],"9":[11,0],"10":[2,9],"11":[1,8],"12":[1,7],"13":[1,6],"14":[1,5],"15":[6,5],"16":[1,4],"17":[5,4],"18":[1,3],"19":[1,2],"20":[1,1],"21":[2,18],"22":[20,2],"23":[1,0],"24":[1,1,1],"25":[9,11],"26":[0,23],"27":[23,1],"28":[1],"29":[14,0],"30":[1,44],"31":[21,23],"32":[23,21],"33":[22,1],"34":[2,21],"35":[23,22],"36":[0,21],"37":[1,20],"38":[21,21],"39":[8,12],"40":[20,11],"41":[20,2,1],"42":[20,11],"43":[20,11]},"_coverageSchema":"1a1c01bbd47fc00a2c39e90264f33305004495a9","hash":"b1086adceb3b7cbb01e02632e882c2c5dd4a2e90"}
}
