TN:
SF:src/mini-apps/_kit/date-utils.ts
FN:1,toDateKey
FN:8,parseDateKey
FN:13,startOfDay
FN:17,addDays
FN:23,daysBetween
FN:28,getMonthMatrix
FNF:6
FNH:6
FNDA:110,toDateKey
FNDA:240,parseDateKey
FNDA:215,startOfDay
FNDA:62,addDays
FNDA:107,daysBetween
FNDA:1,getMonthMatrix
DA:2,110
DA:3,110
DA:4,110
DA:5,110
DA:9,240
DA:10,240
DA:14,215
DA:18,62
DA:19,62
DA:20,62
DA:24,107
DA:25,107
DA:29,1
DA:30,1
DA:31,1
DA:32,1
DA:33,1
DA:35,1
DA:36,1
DA:37,3
DA:39,1
DA:40,31
DA:42,1
DA:43,1
DA:45,1
LF:25
LH:25
BRF:0
BRH:0
end_of_record
TN:
SF:src/mini-apps/_kit/i18n.ts
FN:6,pluralKey
FNF:1
FNH:1
FNDA:9,pluralKey
DA:7,9
LF:1
LH:1
BRDA:7,0,0,4
BRDA:7,0,1,5
BRF:2
BRH:2
end_of_record
TN:
SF:src/mini-apps/_kit/order-preference.ts
FN:6,(anonymous_0)
FN:8,isMiniAppId
FN:13,mergeMiniAppsOrder
FN:14,(anonymous_3)
FN:41,loadMiniAppsOrder
FN:48,(anonymous_5)
FN:57,saveMiniAppsOrder
FN:58,(anonymous_7)
FNF:8
FNH:8
FNDA:6,(anonymous_0)
FNDA:13,isMiniAppId
FNDA:7,mergeMiniAppsOrder
FNDA:42,(anonymous_3)
FNDA:4,loadMiniAppsOrder
FNDA:7,(anonymous_5)
FNDA:1,saveMiniAppsOrder
FNDA:6,(anonymous_7)
DA:6,6
DA:9,13
DA:14,42
DA:15,7
DA:16,7
DA:18,7
DA:19,3
DA:20,13
DA:21,2
DA:23,11
DA:24,11
DA:25,0
DA:27,11
DA:28,11
DA:32,7
DA:33,42
DA:34,31
DA:38,7
DA:42,4
DA:43,4
DA:44,4
DA:45,1
DA:47,3
DA:48,7
DA:49,1
DA:51,1
DA:53,1
DA:58,6
DA:59,1
LF:29
LH:28
BRDA:18,0,0,3
BRDA:18,0,1,4
BRDA:20,1,0,2
BRDA:20,1,1,11
BRDA:20,2,0,13
BRDA:20,2,1,12
BRDA:24,3,0,0
BRDA:24,3,1,11
BRDA:33,4,0,31
BRDA:33,4,1,11
BRDA:44,5,0,1
BRDA:44,5,1,3
BRDA:48,6,0,1
BRDA:48,6,1,1
BRDA:48,7,0,2
BRDA:48,7,1,2
BRF:16
BRH:15
end_of_record
TN:
SF:src/mini-apps/_kit/payload-empty.ts
FN:1,stripActions
FN:16,isMiniAppPayloadEmpty
FNF:2
FNH:2
FNDA:9,stripActions
FNDA:11,isMiniAppPayloadEmpty
DA:2,9
DA:3,9
DA:4,26
DA:5,0
DA:7,26
DA:9,9
DA:19,11
DA:20,2
DA:23,9
DA:24,9
DA:25,1
DA:28,8
DA:29,1
DA:33,7
DA:34,1
DA:38,6
DA:40,6
DA:41,13
DA:42,2
DA:43,2
DA:44,0
DA:47,2
DA:48,1
DA:51,1
DA:53,11
DA:54,0
DA:56,11
DA:57,1
DA:59,10
DA:60,4
DA:62,3
DA:63,1
DA:65,2
DA:66,1
DA:68,1
DA:69,0
DA:73,1
DA:74,0
DA:75,0
DA:76,0
DA:78,0
DA:79,0
DA:81,0
DA:82,0
DA:84,0
DA:85,0
DA:93,2
LF:47
LH:34
BRDA:4,0,0,0
BRDA:4,0,1,26
BRDA:19,1,0,2
BRDA:19,1,1,9
BRDA:19,2,0,11
BRDA:19,2,1,9
BRDA:24,3,0,1
BRDA:24,3,1,8
BRDA:28,4,0,1
BRDA:28,4,1,7
BRDA:33,5,0,1
BRDA:33,5,1,6
BRDA:41,6,0,2
BRDA:41,6,1,11
BRDA:43,7,0,0
BRDA:43,7,1,2
BRDA:47,8,0,1
BRDA:47,8,1,1
BRDA:47,9,0,2
BRDA:47,9,1,1
BRDA:47,9,2,0
BRDA:53,10,0,0
BRDA:53,10,1,11
BRDA:53,11,0,11
BRDA:53,11,1,0
BRDA:53,11,2,0
BRDA:56,12,0,1
BRDA:56,12,1,10
BRDA:56,13,0,11
BRDA:56,13,1,2
BRDA:59,14,0,4
BRDA:59,14,1,6
BRDA:59,15,0,10
BRDA:59,15,1,5
BRDA:59,15,2,5
BRDA:62,16,0,1
BRDA:62,16,1,2
BRDA:62,17,0,3
BRDA:62,17,1,2
BRDA:62,17,2,1
BRDA:65,18,0,1
BRDA:65,18,1,1
BRDA:65,19,0,2
BRDA:65,19,1,1
BRDA:68,20,0,0
BRDA:68,20,1,1
BRDA:68,21,0,1
BRDA:68,21,1,0
BRDA:68,21,2,0
BRDA:73,22,0,0
BRDA:73,22,1,1
BRDA:73,23,0,1
BRDA:73,23,1,1
BRDA:73,23,2,0
BRDA:75,24,0,0
BRDA:75,24,1,0
BRDA:75,25,0,0
BRDA:75,25,1,0
BRDA:78,26,0,0
BRDA:78,26,1,0
BRDA:78,27,0,0
BRDA:78,27,1,0
BRDA:81,28,0,0
BRDA:81,28,1,0
BRDA:81,29,0,0
BRDA:81,29,1,0
BRDA:81,29,2,0
BRDA:84,30,0,0
BRDA:84,30,1,0
BRDA:84,31,0,0
BRDA:84,31,1,0
BRDA:84,31,2,0
BRF:72
BRH:43
end_of_record
TN:
SF:src/mini-apps/_kit/registry.ts
FN:25,getMiniAppLabel
FNF:1
FNH:1
FNDA:1,getMiniAppLabel
DA:26,1
DA:32,2
LF:2
LH:2
BRF:0
BRH:0
end_of_record
TN:
SF:src/mini-apps/_kit/rehydrate-registry.ts
FN:5,registerMiniAppRehydrate
FN:9,rehydrateAllMiniAppStores
FN:10,(anonymous_2)
FNF:3
FNH:3
FNDA:18,registerMiniAppRehydrate
FNDA:1,rehydrateAllMiniAppStores
FNDA:2,(anonymous_2)
DA:3,7
DA:6,18
DA:10,2
LF:3
LH:3
BRF:0
BRH:0
end_of_record
TN:
SF:src/mini-apps/_kit/theme.ts
FN:43,getMiniAppTheme
FN:44,(anonymous_1)
FNF:2
FNH:2
FNDA:7,getMiniAppTheme
FNDA:27,(anonymous_1)
DA:10,1
DA:44,27
DA:45,7
DA:46,1
DA:48,6
DA:49,6
LF:6
LH:6
BRDA:45,0,0,1
BRDA:45,0,1,6
BRF:2
BRH:2
end_of_record
TN:
SF:src/mini-apps/checkup-planner/constants.ts
FN:205,getCadenceLabel
FN:220,getCadenceIntervalYears
FNF:2
FNH:2
FNDA:5,getCadenceLabel
FNDA:141,getCadenceIntervalYears
DA:28,3
DA:199,3
DA:206,5
DA:208,1
DA:210,1
DA:212,1
DA:214,1
DA:216,1
DA:221,141
DA:223,67
DA:225,5
DA:227,21
DA:229,21
DA:231,27
LF:14
LH:14
BRDA:206,0,0,1
BRDA:206,0,1,1
BRDA:206,0,2,1
BRDA:206,0,3,1
BRDA:206,0,4,1
BRDA:221,1,0,67
BRDA:221,1,1,5
BRDA:221,1,2,21
BRDA:221,1,3,21
BRDA:221,1,4,27
BRF:10
BRH:10
end_of_record
TN:
SF:src/mini-apps/checkup-planner/localize.ts
FN:7,localizeCheckupName
FN:11,localizeCheckupDescription
FN:19,localizeCheckup
FN:27,localizeCadence
FN:31,localizeGender
FN:35,localizeGenderOptions
FN:36,(anonymous_6)
FN:42,localizeCheckupStatus
FNF:8
FNH:8
FNDA:2,localizeCheckupName
FNDA:2,localizeCheckupDescription
FNDA:1,localizeCheckup
FNDA:1,localizeCadence
FNDA:4,localizeGender
FNDA:1,localizeGenderOptions
FNDA:3,(anonymous_6)
FNDA:1,localizeCheckupStatus
DA:8,2
DA:16,2
DA:20,1
DA:28,1
DA:32,4
DA:36,3
DA:43,1
LF:7
LH:7
BRDA:8,0,0,2
BRDA:8,0,1,0
BRDA:8,0,2,0
BRDA:16,1,0,2
BRDA:16,1,1,0
BRDA:16,1,2,0
BRF:6
BRH:2
end_of_record
TN:
SF:src/mini-apps/checkup-planner/store.ts
FN:38,sanitizePersistedState
FN:53,(anonymous_1)
FN:56,(anonymous_2)
FN:65,(anonymous_3)
FN:66,(anonymous_4)
FN:68,(anonymous_5)
FN:82,(anonymous_6)
FN:85,(anonymous_7)
FN:89,(anonymous_8)
FN:93,(anonymous_9)
FN:94,(anonymous_10)
FN:99,(anonymous_11)
FN:103,useCheckupPlannerHydrated
FNF:13
FNH:11
FNDA:3,sanitizePersistedState
FNDA:3,(anonymous_1)
FNDA:1,(anonymous_2)
FNDA:1,(anonymous_3)
FNDA:2,(anonymous_4)
FNDA:1,(anonymous_5)
FNDA:1,(anonymous_6)
FNDA:1,(anonymous_7)
FNDA:1,(anonymous_8)
FNDA:3,(anonymous_9)
FNDA:3,(anonymous_10)
FNDA:0,(anonymous_11)
FNDA:0,useCheckupPlannerHydrated
DA:43,3
DA:44,3
DA:51,3
DA:53,3
DA:57,1
DA:65,1
DA:67,2
DA:68,1
DA:70,2
DA:83,1
DA:85,1
DA:89,1
DA:93,3
DA:94,3
DA:99,3
DA:100,0
DA:104,0
LF:17
LH:15
BRDA:43,0,0,0
BRDA:43,0,1,3
BRDA:43,1,0,3
BRDA:43,1,1,0
BRDA:46,2,0,0
BRDA:46,2,1,3
BRDA:61,3,0,1
BRDA:61,3,1,0
BRDA:68,4,0,1
BRDA:68,4,1,1
BRDA:77,5,0,2
BRDA:77,5,1,1
BRDA:85,6,0,1
BRDA:85,6,1,1
BRF:14
BRH:10
end_of_record
TN:
SF:src/mini-apps/checkup-planner/utils.ts
FN:24,isValidCheckupProfile
FN:43,normalizeCompletions
FN:50,(anonymous_2)
FN:85,formatDisplayDate
FN:93,getAgeOnDate
FN:110,getAgeInYear
FN:114,resolvePlannerRegion
FN:119,matchesGender
FN:130,matchesRegion
FN:141,isAgeEligible
FN:151,findLatestCompletion
FN:157,(anonymous_11)
FN:158,(anonymous_12)
FN:161,isDueInYear
FN:168,(anonymous_14)
FN:177,(anonymous_15)
FN:198,buildYearSchedule
FN:223,(anonymous_17)
FN:272,(anonymous_18)
FN:284,(anonymous_19)
FN:293,getYearSummary
FN:294,(anonymous_21)
FN:295,(anonymous_22)
FN:296,(anonymous_23)
FN:297,(anonymous_24)
FN:305,getStatusLabel
FNF:26
FNH:25
FNDA:18,isValidCheckupProfile
FNDA:16,normalizeCompletions
FNDA:5,(anonymous_2)
FNDA:1,formatDisplayDate
FNDA:16,getAgeOnDate
FNDA:12,getAgeInYear
FNDA:13,resolvePlannerRegion
FNDA:198,matchesGender
FNDA:171,matchesRegion
FNDA:198,isAgeEligible
FNDA:66,findLatestCompletion
FNDA:31,(anonymous_11)
FNDA:0,(anonymous_12)
FNDA:136,isDueInYear
FNDA:60,(anonymous_14)
FNDA:2,(anonymous_15)
FNDA:13,buildYearSchedule
FNDA:77,(anonymous_17)
FNDA:137,(anonymous_18)
FNDA:345,(anonymous_19)
FNDA:1,getYearSummary
FNDA:12,(anonymous_21)
FNDA:12,(anonymous_22)
FNDA:12,(anonymous_23)
FNDA:12,(anonymous_24)
FNDA:4,getStatusLabel
DA:20,3
DA:21,3
DA:27,18
DA:28,4
DA:30,14
DA:31,3
DA:33,11
DA:34,0
DA:36,11
DA:37,0
DA:39,11
DA:40,11
DA:46,16
DA:47,5
DA:49,11
DA:51,5
DA:86,1
DA:94,16
DA:95,0
DA:97,16
DA:98,16
DA:99,0
DA:101,16
DA:102,16
DA:103,16
DA:104,1
DA:106,16
DA:111,12
DA:115,13
DA:116,13
DA:120,198
DA:121,132
DA:123,66
DA:125,12
DA:127,54
DA:131,171
DA:132,167
DA:134,4
DA:136,1
DA:138,3
DA:142,198
DA:143,54
DA:145,144
DA:146,8
DA:148,136
DA:156,66
DA:157,31
DA:158,0
DA:167,136
DA:168,60
DA:170,136
DA:171,0
DA:174,136
DA:176,136
DA:177,4
DA:178,4
DA:179,1
DA:182,3
DA:185,132
DA:186,66
DA:189,66
DA:190,66
DA:192,65
DA:195,1
DA:203,13
DA:204,2
DA:207,11
DA:208,11
DA:209,11
DA:210,11
DA:212,11
DA:214,11
DA:215,198
DA:216,27
DA:218,171
DA:219,1
DA:222,170
DA:223,77
DA:226,170
DA:227,3
DA:234,3
DA:239,167
DA:241,31
DA:242,31
DA:243,0
DA:250,31
DA:253,136
DA:254,2
DA:257,134
DA:258,134
DA:259,12
DA:260,122
DA:261,12
DA:264,134
DA:272,137
DA:277,11
DA:284,11
DA:285,345
DA:286,345
DA:287,11
DA:289,334
DA:294,12
DA:295,12
DA:296,12
DA:297,12
DA:298,1
DA:299,1
DA:300,1
DA:302,1
DA:306,4
DA:308,1
DA:310,1
DA:312,1
DA:314,1
LF:114
LH:107
BRDA:27,0,0,4
BRDA:27,0,1,14
BRDA:27,1,0,18
BRDA:27,1,1,14
BRDA:30,2,0,3
BRDA:30,2,1,11
BRDA:30,3,0,14
BRDA:30,3,1,11
BRDA:33,4,0,0
BRDA:33,4,1,11
BRDA:36,5,0,0
BRDA:36,5,1,11
BRDA:36,6,0,11
BRDA:36,6,1,10
BRDA:46,7,0,5
BRDA:46,7,1,11
BRDA:51,8,0,5
BRDA:51,8,1,5
BRDA:51,8,2,5
BRDA:51,8,3,5
BRDA:51,8,4,5
BRDA:51,8,5,5
BRDA:51,8,6,5
BRDA:94,9,0,0
BRDA:94,9,1,16
BRDA:94,10,0,16
BRDA:94,10,1,16
BRDA:98,11,0,0
BRDA:98,11,1,16
BRDA:103,12,0,1
BRDA:103,12,1,15
BRDA:103,13,0,16
BRDA:103,13,1,16
BRDA:103,13,2,2
BRDA:116,14,0,13
BRDA:116,14,1,2
BRDA:120,15,0,132
BRDA:120,15,1,66
BRDA:123,16,0,12
BRDA:123,16,1,54
BRDA:131,17,0,167
BRDA:131,17,1,4
BRDA:131,18,0,171
BRDA:131,18,1,4
BRDA:134,19,0,1
BRDA:134,19,1,3
BRDA:142,20,0,54
BRDA:142,20,1,144
BRDA:145,21,0,8
BRDA:145,21,1,136
BRDA:145,22,0,144
BRDA:145,22,1,29
BRDA:157,23,0,31
BRDA:157,23,1,1
BRDA:168,24,0,60
BRDA:168,24,1,2
BRDA:170,25,0,0
BRDA:170,25,1,136
BRDA:176,26,0,4
BRDA:176,26,1,132
BRDA:178,27,0,1
BRDA:178,27,1,3
BRDA:185,28,0,66
BRDA:185,28,1,66
BRDA:190,29,0,65
BRDA:190,29,1,1
BRDA:203,30,0,2
BRDA:203,30,1,11
BRDA:215,31,0,27
BRDA:215,31,1,171
BRDA:218,32,0,1
BRDA:218,32,1,170
BRDA:223,33,0,77
BRDA:223,33,1,5
BRDA:226,34,0,3
BRDA:226,34,1,167
BRDA:239,35,0,31
BRDA:239,35,1,136
BRDA:242,36,0,0
BRDA:242,36,1,31
BRDA:242,37,0,31
BRDA:242,37,1,0
BRDA:253,38,0,2
BRDA:253,38,1,134
BRDA:258,39,0,12
BRDA:258,39,1,122
BRDA:260,40,0,12
BRDA:260,40,1,110
BRDA:286,41,0,11
BRDA:286,41,1,334
BRDA:300,42,0,1
BRDA:300,42,1,0
BRDA:306,43,0,1
BRDA:306,43,1,1
BRDA:306,43,2,1
BRDA:306,43,3,1
BRF:96
BRH:88
end_of_record
TN:
SF:src/mini-apps/checkup-planner/validation.ts
FN:83,isValidDateKey
FN:91,assessProfileDraft
FN:147,assessCompletionDraft
FN:149,(anonymous_3)
FN:218,(anonymous_4)
FNF:5
FNH:5
FNDA:7,isValidDateKey
FNDA:5,assessProfileDraft
FNDA:4,assessCompletionDraft
FNDA:3,(anonymous_3)
FNDA:1,(anonymous_4)
DA:73,1
DA:75,1
DA:76,1
DA:77,1
DA:78,1
DA:80,1
DA:81,1
DA:84,7
DA:85,7
DA:86,7
DA:87,7
DA:88,7
DA:92,5
DA:94,5
DA:95,1
DA:102,4
DA:103,1
DA:110,3
DA:111,1
DA:118,2
DA:119,2
DA:120,2
DA:121,1
DA:126,1
DA:127,1
DA:134,2
DA:136,2
DA:148,4
DA:149,4
DA:151,4
DA:152,0
DA:159,4
DA:160,4
DA:161,4
DA:167,0
DA:174,4
DA:175,0
DA:182,4
DA:183,1
DA:190,3
DA:191,1
DA:198,2
DA:199,2
DA:200,1
DA:207,2
DA:208,2
DA:209,0
DA:216,2
DA:217,1
DA:218,1
DA:220,1
DA:221,1
DA:229,2
LF:53
LH:49
BRDA:84,0,0,0
BRDA:84,0,1,7
BRDA:86,1,0,0
BRDA:86,1,1,7
BRDA:86,2,0,7
BRDA:86,2,1,7
BRDA:86,2,2,7
BRDA:88,3,0,7
BRDA:88,3,1,7
BRDA:88,3,2,7
BRDA:94,4,0,1
BRDA:94,4,1,4
BRDA:94,5,0,5
BRDA:94,5,1,4
BRDA:102,6,0,1
BRDA:102,6,1,3
BRDA:102,7,0,4
BRDA:102,7,1,3
BRDA:110,8,0,1
BRDA:110,8,1,2
BRDA:119,9,0,2
BRDA:119,9,1,0
BRDA:119,10,0,2
BRDA:119,10,1,0
BRDA:119,11,0,2
BRDA:119,11,1,0
BRDA:120,12,0,1
BRDA:120,12,1,1
BRDA:126,13,0,1
BRDA:126,13,1,0
BRDA:134,14,0,2
BRDA:134,14,1,1
BRDA:149,15,0,4
BRDA:149,15,1,3
BRDA:151,16,0,0
BRDA:151,16,1,4
BRDA:161,17,0,0
BRDA:161,17,1,4
BRDA:162,18,0,4
BRDA:162,18,1,4
BRDA:162,18,2,4
BRDA:162,18,3,4
BRDA:174,19,0,0
BRDA:174,19,1,4
BRDA:182,20,0,1
BRDA:182,20,1,3
BRDA:190,21,0,1
BRDA:190,21,1,2
BRDA:199,22,0,1
BRDA:199,22,1,1
BRDA:199,23,0,2
BRDA:199,23,1,2
BRDA:207,24,0,2
BRDA:207,24,1,2
BRDA:208,25,0,0
BRDA:208,25,1,2
BRDA:208,26,0,2
BRDA:208,26,1,0
BRDA:216,27,0,1
BRDA:216,27,1,1
BRDA:218,28,0,1
BRDA:218,28,1,1
BRDA:220,29,0,1
BRDA:220,29,1,0
BRF:64
BRH:52
end_of_record
TN:
SF:src/mini-apps/immunization-tracker/constants.ts
FNF:0
FNH:0
DA:9,3
LF:1
LH:1
BRF:0
BRH:0
end_of_record
TN:
SF:src/mini-apps/immunization-tracker/family-source.ts
FN:10,resolveFamilyImmunizationSource
FNF:1
FNH:1
FNDA:5,resolveFamilyImmunizationSource
DA:18,5
DA:19,1
DA:22,4
DA:27,1
DA:30,3
DA:31,1
DA:34,2
DA:35,1
DA:38,1
LF:9
LH:9
BRDA:18,0,0,1
BRDA:18,0,1,4
BRDA:22,1,0,1
BRDA:22,1,1,3
BRDA:23,2,0,4
BRDA:23,2,1,3
BRDA:23,2,2,3
BRDA:23,2,3,2
BRDA:30,3,0,1
BRDA:30,3,1,2
BRDA:34,4,0,1
BRDA:34,4,1,1
BRF:12
BRH:12
end_of_record
TN:
SF:src/mini-apps/immunization-tracker/localize.ts
FN:5,localizeVaccine
FN:14,localizeVaccineStatus
FNF:2
FNH:2
FNDA:1,localizeVaccine
FNDA:1,localizeVaccineStatus
DA:6,1
DA:15,1
LF:2
LH:2
BRDA:8,0,0,1
BRDA:8,0,1,0
BRDA:9,1,0,1
BRDA:9,1,1,0
BRDA:10,2,0,1
BRDA:10,2,1,0
BRF:6
BRH:3
end_of_record
TN:
SF:src/mini-apps/immunization-tracker/store.ts
FN:35,resolveActiveProfileId
FN:39,(anonymous_1)
FN:45,migratePersistedState
FN:50,(anonymous_3)
FN:55,(anonymous_4)
FN:64,(anonymous_5)
FN:65,(anonymous_6)
FN:84,(anonymous_7)
FN:103,sanitizePersistedState
FN:109,(anonymous_9)
FN:117,(anonymous_10)
FN:125,(anonymous_11)
FN:129,(anonymous_12)
FN:136,(anonymous_13)
FN:137,(anonymous_14)
FN:141,(anonymous_15)
FN:148,(anonymous_16)
FN:154,(anonymous_17)
FN:157,(anonymous_18)
FN:161,(anonymous_19)
FN:166,(anonymous_20)
FN:167,(anonymous_21)
FN:168,(anonymous_22)
FN:173,(anonymous_23)
FN:177,useImmunizationTrackerHydrated
FNF:25
FNH:20
FNDA:10,resolveActiveProfileId
FNDA:4,(anonymous_1)
FNDA:9,migratePersistedState
FNDA:2,(anonymous_3)
FNDA:5,(anonymous_4)
FNDA:5,(anonymous_5)
FNDA:3,(anonymous_6)
FNDA:1,(anonymous_7)
FNDA:3,sanitizePersistedState
FNDA:0,(anonymous_9)
FNDA:0,(anonymous_10)
FNDA:3,(anonymous_11)
FNDA:4,(anonymous_12)
FNDA:2,(anonymous_13)
FNDA:4,(anonymous_14)
FNDA:2,(anonymous_15)
FNDA:1,(anonymous_16)
FNDA:1,(anonymous_17)
FNDA:1,(anonymous_18)
FNDA:2,(anonymous_19)
FNDA:3,(anonymous_20)
FNDA:0,(anonymous_21)
FNDA:3,(anonymous_22)
FNDA:0,(anonymous_23)
FNDA:0,useImmunizationTrackerHydrated
DA:39,10
DA:40,2
DA:42,8
DA:46,9
DA:48,9
DA:49,3
DA:50,3
DA:51,3
DA:53,3
DA:56,5
DA:57,4
DA:59,1
DA:60,1
DA:62,0
DA:64,5
DA:65,3
DA:67,3
DA:70,6
DA:71,2
DA:76,2
DA:77,1
DA:83,1
DA:84,1
DA:89,1
DA:96,4
DA:107,3
DA:108,3
DA:109,3
DA:110,3
DA:118,0
DA:123,3
DA:125,3
DA:130,4
DA:131,4
DA:137,4
DA:138,1
DA:142,2
DA:143,2
DA:144,0
DA:146,2
DA:148,1
DA:152,2
DA:155,1
DA:157,1
DA:161,2
DA:166,3
DA:167,0
DA:168,3
DA:173,3
DA:174,0
DA:178,0
LF:51
LH:45
BRDA:39,0,0,2
BRDA:39,0,1,8
BRDA:39,1,0,10
BRDA:39,1,1,4
BRDA:42,2,0,8
BRDA:42,2,1,4
BRDA:46,3,0,9
BRDA:46,3,1,4
BRDA:48,4,0,3
BRDA:48,4,1,6
BRDA:54,5,0,3
BRDA:54,5,1,0
BRDA:56,6,0,4
BRDA:56,6,1,1
BRDA:59,7,0,1
BRDA:59,7,1,0
BRDA:59,8,0,1
BRDA:59,8,1,0
BRDA:70,9,0,2
BRDA:70,9,1,4
BRDA:76,10,0,1
BRDA:76,10,1,1
BRDA:84,11,0,1
BRDA:84,11,1,0
BRDA:108,12,0,3
BRDA:108,12,1,0
BRDA:115,13,0,3
BRDA:115,13,1,3
BRDA:117,14,0,3
BRDA:117,14,1,0
BRDA:137,15,0,1
BRDA:137,15,1,1
BRDA:143,16,0,0
BRDA:143,16,1,2
BRDA:148,17,0,1
BRDA:148,17,1,1
BRDA:157,18,0,1
BRDA:157,18,1,1
BRF:38
BRH:31
end_of_record
TN:
SF:src/mini-apps/immunization-tracker/utils.ts
FN:31,isValidImmunizationProfile
FN:50,normalizeImmunizationProfiles
FN:56,(anonymous_2)
FN:63,normalizeImmunizationRecords
FN:70,(anonymous_4)
FN:82,getRecommendedDate
FN:86,formatDisplayDate
FN:94,getAgeLabel
FN:110,getVaccineStatus
FN:129,buildSchedule
FN:139,(anonymous_10)
FN:141,(anonymous_11)
FN:156,getScheduleSummary
FN:157,(anonymous_13)
FN:158,(anonymous_14)
FN:159,(anonymous_15)
FN:160,(anonymous_16)
FN:161,(anonymous_17)
FN:174,getStatusLabel
FNF:19
FNH:19
FNDA:19,isValidImmunizationProfile
FNDA:12,normalizeImmunizationProfiles
FNDA:8,(anonymous_2)
FNDA:12,normalizeImmunizationRecords
FNDA:8,(anonymous_4)
FNDA:44,getRecommendedDate
FNDA:1,formatDisplayDate
FNDA:4,getAgeLabel
FNDA:38,getVaccineStatus
FNDA:3,buildSchedule
FNDA:1,(anonymous_10)
FNDA:38,(anonymous_11)
FNDA:1,getScheduleSummary
FNDA:19,(anonymous_13)
FNDA:19,(anonymous_14)
FNDA:19,(anonymous_15)
FNDA:19,(anonymous_16)
FNDA:2,(anonymous_17)
FNDA:4,getStatusLabel
DA:28,3
DA:34,19
DA:35,1
DA:37,18
DA:38,0
DA:40,18
DA:41,0
DA:43,18
DA:44,7
DA:46,11
DA:47,11
DA:53,12
DA:54,1
DA:56,11
DA:66,12
DA:67,1
DA:69,11
DA:71,8
DA:83,44
DA:87,1
DA:95,4
DA:96,4
DA:97,4
DA:99,4
DA:100,1
DA:101,1
DA:102,1
DA:104,3
DA:105,2
DA:107,1
DA:115,38
DA:116,1
DA:119,37
DA:120,37
DA:121,9
DA:123,28
DA:124,8
DA:126,20
DA:134,3
DA:135,1
DA:138,2
DA:139,2
DA:141,2
DA:142,38
DA:143,38
DA:144,38
DA:146,38
DA:157,19
DA:158,19
DA:159,19
DA:160,19
DA:161,2
DA:163,1
DA:175,4
DA:177,1
DA:179,1
DA:181,1
DA:183,1
LF:58
LH:56
BRDA:34,0,0,1
BRDA:34,0,1,18
BRDA:34,1,0,19
BRDA:34,1,1,18
BRDA:37,2,0,0
BRDA:37,2,1,18
BRDA:37,3,0,18
BRDA:37,3,1,18
BRDA:40,4,0,0
BRDA:40,4,1,18
BRDA:40,5,0,18
BRDA:40,5,1,18
BRDA:43,6,0,7
BRDA:43,6,1,11
BRDA:43,7,0,18
BRDA:43,7,1,13
BRDA:53,8,0,1
BRDA:53,8,1,11
BRDA:66,9,0,1
BRDA:66,9,1,11
BRDA:71,10,0,8
BRDA:71,10,1,8
BRDA:71,10,2,8
BRDA:71,10,3,8
BRDA:71,10,4,8
BRDA:71,10,5,8
BRDA:71,10,6,8
BRDA:71,10,7,7
BRDA:94,11,0,0
BRDA:99,12,0,1
BRDA:99,12,1,3
BRDA:102,13,0,1
BRDA:102,13,1,0
BRDA:104,14,0,2
BRDA:104,14,1,1
BRDA:105,15,0,1
BRDA:105,15,1,1
BRDA:107,16,0,1
BRDA:107,16,1,0
BRDA:113,17,0,0
BRDA:115,18,0,1
BRDA:115,18,1,37
BRDA:120,19,0,9
BRDA:120,19,1,28
BRDA:123,20,0,8
BRDA:123,20,1,20
BRDA:132,21,0,0
BRDA:134,22,0,1
BRDA:134,22,1,2
BRDA:161,23,0,2
BRDA:161,23,1,1
BRDA:170,24,0,1
BRDA:170,24,1,0
BRDA:175,25,0,1
BRDA:175,25,1,1
BRDA:175,25,2,1
BRDA:175,25,3,1
BRF:57
BRH:49
end_of_record
TN:
SF:src/mini-apps/immunization-tracker/validation.ts
FN:67,isValidDateKey
FN:76,getPriorDosesInSeries
FN:78,(anonymous_2)
FN:82,(anonymous_3)
FN:85,assessImmunizationRecordDraft
FN:98,(anonymous_5)
FN:177,(anonymous_6)
FN:177,(anonymous_7)
FNF:8
FNH:7
FNDA:12,isValidDateKey
FNDA:5,getPriorDosesInSeries
FNDA:95,(anonymous_2)
FNDA:0,(anonymous_3)
FNDA:7,assessImmunizationRecordDraft
FNDA:36,(anonymous_5)
FNDA:2,(anonymous_6)
FNDA:1,(anonymous_7)
DA:60,1
DA:61,1
DA:62,1
DA:63,1
DA:65,1
DA:68,12
DA:69,12
DA:70,12
DA:71,12
DA:72,12
DA:77,5
DA:79,95
DA:82,0
DA:88,7
DA:90,7
DA:91,0
DA:98,36
DA:99,7
DA:100,0
DA:107,7
DA:108,1
DA:115,6
DA:116,0
DA:123,6
DA:124,0
DA:131,6
DA:132,1
DA:139,5
DA:140,1
DA:147,4
DA:151,4
DA:156,4
DA:157,1
DA:165,3
DA:166,0
DA:176,4
DA:177,2
DA:179,4
DA:180,1
DA:181,1
DA:190,4
DA:191,4
DA:193,4
DA:194,0
DA:201,4
DA:202,0
DA:209,4
LF:47
LH:39
BRDA:68,0,0,0
BRDA:68,0,1,12
BRDA:68,1,0,12
BRDA:68,1,1,12
BRDA:70,2,0,0
BRDA:70,2,1,12
BRDA:70,3,0,12
BRDA:70,3,1,12
BRDA:70,3,2,12
BRDA:72,4,0,12
BRDA:72,4,1,12
BRDA:72,4,2,12
BRDA:79,5,0,95
BRDA:79,5,1,12
BRDA:79,5,2,7
BRDA:90,6,0,0
BRDA:90,6,1,7
BRDA:90,7,0,7
BRDA:90,7,1,7
BRDA:99,8,0,0
BRDA:99,8,1,7
BRDA:107,9,0,1
BRDA:107,9,1,6
BRDA:115,10,0,0
BRDA:115,10,1,6
BRDA:123,11,0,0
BRDA:123,11,1,6
BRDA:131,12,0,1
BRDA:131,12,1,5
BRDA:139,13,0,1
BRDA:139,13,1,4
BRDA:156,14,0,1
BRDA:156,14,1,3
BRDA:165,15,0,0
BRDA:165,15,1,3
BRDA:179,16,0,1
BRDA:179,16,1,3
BRDA:190,17,0,4
BRDA:190,17,1,3
BRDA:191,18,0,4
BRDA:191,18,1,3
BRDA:193,19,0,0
BRDA:193,19,1,4
BRDA:193,20,0,4
BRDA:193,20,1,1
BRDA:201,21,0,0
BRDA:201,21,1,4
BRDA:201,22,0,4
BRDA:201,22,1,1
BRF:49
BRH:40
end_of_record
TN:
SF:src/mini-apps/medication-tracker/alerts.ts
FN:30,(anonymous_0)
FN:31,(anonymous_1)
FN:33,(anonymous_2)
FN:34,(anonymous_3)
FN:35,(anonymous_4)
FN:36,(anonymous_5)
FN:40,collectMedicationAlerts
FN:51,(anonymous_7)
FN:95,evaluateMedicationAlerts
FNF:9
FNH:8
FNDA:3,(anonymous_0)
FNDA:3,(anonymous_1)
FNDA:1,(anonymous_2)
FNDA:1,(anonymous_3)
FNDA:2,(anonymous_4)
FNDA:2,(anonymous_5)
FNDA:2,collectMedicationAlerts
FNDA:3,(anonymous_7)
FNDA:0,evaluateMedicationAlerts
DA:29,1
DA:30,3
DA:32,3
DA:33,1
DA:34,1
DA:35,2
DA:36,2
DA:46,2
DA:47,2
DA:48,2
DA:49,2
DA:51,3
DA:52,2
DA:54,2
DA:55,6
DA:56,3
DA:65,6
DA:66,1
DA:77,2
DA:78,3
DA:79,1
DA:81,2
DA:91,2
DA:103,0
DA:104,0
DA:107,0
DA:114,0
DA:115,0
DA:116,0
DA:117,0
DA:128,0
DA:133,0
LF:32
LH:23
BRDA:46,0,0,2
BRDA:46,0,1,0
BRDA:48,1,0,2
BRDA:48,1,1,2
BRDA:55,2,0,3
BRDA:55,2,1,3
BRDA:65,3,0,1
BRDA:65,3,1,5
BRDA:78,4,0,1
BRDA:78,4,1,2
BRDA:83,5,0,2
BRDA:83,5,1,2
BRDA:103,6,0,0
BRDA:103,6,1,0
BRDA:103,7,0,0
BRDA:103,7,1,0
BRF:16
BRH:11
end_of_record
TN:
SF:src/mini-apps/medication-tracker/constants.ts
FN:60,getFrequencyOption
FN:61,(anonymous_1)
FN:64,defaultSlotTimesForFrequency
FNF:3
FNH:3
FNDA:80,getFrequencyOption
FNDA:169,(anonymous_1)
FNDA:65,defaultSlotTimesForFrequency
DA:13,2
DA:41,2
DA:49,2
DA:51,2
DA:53,2
DA:61,169
DA:65,65
LF:7
LH:7
BRDA:61,0,0,80
BRDA:61,0,1,1
BRF:2
BRH:2
end_of_record
TN:
SF:src/mini-apps/medication-tracker/family-source.ts
FN:14,resolveMedicationFamilyKidsSource
FNF:1
FNH:1
FNDA:6,resolveMedicationFamilyKidsSource
DA:21,6
DA:22,1
DA:25,5
DA:26,2
DA:29,3
DA:30,1
DA:33,2
DA:34,1
DA:37,1
LF:9
LH:9
BRDA:21,0,0,1
BRDA:21,0,1,5
BRDA:25,1,0,2
BRDA:25,1,1,3
BRDA:25,2,0,5
BRDA:25,2,1,4
BRDA:25,2,2,3
BRDA:29,3,0,1
BRDA:29,3,1,2
BRDA:33,4,0,1
BRDA:33,4,1,1
BRF:11
BRH:11
end_of_record
TN:
SF:src/mini-apps/medication-tracker/localize.ts
FN:16,localizeFrequencyLabel
FN:20,localizeFrequencyOptions
FN:21,(anonymous_2)
FN:25,(anonymous_3)
FN:31,localizeSlotLabel
FN:40,localizeDoseSlotLabel
FN:51,localizeMedicationStatus
FN:55,localizeMedicationPatient
FN:62,localizeInstructionKind
FN:66,localizeInstructionOptions
FN:67,(anonymous_10)
FN:73,localizeInstructionsSummary
FN:86,buildMedicationAlertCopy
FN:88,(anonymous_13)
FN:89,(anonymous_14)
FN:91,(anonymous_15)
FN:92,(anonymous_16)
FN:94,(anonymous_17)
FN:95,(anonymous_18)
FNF:19
FNH:19
FNDA:5,localizeFrequencyLabel
FNDA:1,localizeFrequencyOptions
FNDA:4,(anonymous_2)
FNDA:7,(anonymous_3)
FNDA:2,localizeSlotLabel
FNDA:3,localizeDoseSlotLabel
FNDA:1,localizeMedicationStatus
FNDA:3,localizeMedicationPatient
FNDA:7,localizeInstructionKind
FNDA:1,localizeInstructionOptions
FNDA:4,(anonymous_10)
FNDA:5,localizeInstructionsSummary
FNDA:1,buildMedicationAlertCopy
FNDA:1,(anonymous_13)
FNDA:1,(anonymous_14)
FNDA:1,(anonymous_15)
FNDA:1,(anonymous_16)
FNDA:1,(anonymous_17)
FNDA:1,(anonymous_18)
DA:17,5
DA:21,4
DA:26,7
DA:37,2
DA:41,3
DA:42,2
DA:43,1
DA:45,1
DA:47,1
DA:48,1
DA:52,1
DA:56,3
DA:57,2
DA:59,1
DA:63,7
DA:67,4
DA:77,5
DA:78,2
DA:80,3
DA:81,2
DA:83,1
DA:87,1
DA:88,1
DA:90,1
DA:91,1
DA:93,1
DA:94,1
DA:95,1
LF:28
LH:28
BRDA:26,0,0,7
BRDA:26,0,1,0
BRDA:37,1,0,2
BRDA:37,1,1,0
BRDA:37,1,2,0
BRDA:41,2,0,2
BRDA:41,2,1,1
BRDA:42,3,0,1
BRDA:42,3,1,1
BRDA:42,4,0,2
BRDA:42,4,1,1
BRDA:48,5,0,1
BRDA:48,5,1,0
BRDA:56,6,0,2
BRDA:56,6,1,1
BRDA:57,7,0,2
BRDA:57,7,1,1
BRDA:77,8,0,2
BRDA:77,8,1,3
BRDA:78,9,0,2
BRDA:78,9,1,1
BRDA:80,10,0,2
BRDA:80,10,1,1
BRDA:81,11,0,2
BRDA:81,11,1,1
BRF:25
BRH:21
end_of_record
TN:
SF:src/mini-apps/medication-tracker/store.ts
FN:62,buildMedicationFields
FN:86,(anonymous_1)
FN:104,migrateMedicationPersistedState
FN:110,(anonymous_3)
FN:113,(anonymous_4)
FN:122,(anonymous_5)
FN:126,(anonymous_6)
FN:143,(anonymous_7)
FN:146,(anonymous_8)
FN:162,(anonymous_9)
FN:164,(anonymous_10)
FN:173,(anonymous_11)
FN:176,(anonymous_12)
FN:177,(anonymous_13)
FN:181,(anonymous_14)
FN:183,(anonymous_15)
FN:197,(anonymous_16)
FN:205,(anonymous_17)
FN:233,(anonymous_18)
FN:234,(anonymous_19)
FN:241,(anonymous_20)
FN:254,(anonymous_21)
FN:257,(anonymous_22)
FN:262,(anonymous_23)
FN:263,(anonymous_24)
FN:268,(anonymous_25)
FN:272,useMedicationTrackerHydrated
FNF:27
FNH:18
FNDA:9,buildMedicationFields
FNDA:12,(anonymous_1)
FNDA:1,migrateMedicationPersistedState
FNDA:1,(anonymous_3)
FNDA:0,(anonymous_4)
FNDA:2,(anonymous_5)
FNDA:5,(anonymous_6)
FNDA:4,(anonymous_7)
FNDA:4,(anonymous_8)
FNDA:1,(anonymous_9)
FNDA:2,(anonymous_10)
FNDA:0,(anonymous_11)
FNDA:0,(anonymous_12)
FNDA:0,(anonymous_13)
FNDA:1,(anonymous_14)
FNDA:0,(anonymous_15)
FNDA:0,(anonymous_16)
FNDA:1,(anonymous_17)
FNDA:1,(anonymous_18)
FNDA:1,(anonymous_19)
FNDA:1,(anonymous_20)
FNDA:1,(anonymous_21)
FNDA:4,(anonymous_22)
FNDA:2,(anonymous_23)
FNDA:0,(anonymous_24)
FNDA:0,(anonymous_25)
FNDA:0,useMedicationTrackerHydrated
DA:66,9
DA:67,9
DA:69,9
DA:71,9
DA:87,12
DA:88,12
DA:107,1
DA:108,1
DA:111,1
DA:113,0
DA:120,2
DA:122,2
DA:127,5
DA:128,5
DA:129,5
DA:137,5
DA:141,5
DA:144,4
DA:145,4
DA:147,4
DA:148,0
DA:150,4
DA:163,1
DA:164,2
DA:167,1
DA:170,1
DA:173,0
DA:177,0
DA:178,0
DA:182,1
DA:184,0
DA:188,1
DA:190,1
DA:191,0
DA:196,0
DA:197,0
DA:199,0
DA:202,1
DA:203,1
DA:204,1
DA:205,1
DA:206,1
DA:207,0
DA:209,1
DA:210,1
DA:217,1
DA:227,1
DA:231,1
DA:234,1
DA:235,1
DA:236,0
DA:239,1
DA:240,1
DA:241,1
DA:242,1
DA:243,0
DA:245,1
DA:252,1
DA:254,1
DA:257,4
DA:262,2
DA:263,0
DA:268,2
DA:269,0
DA:273,0
LF:65
LH:49
BRDA:66,0,0,9
BRDA:66,0,1,6
BRDA:66,0,2,3
BRDA:69,1,0,9
BRDA:69,1,1,7
BRDA:69,1,2,5
BRDA:77,2,0,2
BRDA:77,2,1,7
BRDA:78,3,0,0
BRDA:78,3,1,2
BRDA:78,4,0,2
BRDA:78,4,1,2
BRDA:81,5,0,7
BRDA:81,5,1,7
BRDA:82,6,0,9
BRDA:82,6,1,8
BRDA:84,7,0,2
BRDA:84,7,1,7
BRDA:84,8,0,2
BRDA:84,8,1,0
BRDA:84,8,2,0
BRDA:85,9,0,2
BRDA:85,9,1,7
BRDA:85,10,0,2
BRDA:85,10,1,0
BRDA:85,10,2,0
BRDA:88,11,0,11
BRDA:88,11,1,1
BRDA:88,12,0,12
BRDA:88,12,1,12
BRDA:90,13,0,9
BRDA:90,13,1,8
BRDA:90,13,2,4
BRDA:92,14,0,1
BRDA:92,14,1,8
BRDA:94,15,0,8
BRDA:94,15,1,8
BRDA:96,16,0,0
BRDA:96,16,1,9
BRDA:98,17,0,9
BRDA:98,17,1,5
BRDA:100,18,0,0
BRDA:100,18,1,9
BRDA:100,19,0,9
BRDA:100,19,1,9
BRDA:107,20,0,1
BRDA:107,20,1,0
BRDA:110,21,0,1
BRDA:110,21,1,0
BRDA:113,22,0,1
BRDA:113,22,1,0
BRDA:139,23,0,5
BRDA:139,23,1,0
BRDA:147,24,0,0
BRDA:147,24,1,4
BRDA:154,25,0,4
BRDA:154,25,1,1
BRDA:167,26,0,0
BRDA:167,26,1,1
BRDA:168,27,0,0
BRDA:168,27,1,0
BRDA:177,28,0,0
BRDA:177,28,1,0
BRDA:181,29,0,1
BRDA:184,30,0,0
BRDA:184,30,1,0
BRDA:184,30,2,0
BRDA:190,31,0,0
BRDA:190,31,1,1
BRDA:193,32,0,0
BRDA:193,32,1,0
BRDA:194,33,0,0
BRDA:194,33,1,0
BRDA:197,34,0,0
BRDA:197,34,1,0
BRDA:204,35,0,1
BRDA:204,35,1,0
BRDA:206,36,0,0
BRDA:206,36,1,1
BRDA:206,37,0,1
BRDA:206,37,1,1
BRDA:222,38,0,1
BRDA:222,38,1,0
BRDA:235,39,0,0
BRDA:235,39,1,1
BRDA:240,40,0,1
BRDA:240,40,1,0
BRDA:242,41,0,0
BRDA:242,41,1,1
BRDA:242,42,0,1
BRDA:242,42,1,1
BRF:91
BRH:58
end_of_record
TN:
SF:src/mini-apps/medication-tracker/utils.ts
FN:69,formatDisplayDate
FN:78,endDateForDurationDays
FN:84,durationDaysBetween
FN:91,resolveTreatmentDurationSelection
FN:106,isMedicationScheduledOnDate
FN:120,isMedicationTreatmentEnded
FN:130,resolveMedicationActiveState
FN:140,getFrequencyLabel
FN:144,getMedicationPatientLabel
FN:154,isValidHhMm
FN:158,formatHhMm
FN:164,parseHhMmParts
FN:173,hhMmToDate
FN:181,dateToHhMm
FN:186,areValidSlotTimes
FN:196,resolveSlotTimes
FN:205,(anonymous_16)
FN:214,parseHhMmToMinutes
FN:222,minutesSinceMidnight
FN:226,resolveScheduledStatus
FN:255,buildDaySlots
FN:263,(anonymous_21)
FN:272,(anonymous_22)
FN:273,(anonymous_23)
FN:275,(anonymous_24)
FN:300,(anonymous_25)
FN:327,partitionTodaySlots
FN:328,(anonymous_27)
FN:330,(anonymous_28)
FN:332,(anonymous_29)
FN:336,getDaySummary
FN:337,(anonymous_31)
FN:338,(anonymous_32)
FN:339,(anonymous_33)
FN:340,(anonymous_34)
FN:341,(anonymous_35)
FN:343,(anonymous_36)
FN:359,getStatusLabel
FN:374,nextSlotIndexForAsNeeded
FN:380,(anonymous_39)
FN:385,(anonymous_40)
FN:388,needsRefill
FN:406,groupLogsByDate
FN:414,(anonymous_43)
FN:416,(anonymous_44)
FN:429,(anonymous_45)
FN:432,normalizeMedication
FN:471,formatInstructionsSummary
FNF:48
FNH:39
FNDA:1,formatDisplayDate
FNDA:1,endDateForDurationDays
FNDA:3,durationDaysBetween
FNDA:3,resolveTreatmentDurationSelection
FNDA:17,isMedicationScheduledOnDate
FNDA:50,isMedicationTreatmentEnded
FNDA:44,resolveMedicationActiveState
FNDA:1,getFrequencyLabel
FNDA:3,getMedicationPatientLabel
FNDA:151,isValidHhMm
FNDA:2,formatHhMm
FNDA:26,parseHhMmParts
FNDA:1,hhMmToDate
FNDA:1,dateToHhMm
FNDA:7,areValidSlotTimes
FNDA:55,resolveSlotTimes
FNDA:94,(anonymous_16)
FNDA:15,parseHhMmToMinutes
FNDA:15,minutesSinceMidnight
FNDA:24,resolveScheduledStatus
FNDA:14,buildDaySlots
FNDA:16,(anonymous_21)
FNDA:2,(anonymous_22)
FNDA:1,(anonymous_23)
FNDA:2,(anonymous_24)
FNDA:4,(anonymous_25)
FNDA:0,partitionTodaySlots
FNDA:0,(anonymous_27)
FNDA:0,(anonymous_28)
FNDA:0,(anonymous_29)
FNDA:1,getDaySummary
FNDA:2,(anonymous_31)
FNDA:2,(anonymous_32)
FNDA:2,(anonymous_33)
FNDA:2,(anonymous_34)
FNDA:2,(anonymous_35)
FNDA:2,(anonymous_36)
FNDA:1,getStatusLabel
FNDA:5,nextSlotIndexForAsNeeded
FNDA:3,(anonymous_39)
FNDA:3,(anonymous_40)
FNDA:7,needsRefill
FNDA:0,groupLogsByDate
FNDA:0,(anonymous_43)
FNDA:0,(anonymous_44)
FNDA:0,(anonymous_45)
FNDA:44,normalizeMedication
FNDA:0,formatInstructionsSummary
DA:70,1
DA:79,1
DA:80,1
DA:85,3
DA:88,2
DA:96,3
DA:97,1
DA:99,2
DA:100,2
DA:101,1
DA:103,1
DA:110,17
DA:111,1
DA:113,16
DA:114,2
DA:116,14
DA:124,50
DA:134,44
DA:135,2
DA:137,42
DA:141,1
DA:145,3
DA:146,2
DA:148,1
DA:152,2
DA:155,151
DA:159,2
DA:160,2
DA:161,2
DA:165,26
DA:166,26
DA:167,1
DA:169,25
DA:170,25
DA:174,1
DA:175,1
DA:176,1
DA:177,1
DA:178,1
DA:182,1
DA:187,7
DA:188,1
DA:190,6
DA:191,1
DA:193,5
DA:199,55
DA:200,55
DA:201,4
DA:203,51
DA:204,51
DA:205,51
DA:206,94
DA:207,94
DA:208,92
DA:210,2
DA:215,15
DA:216,15
DA:217,0
DA:219,15
DA:223,15
DA:232,24
DA:233,2
DA:236,22
DA:237,22
DA:238,5
DA:240,17
DA:241,2
DA:244,15
DA:245,15
DA:246,15
DA:247,7
DA:249,8
DA:250,2
DA:252,6
DA:261,14
DA:263,16
DA:264,15
DA:265,2
DA:268,13
DA:270,13
DA:271,3
DA:272,2
DA:273,1
DA:275,3
DA:276,2
DA:287,3
DA:294,3
DA:297,10
DA:298,10
DA:299,20
DA:301,4
DA:305,20
DA:307,20
DA:324,14
DA:328,0
DA:329,0
DA:330,0
DA:332,0
DA:333,0
DA:337,2
DA:338,2
DA:339,2
DA:340,2
DA:341,2
DA:343,2
DA:344,1
DA:346,1
DA:360,1
DA:362,1
DA:364,0
DA:366,0
DA:368,0
DA:370,0
DA:379,5
DA:380,3
DA:382,5
DA:383,3
DA:385,3
DA:389,7
DA:390,0
DA:392,7
DA:393,7
DA:398,3
DA:400,4
DA:401,1
DA:403,3
DA:410,0
DA:414,0
DA:416,0
DA:417,0
DA:418,0
DA:420,0
DA:423,0
DA:424,0
DA:425,0
DA:426,0
DA:429,0
DA:436,44
DA:437,44
DA:438,44
DA:439,44
DA:440,44
DA:441,0
DA:443,44
DA:465,44
DA:472,0
DA:474,0
DA:476,0
DA:478,0
DA:481,0
LF:150
LH:122
BRDA:94,0,0,3
BRDA:96,1,0,1
BRDA:96,1,1,2
BRDA:100,2,0,1
BRDA:100,2,1,1
BRDA:110,3,0,1
BRDA:110,3,1,16
BRDA:113,4,0,2
BRDA:113,4,1,14
BRDA:113,5,0,16
BRDA:113,5,1,4
BRDA:124,6,0,50
BRDA:124,6,1,14
BRDA:134,7,0,2
BRDA:134,7,1,42
BRDA:145,8,0,2
BRDA:145,8,1,1
BRDA:146,9,0,2
BRDA:146,9,1,1
BRDA:166,10,0,1
BRDA:166,10,1,25
BRDA:173,11,0,1
BRDA:174,12,0,1
BRDA:174,12,1,0
BRDA:187,13,0,1
BRDA:187,13,1,6
BRDA:190,14,0,1
BRDA:190,14,1,5
BRDA:200,15,0,4
BRDA:200,15,1,51
BRDA:204,16,0,50
BRDA:204,16,1,1
BRDA:207,17,0,92
BRDA:207,17,1,2
BRDA:207,18,0,94
BRDA:207,18,1,94
BRDA:210,19,0,2
BRDA:210,19,1,0
BRDA:216,20,0,0
BRDA:216,20,1,15
BRDA:232,21,0,2
BRDA:232,21,1,22
BRDA:237,22,0,5
BRDA:237,22,1,17
BRDA:240,23,0,2
BRDA:240,23,1,15
BRDA:246,24,0,7
BRDA:246,24,1,8
BRDA:249,25,0,2
BRDA:249,25,1,6
BRDA:259,26,0,0
BRDA:264,27,0,2
BRDA:264,27,1,13
BRDA:270,28,0,3
BRDA:270,28,1,10
BRDA:272,29,0,2
BRDA:272,29,1,2
BRDA:280,30,0,2
BRDA:280,30,1,0
BRDA:301,31,0,4
BRDA:301,31,1,4
BRDA:301,31,2,4
BRDA:305,32,0,20
BRDA:305,32,1,0
BRDA:311,33,0,20
BRDA:311,33,1,0
BRDA:328,34,0,0
BRDA:328,34,1,0
BRDA:330,35,0,0
BRDA:330,35,1,0
BRDA:340,36,0,2
BRDA:340,36,1,0
BRDA:344,37,0,1
BRDA:344,37,1,0
BRDA:344,38,0,0
BRDA:344,38,1,0
BRDA:360,39,0,1
BRDA:360,39,1,0
BRDA:360,39,2,0
BRDA:360,39,3,0
BRDA:360,39,4,0
BRDA:380,40,0,3
BRDA:380,40,1,3
BRDA:382,41,0,3
BRDA:382,41,1,2
BRDA:389,42,0,0
BRDA:389,42,1,7
BRDA:392,43,0,7
BRDA:392,43,1,0
BRDA:393,44,0,3
BRDA:393,44,1,4
BRDA:394,45,0,7
BRDA:394,45,1,4
BRDA:394,45,2,4
BRDA:400,46,0,1
BRDA:400,46,1,3
BRDA:400,47,0,4
BRDA:400,47,1,2
BRDA:417,48,0,0
BRDA:417,48,1,0
BRDA:420,49,0,0
BRDA:420,49,1,0
BRDA:420,50,0,0
BRDA:420,50,1,0
BRDA:424,51,0,0
BRDA:424,51,1,0
BRDA:436,52,0,44
BRDA:436,52,1,2
BRDA:437,53,0,44
BRDA:437,53,1,0
BRDA:439,54,0,44
BRDA:439,54,1,32
BRDA:440,55,0,0
BRDA:440,55,1,44
BRDA:440,56,0,44
BRDA:440,56,1,12
BRDA:440,56,2,12
BRDA:448,57,0,44
BRDA:448,57,1,42
BRDA:449,58,0,44
BRDA:449,58,1,38
BRDA:452,59,0,43
BRDA:452,59,1,1
BRDA:454,60,0,44
BRDA:454,60,1,1
BRDA:456,61,0,39
BRDA:456,61,1,5
BRDA:456,62,0,44
BRDA:456,62,1,5
BRDA:460,63,0,1
BRDA:460,63,1,43
BRDA:460,64,0,44
BRDA:460,64,1,43
BRDA:463,65,0,44
BRDA:463,65,1,42
BRDA:472,66,0,0
BRDA:472,66,1,0
BRDA:472,66,2,0
BRDA:472,66,3,0
BRDA:472,66,4,0
BRDA:478,67,0,0
BRDA:478,67,1,0
BRDA:481,68,0,0
BRDA:481,68,1,0
BRF:144
BRH:104
end_of_record
TN:
SF:src/mini-apps/medication-tracker/validation.ts
FN:134,isValidDateKey
FN:146,parseOptionalNonNegativeInteger
FN:164,hasDuplicateSlotTimes
FN:166,(anonymous_3)
FN:171,slotsTooClose
FN:179,(anonymous_5)
FN:180,(anonymous_6)
FN:181,(anonymous_7)
FN:182,(anonymous_8)
FN:193,dosageLooksLikeDigitsOnly
FN:197,buildInstructions
FN:204,assessMedicationWrite
FN:379,(anonymous_12)
FN:390,assessDoseLog
FN:415,(anonymous_14)
FN:439,isDoseDateInCourse
FNF:16
FNH:15
FNDA:7,isValidDateKey
FNDA:6,parseOptionalNonNegativeInteger
FNDA:4,hasDuplicateSlotTimes
FNDA:8,(anonymous_3)
FNDA:4,slotsTooClose
FNDA:8,(anonymous_5)
FNDA:8,(anonymous_6)
FNDA:8,(anonymous_7)
FNDA:4,(anonymous_8)
FNDA:2,dosageLooksLikeDigitsOnly
FNDA:2,buildInstructions
FNDA:4,assessMedicationWrite
FNDA:4,(anonymous_12)
FNDA:4,assessDoseLog
FNDA:8,(anonymous_14)
FNDA:0,isDoseDateInCourse
DA:124,1
DA:125,1
DA:126,1
DA:127,1
DA:128,1
DA:130,1
DA:132,1
DA:135,7
DA:136,7
DA:137,7
DA:138,7
DA:139,7
DA:150,6
DA:151,6
DA:152,3
DA:154,3
DA:155,2
DA:157,1
DA:158,1
DA:159,0
DA:161,1
DA:165,4
DA:166,8
DA:167,4
DA:176,4
DA:177,4
DA:179,8
DA:180,8
DA:181,8
DA:182,4
DA:184,4
DA:185,4
DA:186,4
DA:187,2
DA:190,2
DA:194,2
DA:198,2
DA:205,4
DA:206,4
DA:207,4
DA:208,4
DA:209,4
DA:211,4
DA:212,0
DA:218,4
DA:219,1
DA:225,3
DA:226,0
DA:233,3
DA:235,3
DA:236,0
DA:243,3
DA:245,3
DA:246,0
DA:253,3
DA:254,0
DA:261,3
DA:262,0
DA:269,3
DA:270,3
DA:271,0
DA:277,3
DA:278,1
DA:284,2
DA:285,1
DA:289,2
DA:290,2
DA:291,0
DA:298,2
DA:299,2
DA:300,2
DA:301,0
DA:302,0
DA:303,0
DA:309,0
DA:312,2
DA:313,0
DA:314,0
DA:320,0
DA:321,0
DA:325,2
DA:326,0
DA:333,2
DA:334,1
DA:337,2
DA:338,0
DA:339,0
DA:340,0
DA:348,2
DA:349,0
DA:356,2
DA:361,0
DA:364,2
DA:365,0
DA:368,2
DA:379,4
DA:387,2
DA:391,4
DA:392,4
DA:394,4
DA:395,0
DA:402,4
DA:403,1
DA:404,3
DA:405,1
DA:408,4
DA:409,2
DA:412,4
DA:413,4
DA:414,1
DA:415,8
DA:417,1
DA:418,1
DA:426,4
DA:443,0
LF:115
LH:89
BRDA:135,0,0,0
BRDA:135,0,1,7
BRDA:137,1,0,0
BRDA:137,1,1,7
BRDA:137,2,0,7
BRDA:137,2,1,7
BRDA:137,2,2,7
BRDA:139,3,0,7
BRDA:139,3,1,7
BRDA:139,3,2,7
BRDA:151,4,0,3
BRDA:151,4,1,3
BRDA:154,5,0,2
BRDA:154,5,1,1
BRDA:158,6,0,0
BRDA:158,6,1,1
BRDA:158,7,0,1
BRDA:158,7,1,1
BRDA:158,7,2,1
BRDA:165,8,0,0
BRDA:165,8,1,4
BRDA:174,9,0,4
BRDA:176,10,0,0
BRDA:176,10,1,4
BRDA:184,11,0,0
BRDA:184,11,1,4
BRDA:186,12,0,2
BRDA:186,12,1,2
BRDA:200,13,0,2
BRDA:200,13,1,0
BRDA:200,14,0,2
BRDA:200,14,1,2
BRDA:200,15,0,2
BRDA:200,15,1,2
BRDA:211,16,0,0
BRDA:211,16,1,4
BRDA:218,17,0,1
BRDA:218,17,1,3
BRDA:225,18,0,0
BRDA:225,18,1,3
BRDA:225,19,0,3
BRDA:225,19,1,3
BRDA:235,20,0,0
BRDA:235,20,1,3
BRDA:235,21,0,3
BRDA:235,21,1,0
BRDA:243,22,0,0
BRDA:243,22,1,3
BRDA:243,23,0,3
BRDA:243,23,1,0
BRDA:245,24,0,0
BRDA:245,24,1,3
BRDA:245,25,0,3
BRDA:245,25,1,0
BRDA:253,26,0,0
BRDA:253,26,1,3
BRDA:261,27,0,0
BRDA:261,27,1,3
BRDA:261,28,0,3
BRDA:261,28,1,0
BRDA:269,29,0,3
BRDA:269,29,1,0
BRDA:270,30,0,0
BRDA:270,30,1,3
BRDA:277,31,0,1
BRDA:277,31,1,2
BRDA:284,32,0,1
BRDA:284,32,1,1
BRDA:290,33,0,0
BRDA:290,33,1,2
BRDA:300,34,0,0
BRDA:300,34,1,2
BRDA:302,35,0,0
BRDA:302,35,1,0
BRDA:309,36,0,0
BRDA:309,36,1,0
BRDA:312,37,0,0
BRDA:312,37,1,2
BRDA:313,38,0,0
BRDA:313,38,1,0
BRDA:320,39,0,0
BRDA:320,39,1,0
BRDA:325,40,0,0
BRDA:325,40,1,2
BRDA:333,41,0,1
BRDA:333,41,1,1
BRDA:337,42,0,0
BRDA:337,42,1,2
BRDA:339,43,0,0
BRDA:339,43,1,0
BRDA:348,44,0,0
BRDA:348,44,1,2
BRDA:348,45,0,2
BRDA:348,45,1,0
BRDA:356,46,0,0
BRDA:356,46,1,2
BRDA:357,47,0,2
BRDA:357,47,1,0
BRDA:357,47,2,0
BRDA:364,48,0,0
BRDA:364,48,1,2
BRDA:364,49,0,2
BRDA:364,49,1,0
BRDA:376,50,0,0
BRDA:376,50,1,2
BRDA:377,51,0,0
BRDA:377,51,1,2
BRDA:378,52,0,2
BRDA:378,52,1,0
BRDA:394,53,0,0
BRDA:394,53,1,4
BRDA:402,54,0,1
BRDA:402,54,1,3
BRDA:404,55,0,1
BRDA:404,55,1,2
BRDA:404,56,0,3
BRDA:404,56,1,2
BRDA:408,57,0,2
BRDA:408,57,1,2
BRDA:413,58,0,1
BRDA:413,58,1,3
BRDA:413,59,0,4
BRDA:413,59,1,1
BRDA:415,60,0,8
BRDA:415,60,1,8
BRDA:417,61,0,1
BRDA:417,61,1,0
BRF:127
BRH:80
end_of_record
TN:
SF:src/mini-apps/period-tracker/store.ts
FN:15,clampCycleLength
FN:42,deriveLatestPeriodStreak
FN:46,(anonymous_2)
FN:64,deriveLastPeriodStart
FN:68,applyLoggedPeriodDays
FN:79,(anonymous_5)
FN:86,(anonymous_6)
FN:87,(anonymous_7)
FN:88,(anonymous_8)
FN:89,(anonymous_9)
FN:96,(anonymous_10)
FN:100,(anonymous_11)
FN:105,(anonymous_12)
FN:110,(anonymous_13)
FN:120,(anonymous_14)
FN:125,(anonymous_15)
FN:129,usePeriodTrackerHydrated
FN:136,predictedPeriodSpan
FN:140,isPredictedPeriodDay
FNF:19
FNH:17
FNDA:8,clampCycleLength
FNDA:24,deriveLatestPeriodStreak
FNDA:30,(anonymous_2)
FNDA:3,deriveLastPeriodStart
FNDA:15,applyLoggedPeriodDays
FNDA:3,(anonymous_5)
FNDA:4,(anonymous_6)
FNDA:1,(anonymous_7)
FNDA:4,(anonymous_8)
FNDA:12,(anonymous_9)
FNDA:2,(anonymous_10)
FNDA:9,(anonymous_11)
FNDA:3,(anonymous_12)
FNDA:16,(anonymous_13)
FNDA:3,(anonymous_14)
FNDA:0,(anonymous_15)
FNDA:0,usePeriodTrackerHydrated
FNDA:5,predictedPeriodSpan
FNDA:8,isPredictedPeriodDay
DA:12,3
DA:13,3
DA:16,8
DA:17,1
DA:19,7
DA:43,24
DA:44,3
DA:46,30
DA:47,21
DA:48,21
DA:49,21
DA:50,25
DA:51,25
DA:52,25
DA:53,25
DA:54,22
DA:55,22
DA:57,3
DA:60,21
DA:65,3
DA:69,15
DA:70,15
DA:77,3
DA:79,3
DA:86,4
DA:87,1
DA:88,4
DA:90,12
DA:91,1
DA:93,11
DA:94,11
DA:95,11
DA:96,2
DA:98,11
DA:101,9
DA:106,3
DA:111,16
DA:120,3
DA:125,3
DA:126,0
DA:130,0
DA:134,3
DA:137,5
DA:148,8
DA:149,3
DA:151,5
DA:152,5
DA:153,0
DA:155,5
DA:156,5
LF:50
LH:47
BRDA:16,0,0,1
BRDA:16,0,1,7
BRDA:43,1,0,3
BRDA:43,1,1,21
BRDA:53,2,0,22
BRDA:53,2,1,3
BRDA:65,3,0,3
BRDA:65,3,1,1
BRDA:72,4,0,15
BRDA:72,4,1,1
BRDA:73,5,0,14
BRDA:73,5,1,1
BRDA:90,6,0,1
BRDA:90,6,1,11
BRDA:95,7,0,1
BRDA:95,7,1,10
BRDA:146,8,0,7
BRDA:148,9,0,3
BRDA:148,9,1,5
BRDA:148,10,0,8
BRDA:148,10,1,7
BRDA:148,10,2,6
BRDA:148,10,3,5
BRDA:152,11,0,0
BRDA:152,11,1,5
BRF:25
BRH:24
end_of_record
TN:
SF:src/mini-apps/period-tracker/utils.ts
FN:1,toDateKey
FN:8,parseDateKey
FN:13,startOfDay
FN:17,addDays
FN:23,daysBetween
FN:28,getMonthMatrix
FN:48,getWeekStrip
FN:49,(anonymous_7)
FN:52,predictNextPeriodStart
FN:75,getFertilityMark
FN:106,getCycleDay
FNF:11
FNH:11
FNDA:18,toDateKey
FNDA:141,parseDateKey
FNDA:29,startOfDay
FNDA:35,addDays
FNDA:14,daysBetween
FNDA:1,getMonthMatrix
FNDA:1,getWeekStrip
FNDA:7,(anonymous_7)
FNDA:2,predictNextPeriodStart
FNDA:7,getFertilityMark
FNDA:3,getCycleDay
DA:2,18
DA:3,18
DA:4,18
DA:5,18
DA:9,141
DA:10,141
DA:14,29
DA:18,35
DA:19,35
DA:20,35
DA:24,14
DA:25,14
DA:29,1
DA:30,1
DA:31,1
DA:32,1
DA:33,1
DA:35,1
DA:36,1
DA:37,0
DA:39,1
DA:40,28
DA:42,1
DA:43,0
DA:45,1
DA:49,7
DA:56,2
DA:57,1
DA:59,1
DA:63,3
DA:65,3
DA:67,3
DA:81,7
DA:82,1
DA:85,6
DA:86,6
DA:87,6
DA:88,6
DA:89,6
DA:90,6
DA:91,6
DA:92,6
DA:93,6
DA:94,2
DA:97,4
DA:98,4
DA:99,4
DA:100,2
DA:103,2
DA:107,3
DA:108,1
DA:110,2
DA:111,2
LF:53
LH:51
BRDA:56,0,0,1
BRDA:56,0,1,1
BRDA:79,1,0,6
BRDA:81,2,0,1
BRDA:81,2,1,6
BRDA:81,3,0,7
BRDA:81,3,1,6
BRDA:81,3,2,6
BRDA:93,4,0,2
BRDA:93,4,1,4
BRDA:99,5,0,2
BRDA:99,5,1,2
BRDA:99,6,0,4
BRDA:99,6,1,3
BRDA:106,7,0,1
BRDA:107,8,0,1
BRDA:107,8,1,2
BRDA:111,9,0,1
BRDA:111,9,1,1
BRF:19
BRH:19
end_of_record
TN:
SF:src/mini-apps/period-tracker/validation.ts
FN:48,isValidDateKey
FN:56,assessPeriodDayToggle
FNF:2
FNH:2
FNDA:6,isValidDateKey
FNDA:4,assessPeriodDayToggle
DA:43,1
DA:44,1
DA:46,1
DA:49,6
DA:50,6
DA:51,6
DA:52,6
DA:53,6
DA:57,4
DA:58,4
DA:60,4
DA:61,1
DA:69,3
DA:70,0
DA:79,3
DA:80,3
DA:81,1
DA:84,3
DA:85,3
DA:86,1
DA:93,3
DA:94,3
DA:95,3
DA:96,1
DA:103,3
DA:104,3
DA:105,0
DA:113,3
LF:28
LH:26
BRDA:49,0,0,0
BRDA:49,0,1,6
BRDA:51,1,0,0
BRDA:51,1,1,6
BRDA:51,2,0,6
BRDA:51,2,1,6
BRDA:51,2,2,6
BRDA:53,3,0,6
BRDA:53,3,1,6
BRDA:53,3,2,6
BRDA:60,4,0,1
BRDA:60,4,1,3
BRDA:69,5,0,0
BRDA:69,5,1,3
BRDA:69,6,0,3
BRDA:69,6,1,3
BRDA:79,7,0,3
BRDA:79,7,1,0
BRDA:80,8,0,1
BRDA:80,8,1,2
BRDA:85,9,0,1
BRDA:85,9,1,2
BRDA:95,10,0,1
BRDA:95,10,1,2
BRDA:95,11,0,3
BRDA:95,11,1,3
BRDA:104,12,0,0
BRDA:104,12,1,3
BRDA:104,13,0,3
BRDA:104,13,1,3
BRF:30
BRH:25
end_of_record
TN:
SF:src/mini-apps/pregnancy-tracker/alerts.ts
FN:32,(anonymous_0)
FN:33,(anonymous_1)
FN:35,(anonymous_2)
FN:36,(anonymous_3)
FN:38,(anonymous_4)
FN:39,(anonymous_5)
FN:40,(anonymous_6)
FN:41,(anonymous_7)
FN:43,(anonymous_8)
FN:44,(anonymous_9)
FN:45,(anonymous_10)
FN:46,(anonymous_11)
FN:51,collectMaternalTtAlerts
FN:76,collectPregnancyAlerts
FN:138,(anonymous_14)
FN:163,evaluatePregnancyAlerts
FNF:16
FNH:11
FNDA:1,(anonymous_0)
FNDA:1,(anonymous_1)
FNDA:0,(anonymous_2)
FNDA:0,(anonymous_3)
FNDA:1,(anonymous_4)
FNDA:1,(anonymous_5)
FNDA:0,(anonymous_6)
FNDA:0,(anonymous_7)
FNDA:1,(anonymous_8)
FNDA:1,(anonymous_9)
FNDA:1,(anonymous_10)
FNDA:1,(anonymous_11)
FNDA:4,collectMaternalTtAlerts
FNDA:4,collectPregnancyAlerts
FNDA:6,(anonymous_14)
FNDA:0,evaluatePregnancyAlerts
DA:31,1
DA:32,1
DA:34,1
DA:35,0
DA:37,0
DA:38,1
DA:39,1
DA:40,0
DA:42,0
DA:43,1
DA:44,1
DA:45,1
DA:47,1
DA:56,4
DA:57,4
DA:58,4
DA:60,4
DA:61,3
DA:64,1
DA:86,4
DA:87,4
DA:96,4
DA:97,3
DA:99,1
DA:100,0
DA:103,1
DA:104,1
DA:105,1
DA:107,1
DA:108,1
DA:109,1
DA:110,1
DA:117,0
DA:118,0
DA:125,0
DA:126,0
DA:127,0
DA:137,1
DA:138,6
DA:139,1
DA:140,1
DA:149,1
DA:150,1
DA:159,1
DA:175,0
DA:176,0
DA:179,0
DA:180,0
DA:181,0
DA:182,0
DA:183,0
DA:200,0
DA:205,0
LF:53
LH:34
BRDA:34,0,0,1
BRDA:34,0,1,0
BRDA:56,1,0,4
BRDA:56,1,1,2
BRDA:58,2,0,4
BRDA:58,2,1,0
BRDA:60,3,0,3
BRDA:60,3,1,1
BRDA:86,4,0,4
BRDA:86,4,1,4
BRDA:89,5,0,4
BRDA:89,5,1,3
BRDA:96,6,0,3
BRDA:96,6,1,1
BRDA:96,7,0,4
BRDA:96,7,1,3
BRDA:99,8,0,0
BRDA:99,8,1,1
BRDA:99,9,0,1
BRDA:99,9,1,1
BRDA:103,10,0,1
BRDA:103,10,1,0
BRDA:105,11,0,1
BRDA:105,11,1,0
BRDA:108,12,0,1
BRDA:108,12,1,0
BRDA:109,13,0,1
BRDA:109,13,1,0
BRDA:117,14,0,0
BRDA:117,14,1,0
BRDA:117,15,0,0
BRDA:117,15,1,0
BRDA:125,16,0,0
BRDA:125,16,1,0
BRDA:138,17,0,6
BRDA:138,17,1,1
BRDA:139,18,0,1
BRDA:139,18,1,0
BRDA:149,19,0,1
BRDA:149,19,1,0
BRDA:175,20,0,0
BRDA:175,20,1,0
BRDA:175,21,0,0
BRDA:175,21,1,0
BRDA:190,22,0,0
BRDA:190,22,1,0
BRDA:195,23,0,0
BRDA:195,23,1,0
BRF:48
BRH:25
end_of_record
TN:
SF:src/mini-apps/pregnancy-tracker/constants.ts
FNF:0
FNH:0
DA:1,2
DA:2,2
DA:4,2
DA:6,2
DA:18,2
LF:5
LH:5
BRF:0
BRH:0
end_of_record
TN:
SF:src/mini-apps/pregnancy-tracker/localize.ts
FN:7,localizeMood
FN:11,localizeSymptom
FN:15,localizeMoodOptions
FN:16,(anonymous_3)
FN:19,localizeSymptomOptions
FN:20,(anonymous_5)
FN:23,localizeMilestone
FN:35,localizeMilestones
FN:36,(anonymous_8)
FN:39,localizePregnancyMilestone
FN:46,localizeTrimester
FN:50,buildPregnancyAlertCopy
FN:52,(anonymous_12)
FN:54,(anonymous_13)
FN:58,(anonymous_14)
FN:60,(anonymous_15)
FN:62,(anonymous_16)
FN:63,(anonymous_17)
FN:64,(anonymous_18)
FN:66,(anonymous_19)
FN:68,(anonymous_20)
FN:69,(anonymous_21)
FN:70,(anonymous_22)
FN:71,(anonymous_23)
FNF:24
FNH:24
FNDA:7,localizeMood
FNDA:10,localizeSymptom
FNDA:1,localizeMoodOptions
FNDA:6,(anonymous_3)
FNDA:1,localizeSymptomOptions
FNDA:9,(anonymous_5)
FNDA:8,localizeMilestone
FNDA:1,localizeMilestones
FNDA:6,(anonymous_8)
FNDA:1,localizePregnancyMilestone
FNDA:1,localizeTrimester
FNDA:1,buildPregnancyAlertCopy
FNDA:1,(anonymous_12)
FNDA:3,(anonymous_13)
FNDA:1,(anonymous_14)
FNDA:1,(anonymous_15)
FNDA:1,(anonymous_16)
FNDA:1,(anonymous_17)
FNDA:1,(anonymous_18)
FNDA:1,(anonymous_19)
FNDA:1,(anonymous_20)
FNDA:1,(anonymous_21)
FNDA:1,(anonymous_22)
FNDA:1,(anonymous_23)
DA:8,7
DA:12,10
DA:16,6
DA:20,9
DA:27,8
DA:36,6
DA:40,1
DA:47,1
DA:51,1
DA:53,1
DA:55,3
DA:59,1
DA:61,1
DA:62,1
DA:63,1
DA:65,1
DA:67,1
DA:68,1
DA:69,1
DA:70,1
DA:71,1
LF:21
LH:21
BRDA:8,0,0,7
BRDA:8,0,1,0
BRDA:12,1,0,10
BRDA:12,1,1,0
BRDA:29,2,0,8
BRDA:29,2,1,0
BRDA:31,3,0,8
BRDA:31,3,1,0
BRDA:55,4,0,1
BRDA:55,4,1,2
BRF:10
BRH:6
end_of_record
TN:
SF:src/mini-apps/pregnancy-tracker/maternal-tt.ts
FN:20,isMaternalTtDoseId
FN:24,maternalTtDoseIndex
FN:28,sortMaternalTtDoses
FN:29,(anonymous_3)
FN:32,getMaternalTtDose
FN:36,(anonymous_5)
FN:40,getNextMaternalTtDoseId
FN:49,getPreviousMaternalTtDoseId
FN:57,maternalTtSummary
FN:62,(anonymous_9)
FN:73,daysSincePreviousTtDose
FN:90,isMaternalTt2Due
FNF:12
FNH:11
FNDA:0,isMaternalTtDoseId
FNDA:4,maternalTtDoseIndex
FNDA:6,sortMaternalTtDoses
FNDA:1,(anonymous_3)
FNDA:34,getMaternalTtDose
FNDA:35,(anonymous_5)
FNDA:5,getNextMaternalTtDoseId
FNDA:2,getPreviousMaternalTtDoseId
FNDA:1,maternalTtSummary
FNDA:5,(anonymous_9)
FNDA:1,daysSincePreviousTtDose
FNDA:7,isMaternalTt2Due
DA:8,2
DA:18,2
DA:21,0
DA:25,4
DA:29,6
DA:36,35
DA:41,5
DA:42,11
DA:43,5
DA:46,0
DA:50,2
DA:51,2
DA:52,0
DA:54,2
DA:62,1
DA:63,5
DA:65,1
DA:78,1
DA:79,1
DA:80,0
DA:82,1
DA:83,1
DA:84,0
DA:86,1
DA:91,7
DA:92,7
DA:93,7
DA:94,4
DA:96,3
LF:29
LH:24
BRDA:42,0,0,5
BRDA:42,0,1,6
BRDA:51,1,0,0
BRDA:51,1,1,2
BRDA:54,2,0,2
BRDA:54,2,1,0
BRDA:79,3,0,0
BRDA:79,3,1,1
BRDA:83,4,0,0
BRDA:83,4,1,1
BRDA:93,5,0,4
BRDA:93,5,1,3
BRDA:93,6,0,7
BRDA:93,6,1,4
BRF:14
BRH:10
end_of_record
TN:
SF:src/mini-apps/pregnancy-tracker/store.ts
FN:84,pausePeriodTrackerForPregnancy
FN:88,resumePeriodTracker
FN:95,newPregnancyId
FN:99,archiveDailyLogs
FN:100,(anonymous_4)
FN:103,archiveActive
FN:126,clearPregnancyTimeline
FN:144,(anonymous_7)
FN:157,(anonymous_8)
FN:177,(anonymous_9)
FN:197,(anonymous_10)
FN:198,(anonymous_11)
FN:202,(anonymous_12)
FN:203,(anonymous_13)
FN:208,(anonymous_14)
FN:210,(anonymous_15)
FN:213,(anonymous_16)
FN:226,(anonymous_17)
FN:245,(anonymous_18)
FN:265,(anonymous_19)
FN:268,(anonymous_20)
FN:286,(anonymous_21)
FN:287,(anonymous_22)
FN:290,(anonymous_23)
FN:314,(anonymous_24)
FN:318,usePregnancyTrackerHydrated
FN:322,getTodayLog
FN:332,listRecentDailyLogs
FN:337,(anonymous_28)
FNF:29
FNH:24
FNDA:7,pausePeriodTrackerForPregnancy
FNDA:2,resumePeriodTracker
FNDA:5,newPregnancyId
FNDA:2,archiveDailyLogs
FNDA:0,(anonymous_4)
FNDA:2,archiveActive
FNDA:2,clearPregnancyTimeline
FNDA:2,(anonymous_7)
FNDA:6,(anonymous_8)
FNDA:1,(anonymous_9)
FNDA:3,(anonymous_10)
FNDA:4,(anonymous_11)
FNDA:4,(anonymous_12)
FNDA:1,(anonymous_13)
FNDA:1,(anonymous_14)
FNDA:2,(anonymous_15)
FNDA:1,(anonymous_16)
FNDA:1,(anonymous_17)
FNDA:1,(anonymous_18)
FNDA:1,(anonymous_19)
FNDA:8,(anonymous_20)
FNDA:2,(anonymous_21)
FNDA:0,(anonymous_22)
FNDA:0,(anonymous_23)
FNDA:0,(anonymous_24)
FNDA:0,usePregnancyTrackerHydrated
FNDA:5,getTodayLog
FNDA:1,listRecentDailyLogs
FNDA:1,(anonymous_28)
DA:85,7
DA:89,2
DA:90,2
DA:91,2
DA:96,5
DA:100,2
DA:107,2
DA:108,0
DA:110,2
DA:111,2
DA:127,2
DA:142,2
DA:144,2
DA:158,6
DA:159,6
DA:160,0
DA:162,6
DA:163,6
DA:175,6
DA:178,1
DA:179,1
DA:180,0
DA:182,1
DA:183,1
DA:195,1
DA:197,3
DA:199,4
DA:200,4
DA:203,4
DA:204,4
DA:209,1
DA:210,2
DA:214,1
DA:215,1
DA:216,0
DA:218,1
DA:227,1
DA:228,1
DA:229,0
DA:231,1
DA:238,1
DA:243,1
DA:246,1
DA:247,1
DA:248,0
DA:250,1
DA:251,1
DA:258,1
DA:263,1
DA:266,1
DA:269,8
DA:286,2
DA:288,0
DA:289,0
DA:290,0
DA:296,0
DA:314,2
DA:315,0
DA:319,0
DA:323,5
DA:336,1
DA:337,1
LF:62
LH:50
BRDA:90,0,0,2
BRDA:90,0,1,0
BRDA:90,1,0,2
BRDA:90,1,1,2
BRDA:107,2,0,0
BRDA:107,2,1,2
BRDA:107,3,0,2
BRDA:107,3,1,2
BRDA:107,3,2,2
BRDA:107,3,3,2
BRDA:117,4,0,2
BRDA:117,4,1,0
BRDA:117,4,2,0
BRDA:122,5,0,1
BRDA:122,5,1,1
BRDA:122,6,0,2
BRDA:122,6,1,1
BRDA:159,7,0,0
BRDA:159,7,1,6
BRDA:162,8,0,6
BRDA:162,8,1,1
BRDA:164,9,0,5
BRDA:164,9,1,1
BRDA:172,10,0,5
BRDA:172,10,1,1
BRDA:173,11,0,1
BRDA:173,11,1,5
BRDA:179,12,0,0
BRDA:179,12,1,1
BRDA:182,13,0,1
BRDA:182,13,1,1
BRDA:184,14,0,0
BRDA:184,14,1,1
BRDA:192,15,0,0
BRDA:192,15,1,1
BRDA:193,16,0,0
BRDA:193,16,1,1
BRDA:215,17,0,0
BRDA:215,17,1,1
BRDA:215,18,0,1
BRDA:215,18,1,1
BRDA:228,19,0,0
BRDA:228,19,1,1
BRDA:240,20,0,1
BRDA:240,20,1,0
BRDA:247,21,0,0
BRDA:247,21,1,1
BRDA:247,22,0,1
BRDA:247,22,1,0
BRDA:250,23,0,0
BRDA:250,23,1,1
BRDA:260,24,0,1
BRDA:260,24,1,0
BRDA:288,25,0,0
BRDA:288,25,1,0
BRDA:289,26,0,0
BRDA:289,26,1,0
BRDA:290,27,0,0
BRDA:290,27,1,0
BRDA:292,28,0,0
BRDA:292,28,1,0
BRDA:293,29,0,0
BRDA:293,29,1,0
BRDA:294,30,0,0
BRDA:294,30,1,0
BRDA:298,31,0,0
BRDA:298,31,1,0
BRDA:298,32,0,0
BRDA:298,32,1,0
BRDA:299,33,0,0
BRDA:299,33,1,0
BRDA:299,34,0,0
BRDA:299,34,1,0
BRDA:300,35,0,0
BRDA:300,35,1,0
BRDA:301,36,0,0
BRDA:301,36,1,0
BRDA:303,37,0,0
BRDA:303,37,1,0
BRDA:303,38,0,0
BRDA:303,38,1,0
BRDA:304,39,0,0
BRDA:304,39,1,0
BRDA:306,40,0,0
BRDA:306,40,1,0
BRDA:322,41,0,0
BRDA:334,42,0,0
BRF:87
BRH:37
end_of_record
TN:
SF:src/mini-apps/pregnancy-tracker/utils.ts
FN:22,calculateDueDateFromLmp
FN:26,calculateLmpFromDueDate
FN:30,getGestationalAge
FN:59,getDaysUntilDue
FN:70,getDaysSinceBirth
FN:80,formatDueDate
FN:89,getUpcomingMilestones
FN:100,(anonymous_7)
FN:111,getTrimesterLabel
FNF:9
FNH:8
FNDA:11,calculateDueDateFromLmp
FNDA:4,calculateLmpFromDueDate
FNDA:5,getGestationalAge
FNDA:3,getDaysUntilDue
FNDA:0,getDaysSinceBirth
FNDA:1,formatDueDate
FNDA:3,getUpcomingMilestones
FNDA:12,(anonymous_7)
FNDA:3,getTrimesterLabel
DA:23,11
DA:27,4
DA:34,5
DA:35,1
DA:38,4
DA:39,4
DA:40,4
DA:41,4
DA:43,4
DA:44,4
DA:45,2
DA:46,2
DA:47,1
DA:50,4
DA:63,3
DA:64,1
DA:66,2
DA:74,0
DA:75,0
DA:77,0
DA:81,1
DA:93,3
DA:94,1
DA:97,2
DA:98,2
DA:100,2
DA:101,12
DA:102,12
DA:103,12
DA:112,3
DA:114,1
DA:116,1
DA:118,1
LF:33
LH:30
BRDA:32,0,0,1
BRDA:34,1,0,1
BRDA:34,1,1,4
BRDA:44,2,0,2
BRDA:44,2,1,2
BRDA:46,3,0,1
BRDA:46,3,1,1
BRDA:61,4,0,1
BRDA:63,5,0,1
BRDA:63,5,1,2
BRDA:72,6,0,0
BRDA:74,7,0,0
BRDA:74,7,1,0
BRDA:91,8,0,1
BRDA:93,9,0,1
BRDA:93,9,1,2
BRDA:112,10,0,1
BRDA:112,10,1,1
BRDA:112,10,2,1
BRF:19
BRH:16
end_of_record
TN:
SF:src/mini-apps/pregnancy-tracker/validation.ts
FN:119,isValidDateKey
FN:127,assessPregnancySetupDraft
FN:236,assessPregnancyLogDraft
FN:266,(anonymous_3)
FN:319,assessMaternalTtDraft
FN:413,assessBirthDraft
FNF:6
FNH:5
FNDA:16,isValidDateKey
FNDA:6,assessPregnancySetupDraft
FNDA:4,assessPregnancyLogDraft
FNDA:0,(anonymous_3)
FNDA:3,assessMaternalTtDraft
FNDA:1,assessBirthDraft
DA:105,1
DA:106,1
DA:107,1
DA:108,1
DA:109,1
DA:111,1
DA:113,1
DA:115,1
DA:116,1
DA:117,1
DA:120,16
DA:121,16
DA:122,16
DA:123,16
DA:124,16
DA:128,6
DA:130,6
DA:131,1
DA:138,5
DA:139,1
DA:146,4
DA:147,0
DA:154,4
DA:155,4
DA:157,4
DA:158,3
DA:159,1
DA:165,2
DA:166,2
DA:167,1
DA:174,1
DA:175,1
DA:176,0
DA:182,1
DA:183,0
DA:190,1
DA:191,1
DA:192,1
DA:193,0
DA:201,3
DA:202,3
DA:203,0
DA:210,3
DA:211,1
DA:214,3
DA:215,1
DA:216,2
DA:217,1
DA:221,3
DA:222,2
DA:225,3
DA:237,4
DA:239,4
DA:240,0
DA:247,4
DA:248,4
DA:249,1
DA:256,4
DA:257,4
DA:258,0
DA:265,4
DA:266,4
DA:269,4
DA:270,2
DA:271,2
DA:272,0
DA:278,2
DA:279,2
DA:280,1
DA:288,4
DA:289,1
DA:292,4
DA:320,3
DA:322,3
DA:323,0
DA:330,3
DA:331,0
DA:338,3
DA:339,1
DA:346,2
DA:347,2
DA:348,2
DA:349,1
DA:360,1
DA:361,1
DA:362,1
DA:363,1
DA:364,0
DA:374,1
DA:375,0
DA:381,1
DA:382,1
DA:383,1
DA:391,1
DA:414,1
DA:416,1
DA:417,0
DA:424,1
DA:425,0
DA:432,1
DA:433,1
DA:440,0
DA:441,0
DA:447,0
LF:104
LH:87
BRDA:120,0,0,0
BRDA:120,0,1,16
BRDA:122,1,0,0
BRDA:122,1,1,16
BRDA:122,2,0,16
BRDA:122,2,1,16
BRDA:122,2,2,16
BRDA:124,3,0,16
BRDA:124,3,1,16
BRDA:124,3,2,16
BRDA:130,4,0,1
BRDA:130,4,1,5
BRDA:138,5,0,1
BRDA:138,5,1,4
BRDA:146,6,0,0
BRDA:146,6,1,4
BRDA:146,7,0,4
BRDA:146,7,1,4
BRDA:157,8,0,3
BRDA:157,8,1,1
BRDA:158,9,0,1
BRDA:158,9,1,2
BRDA:166,10,0,1
BRDA:166,10,1,1
BRDA:175,11,0,0
BRDA:175,11,1,1
BRDA:182,12,0,0
BRDA:182,12,1,1
BRDA:192,13,0,0
BRDA:192,13,1,1
BRDA:192,14,0,1
BRDA:192,14,1,0
BRDA:201,15,0,3
BRDA:201,15,1,0
BRDA:202,16,0,0
BRDA:202,16,1,3
BRDA:210,17,0,1
BRDA:210,17,1,2
BRDA:214,18,0,1
BRDA:214,18,1,2
BRDA:216,19,0,1
BRDA:216,19,1,1
BRDA:221,20,0,2
BRDA:221,20,1,1
BRDA:239,21,0,0
BRDA:239,21,1,4
BRDA:239,22,0,4
BRDA:239,22,1,4
BRDA:248,23,0,1
BRDA:248,23,1,3
BRDA:257,24,0,0
BRDA:257,24,1,4
BRDA:265,25,0,0
BRDA:265,25,1,4
BRDA:265,26,0,4
BRDA:265,26,1,0
BRDA:269,27,0,2
BRDA:269,27,1,2
BRDA:271,28,0,0
BRDA:271,28,1,2
BRDA:279,29,0,1
BRDA:279,29,1,1
BRDA:279,30,0,2
BRDA:279,30,1,1
BRDA:288,31,0,1
BRDA:288,31,1,3
BRDA:288,32,0,4
BRDA:288,32,1,4
BRDA:288,32,2,4
BRDA:288,32,3,2
BRDA:288,32,4,2
BRDA:301,33,0,2
BRDA:301,33,1,2
BRDA:322,34,0,0
BRDA:322,34,1,3
BRDA:330,35,0,0
BRDA:330,35,1,3
BRDA:330,36,0,3
BRDA:330,36,1,3
BRDA:338,37,0,1
BRDA:338,37,1,2
BRDA:348,38,0,1
BRDA:348,38,1,1
BRDA:348,39,0,2
BRDA:348,39,1,2
BRDA:353,40,0,1
BRDA:353,40,1,0
BRDA:361,41,0,1
BRDA:361,41,1,0
BRDA:363,42,0,0
BRDA:363,42,1,1
BRDA:374,43,0,0
BRDA:374,43,1,1
BRDA:382,44,0,1
BRDA:382,44,1,0
BRDA:382,45,0,1
BRDA:382,45,1,1
BRDA:416,46,0,0
BRDA:416,46,1,1
BRDA:424,47,0,0
BRDA:424,47,1,1
BRDA:424,48,0,1
BRDA:424,48,1,1
BRDA:432,49,0,1
BRDA:432,49,1,0
BRDA:440,50,0,0
BRDA:440,50,1,0
BRDA:440,51,0,0
BRDA:440,51,1,0
BRF:109
BRH:81
end_of_record
TN:
SF:src/mini-apps/vitals-tracker/constants.ts
FNF:0
FNH:0
DA:1,3
DA:19,3
DA:49,3
DA:85,3
LF:4
LH:4
BRF:0
BRH:0
end_of_record
TN:
SF:src/mini-apps/vitals-tracker/localize.ts
FN:6,localizeVitalType
FN:10,localizeVitalTypeOptions
FN:11,(anonymous_2)
FN:17,localizeUnitChip
FN:26,localizeBloodSugarContext
FN:30,localizeBloodSugarContextOptions
FN:33,(anonymous_6)
FNF:7
FNH:7
FNDA:9,localizeVitalType
FNDA:1,localizeVitalTypeOptions
FNDA:8,(anonymous_2)
FNDA:2,localizeUnitChip
FNDA:5,localizeBloodSugarContext
FNDA:1,localizeBloodSugarContextOptions
FNDA:4,(anonymous_6)
DA:7,9
DA:11,8
DA:18,2
DA:19,2
DA:20,2
DA:21,1
DA:23,1
DA:27,5
DA:33,4
LF:9
LH:9
BRDA:20,0,0,1
BRDA:20,0,1,1
BRF:2
BRH:2
end_of_record
TN:
SF:src/mini-apps/vitals-tracker/store.ts
FN:30,(anonymous_0)
FN:34,(anonymous_1)
FN:54,(anonymous_2)
FN:55,(anonymous_3)
FN:57,(anonymous_4)
FN:60,(anonymous_5)
FN:66,(anonymous_6)
FN:76,(anonymous_7)
FN:85,(anonymous_8)
FN:90,(anonymous_9)
FN:94,useVitalsTrackerHydrated
FN:98,preferUnitForType
FNF:12
FNH:9
FNDA:3,(anonymous_0)
FNDA:2,(anonymous_1)
FNDA:1,(anonymous_2)
FNDA:1,(anonymous_3)
FNDA:1,(anonymous_4)
FNDA:1,(anonymous_5)
FNDA:3,(anonymous_6)
FNDA:0,(anonymous_7)
FNDA:3,(anonymous_8)
FNDA:0,(anonymous_9)
FNDA:0,useVitalsTrackerHydrated
FNDA:8,preferUnitForType
DA:28,3
DA:30,3
DA:35,2
DA:51,2
DA:52,2
DA:55,1
DA:58,1
DA:61,1
DA:67,3
DA:77,0
DA:78,0
DA:85,3
DA:90,3
DA:91,0
DA:95,0
DA:99,8
DA:101,1
DA:103,1
DA:105,1
DA:107,1
DA:109,1
DA:111,1
DA:113,1
DA:115,1
LF:24
LH:20
BRDA:37,0,0,2
BRDA:37,0,1,2
BRDA:46,1,0,2
BRDA:46,1,1,2
BRDA:48,2,0,2
BRDA:48,2,1,2
BRDA:49,3,0,2
BRDA:49,3,1,2
BRDA:62,4,0,1
BRDA:62,4,1,0
BRDA:77,5,0,0
BRDA:77,5,1,0
BRDA:79,6,0,0
BRDA:79,6,1,0
BRDA:80,7,0,0
BRDA:80,7,1,0
BRDA:82,8,0,0
BRDA:82,8,1,0
BRDA:99,9,0,1
BRDA:99,9,1,1
BRDA:99,9,2,1
BRDA:99,9,3,1
BRDA:99,9,4,1
BRDA:99,9,5,1
BRDA:99,9,6,1
BRDA:99,9,7,1
BRF:26
BRH:17
end_of_record
TN:
SF:src/mini-apps/vitals-tracker/utils.ts
FN:17,formatRecordedAt
FN:30,unitLabel
FN:61,formatVitalValue
FN:115,roundDisplay
FN:122,getLatestByType
FN:125,(anonymous_5)
FN:135,getRecentEntries
FN:137,(anonymous_7)
FN:141,convertBloodSugar
FN:147,convertTemperature
FN:157,convertWeight
FN:163,heightToCm
FN:180,cmToHeightParts
FN:190,parsePositiveNumber
FN:198,orderedVitalTypes
FNF:15
FNH:13
FNDA:0,formatRecordedAt
FNDA:8,unitLabel
FNDA:8,formatVitalValue
FNDA:5,roundDisplay
FNDA:1,getLatestByType
FNDA:3,(anonymous_5)
FNDA:1,getRecentEntries
FNDA:3,(anonymous_7)
FNDA:13,convertBloodSugar
FNDA:7,convertTemperature
FNDA:8,convertWeight
FNDA:3,heightToCm
FNDA:2,cmToHeightParts
FNDA:37,parsePositiveNumber
FNDA:0,orderedVitalTypes
DA:13,1
DA:14,1
DA:15,1
DA:18,0
DA:19,0
DA:20,0
DA:22,0
DA:31,8
DA:33,1
DA:35,3
DA:37,0
DA:39,0
DA:41,0
DA:43,1
DA:45,0
DA:47,1
DA:49,0
DA:51,0
DA:53,1
DA:55,1
DA:57,0
DA:62,8
DA:63,2
DA:64,2
DA:65,2
DA:66,1
DA:68,1
DA:71,6
DA:72,3
DA:73,1
DA:74,1
DA:75,1
DA:77,2
DA:78,1
DA:80,1
DA:81,1
DA:82,1
DA:84,0
DA:87,3
DA:88,0
DA:91,3
DA:92,1
DA:93,1
DA:94,1
DA:95,1
DA:98,2
DA:99,1
DA:100,1
DA:101,1
DA:102,1
DA:105,1
DA:106,1
DA:107,1
DA:108,1
DA:109,1
DA:112,0
DA:116,5
DA:117,2
DA:119,3
DA:123,1
DA:124,1
DA:125,3
DA:127,1
DA:128,3
DA:129,2
DA:132,1
DA:136,1
DA:137,3
DA:142,13
DA:143,5
DA:144,2
DA:152,7
DA:153,4
DA:154,2
DA:158,8
DA:159,2
DA:160,0
DA:169,3
DA:170,1
DA:172,2
DA:173,2
DA:174,2
DA:175,0
DA:177,2
DA:181,2
DA:182,2
DA:183,2
DA:184,2
DA:185,0
DA:187,2
DA:191,37
DA:192,37
DA:193,36
DA:194,36
DA:195,34
DA:199,0
LF:96
LH:78
BRDA:19,0,0,0
BRDA:19,0,1,0
BRDA:31,1,0,1
BRDA:31,1,1,3
BRDA:31,1,2,0
BRDA:31,1,3,0
BRDA:31,1,4,0
BRDA:31,1,5,1
BRDA:31,1,6,0
BRDA:31,1,7,1
BRDA:31,1,8,0
BRDA:31,1,9,0
BRDA:31,1,10,1
BRDA:31,1,11,1
BRDA:31,1,12,0
BRDA:62,2,0,2
BRDA:62,2,1,6
BRDA:65,3,0,1
BRDA:65,3,1,1
BRDA:65,4,0,2
BRDA:65,4,1,1
BRDA:71,5,0,3
BRDA:71,5,1,3
BRDA:72,6,0,1
BRDA:72,6,1,2
BRDA:73,7,0,1
BRDA:73,7,1,0
BRDA:74,8,0,1
BRDA:74,8,1,0
BRDA:77,9,0,1
BRDA:77,9,1,1
BRDA:77,10,0,2
BRDA:77,10,1,1
BRDA:80,11,0,1
BRDA:80,11,1,0
BRDA:87,12,0,0
BRDA:87,12,1,3
BRDA:87,13,0,3
BRDA:87,13,1,3
BRDA:91,14,0,1
BRDA:91,14,1,2
BRDA:91,15,0,3
BRDA:91,15,1,3
BRDA:92,16,0,0
BRDA:92,16,1,1
BRDA:98,17,0,1
BRDA:98,17,1,1
BRDA:98,18,0,2
BRDA:98,18,1,2
BRDA:99,19,0,0
BRDA:99,19,1,1
BRDA:105,20,0,1
BRDA:105,20,1,0
BRDA:105,21,0,1
BRDA:105,21,1,1
BRDA:106,22,0,0
BRDA:106,22,1,1
BRDA:116,23,0,2
BRDA:116,23,1,3
BRDA:128,24,0,2
BRDA:128,24,1,1
BRDA:135,25,0,0
BRDA:142,26,0,8
BRDA:142,26,1,5
BRDA:143,27,0,3
BRDA:143,27,1,2
BRDA:143,28,0,5
BRDA:143,28,1,3
BRDA:152,29,0,3
BRDA:152,29,1,4
BRDA:153,30,0,2
BRDA:153,30,1,2
BRDA:153,31,0,4
BRDA:153,31,1,2
BRDA:158,32,0,6
BRDA:158,32,1,2
BRDA:159,33,0,2
BRDA:159,33,1,0
BRDA:159,34,0,2
BRDA:159,34,1,2
BRDA:169,35,0,1
BRDA:169,35,1,2
BRDA:170,36,0,0
BRDA:170,36,1,1
BRDA:170,37,0,1
BRDA:170,37,1,1
BRDA:172,38,0,2
BRDA:172,38,1,0
BRDA:173,39,0,2
BRDA:173,39,1,0
BRDA:174,40,0,0
BRDA:174,40,1,2
BRDA:174,41,0,2
BRDA:174,41,1,2
BRDA:184,42,0,0
BRDA:184,42,1,2
BRDA:192,43,0,1
BRDA:192,43,1,36
BRDA:194,44,0,2
BRDA:194,44,1,34
BRDA:194,45,0,36
BRDA:194,45,1,35
BRF:102
BRH:78
end_of_record
TN:
SF:src/mini-apps/vitals-tracker/validation.ts
FN:104,round1
FN:108,sugarToMgDl
FN:115,tempToC
FN:122,weightToKg
FN:129,entrySugarMgDl
FN:137,entryTempC
FN:145,entryWeightKg
FN:156,detectTypoSuggestion
FN:201,softUnusualSingle
FN:211,trendIssue
FN:308,assessVitalDraft
FN:637,applySuggestedValue
FN:651,getPreviousEntry
FN:653,(anonymous_13)
FN:654,(anonymous_14)
FN:657,isValidVitalDraft
FN:662,buildVitalEntryPayload
FNF:17
FNH:13
FNDA:21,round1
FNDA:10,sugarToMgDl
FNDA:4,tempToC
FNDA:6,weightToKg
FNDA:1,entrySugarMgDl
FNDA:1,entryTempC
FNDA:1,entryWeightKg
FNDA:23,detectTypoSuggestion
FNDA:17,softUnusualSingle
FNDA:16,trendIssue
FNDA:28,assessVitalDraft
FNDA:0,applySuggestedValue
FNDA:0,getPreviousEntry
FNDA:0,(anonymous_13)
FNDA:0,(anonymous_14)
FNDA:2,isValidVitalDraft
FNDA:1,buildVitalEntryPayload
DA:62,1
DA:69,1
DA:80,1
DA:92,1
DA:105,21
DA:109,10
DA:110,10
DA:112,0
DA:116,4
DA:117,4
DA:119,0
DA:123,6
DA:124,6
DA:126,0
DA:130,1
DA:131,1
DA:132,1
DA:134,0
DA:138,1
DA:139,1
DA:140,1
DA:142,0
DA:146,1
DA:147,1
DA:148,1
DA:150,0
DA:161,23
DA:162,23
DA:163,5
DA:164,5
DA:165,2
DA:166,2
DA:168,2
DA:171,2
DA:176,21
DA:177,3
DA:178,3
DA:179,1
DA:180,1
DA:182,1
DA:183,1
DA:188,20
DA:190,3
DA:191,1
DA:192,1
DA:193,1
DA:198,19
DA:206,17
DA:207,14
DA:208,11
DA:216,16
DA:218,7
DA:219,1
DA:220,1
DA:221,1
DA:222,1
DA:223,1
DA:231,6
DA:232,1
DA:233,1
DA:237,1
DA:247,5
DA:248,1
DA:249,1
DA:257,4
DA:258,1
DA:259,1
DA:260,1
DA:261,1
DA:269,3
DA:270,1
DA:271,1
DA:272,1
DA:273,1
DA:281,2
DA:282,1
DA:283,1
DA:291,1
DA:292,1
DA:293,1
DA:301,0
DA:309,28
DA:310,28
DA:312,28
DA:313,5
DA:314,5
DA:315,5
DA:316,0
DA:323,5
DA:324,5
DA:325,1
DA:331,4
DA:332,1
DA:339,3
DA:340,3
DA:344,2
DA:347,3
DA:352,3
DA:354,3
DA:367,23
DA:368,1
DA:375,22
DA:376,1
DA:377,1
DA:378,1
DA:379,1
DA:380,0
DA:386,1
DA:387,1
DA:388,0
DA:394,1
DA:395,0
DA:401,1
DA:402,0
DA:404,1
DA:416,21
DA:417,21
DA:418,1
DA:426,20
DA:427,20
DA:428,1
DA:436,20
DA:438,4
DA:439,4
DA:441,1
DA:442,1
DA:444,0
DA:450,3
DA:451,1
DA:453,3
DA:458,3
DA:459,3
DA:472,4
DA:473,1
DA:479,3
DA:480,1
DA:482,3
DA:487,3
DA:488,3
DA:495,3
DA:496,3
DA:497,1
DA:498,0
DA:500,1
DA:506,2
DA:507,0
DA:509,2
DA:514,2
DA:515,2
DA:527,2
DA:528,2
DA:529,0
DA:530,0
DA:532,0
DA:538,2
DA:539,1
DA:541,2
DA:546,2
DA:547,2
DA:559,1
DA:560,1
DA:561,0
DA:567,1
DA:568,1
DA:570,1
DA:582,4
DA:583,2
DA:589,2
DA:590,1
DA:592,2
DA:597,2
DA:598,2
DA:605,2
DA:606,1
DA:612,1
DA:613,0
DA:615,1
DA:620,1
DA:621,1
DA:628,0
DA:642,0
DA:652,0
DA:653,0
DA:654,0
DA:658,2
DA:659,2
DA:665,1
DA:666,1
DA:667,0
DA:669,1
LF:190
LH:164
BRDA:109,0,0,10
BRDA:109,0,1,0
BRDA:109,1,0,10
BRDA:109,1,1,2
BRDA:116,2,0,4
BRDA:116,2,1,0
BRDA:116,3,0,4
BRDA:116,3,1,1
BRDA:123,4,0,6
BRDA:123,4,1,0
BRDA:123,5,0,6
BRDA:123,5,1,0
BRDA:130,6,0,0
BRDA:130,6,1,1
BRDA:130,7,0,1
BRDA:130,7,1,1
BRDA:131,8,0,1
BRDA:131,8,1,0
BRDA:131,9,0,1
BRDA:131,9,1,0
BRDA:138,10,0,0
BRDA:138,10,1,1
BRDA:138,11,0,1
BRDA:138,11,1,1
BRDA:139,12,0,1
BRDA:139,12,1,0
BRDA:139,13,0,1
BRDA:139,13,1,0
BRDA:146,14,0,0
BRDA:146,14,1,1
BRDA:146,15,0,1
BRDA:146,15,1,1
BRDA:147,16,0,1
BRDA:147,16,1,0
BRDA:147,17,0,1
BRDA:147,17,1,0
BRDA:162,18,0,5
BRDA:162,18,1,18
BRDA:164,19,0,2
BRDA:164,19,1,3
BRDA:164,20,0,5
BRDA:164,20,1,2
BRDA:166,21,0,2
BRDA:166,21,1,0
BRDA:166,22,0,2
BRDA:166,22,1,2
BRDA:168,23,0,0
BRDA:168,23,1,2
BRDA:176,24,0,3
BRDA:176,24,1,18
BRDA:178,25,0,1
BRDA:178,25,1,2
BRDA:178,26,0,3
BRDA:178,26,1,1
BRDA:180,27,0,1
BRDA:180,27,1,0
BRDA:180,28,0,1
BRDA:180,28,1,1
BRDA:182,29,0,0
BRDA:182,29,1,1
BRDA:188,30,0,3
BRDA:188,30,1,17
BRDA:188,31,0,20
BRDA:188,31,1,4
BRDA:190,32,0,1
BRDA:190,32,1,2
BRDA:190,33,0,3
BRDA:190,33,1,1
BRDA:192,34,0,1
BRDA:192,34,1,0
BRDA:192,35,0,1
BRDA:192,35,1,1
BRDA:206,36,0,3
BRDA:206,36,1,14
BRDA:206,37,0,17
BRDA:206,37,1,17
BRDA:207,38,0,3
BRDA:207,38,1,11
BRDA:207,39,0,14
BRDA:207,39,1,14
BRDA:216,40,0,9
BRDA:216,40,1,7
BRDA:218,41,0,1
BRDA:218,41,1,6
BRDA:218,42,0,7
BRDA:218,42,1,1
BRDA:220,43,0,0
BRDA:220,43,1,1
BRDA:222,44,0,1
BRDA:222,44,1,0
BRDA:222,45,0,1
BRDA:222,45,1,0
BRDA:231,46,0,1
BRDA:231,46,1,5
BRDA:231,47,0,6
BRDA:231,47,1,1
BRDA:231,47,2,1
BRDA:232,48,0,0
BRDA:232,48,1,1
BRDA:232,49,0,1
BRDA:232,49,1,1
BRDA:233,50,0,1
BRDA:233,50,1,0
BRDA:234,51,0,1
BRDA:234,51,1,0
BRDA:247,52,0,1
BRDA:247,52,1,4
BRDA:247,53,0,5
BRDA:247,53,1,1
BRDA:247,53,2,1
BRDA:248,54,0,1
BRDA:248,54,1,0
BRDA:257,55,0,1
BRDA:257,55,1,3
BRDA:257,56,0,4
BRDA:257,56,1,1
BRDA:259,57,0,0
BRDA:259,57,1,1
BRDA:260,58,0,1
BRDA:260,58,1,0
BRDA:269,59,0,1
BRDA:269,59,1,2
BRDA:269,60,0,3
BRDA:269,60,1,1
BRDA:271,61,0,0
BRDA:271,61,1,1
BRDA:272,62,0,1
BRDA:272,62,1,0
BRDA:281,63,0,1
BRDA:281,63,1,1
BRDA:281,64,0,2
BRDA:281,64,1,1
BRDA:281,64,2,1
BRDA:282,65,0,1
BRDA:282,65,1,0
BRDA:291,66,0,1
BRDA:291,66,1,0
BRDA:291,67,0,1
BRDA:291,67,1,1
BRDA:291,67,2,1
BRDA:292,68,0,1
BRDA:292,68,1,0
BRDA:310,69,0,28
BRDA:310,69,1,27
BRDA:312,70,0,5
BRDA:312,70,1,23
BRDA:313,71,0,5
BRDA:313,71,1,0
BRDA:314,72,0,5
BRDA:314,72,1,0
BRDA:315,73,0,0
BRDA:315,73,1,5
BRDA:315,74,0,5
BRDA:315,74,1,5
BRDA:324,75,0,1
BRDA:324,75,1,4
BRDA:324,76,0,5
BRDA:324,76,1,4
BRDA:324,76,2,4
BRDA:324,76,3,4
BRDA:331,77,0,1
BRDA:331,77,1,3
BRDA:340,78,0,2
BRDA:340,78,1,1
BRDA:341,79,0,3
BRDA:341,79,1,1
BRDA:350,80,0,1
BRDA:350,80,1,2
BRDA:352,81,0,1
BRDA:352,81,1,2
BRDA:367,82,0,1
BRDA:367,82,1,22
BRDA:367,83,0,23
BRDA:367,83,1,5
BRDA:375,84,0,1
BRDA:375,84,1,21
BRDA:375,85,0,22
BRDA:375,85,1,2
BRDA:376,86,0,1
BRDA:376,86,1,0
BRDA:377,87,0,1
BRDA:377,87,1,0
BRDA:379,88,0,0
BRDA:379,88,1,1
BRDA:379,89,0,1
BRDA:379,89,1,1
BRDA:379,89,2,1
BRDA:387,90,0,0
BRDA:387,90,1,1
BRDA:394,91,0,0
BRDA:394,91,1,1
BRDA:394,92,0,1
BRDA:394,92,1,1
BRDA:401,93,0,0
BRDA:401,93,1,1
BRDA:416,94,0,21
BRDA:416,94,1,0
BRDA:417,95,0,1
BRDA:417,95,1,20
BRDA:427,96,0,1
BRDA:427,96,1,19
BRDA:436,97,0,4
BRDA:436,97,1,4
BRDA:436,97,2,3
BRDA:436,97,3,2
BRDA:436,97,4,1
BRDA:436,97,5,4
BRDA:436,97,6,2
BRDA:436,97,7,0
BRDA:439,98,0,1
BRDA:439,98,1,3
BRDA:439,99,0,4
BRDA:439,99,1,4
BRDA:441,100,0,1
BRDA:441,100,1,0
BRDA:450,101,0,1
BRDA:450,101,1,2
BRDA:456,102,0,1
BRDA:456,102,1,2
BRDA:458,103,0,1
BRDA:458,103,1,2
BRDA:464,104,0,3
BRDA:464,104,1,0
BRDA:472,105,0,1
BRDA:472,105,1,3
BRDA:472,106,0,4
BRDA:472,106,1,3
BRDA:479,107,0,1
BRDA:479,107,1,2
BRDA:485,108,0,1
BRDA:485,108,1,2
BRDA:487,109,0,1
BRDA:487,109,1,2
BRDA:496,110,0,1
BRDA:496,110,1,2
BRDA:496,111,0,3
BRDA:496,111,1,2
BRDA:497,112,0,0
BRDA:497,112,1,1
BRDA:506,113,0,0
BRDA:506,113,1,2
BRDA:512,114,0,1
BRDA:512,114,1,1
BRDA:514,115,0,1
BRDA:514,115,1,1
BRDA:528,116,0,0
BRDA:528,116,1,2
BRDA:528,117,0,2
BRDA:528,117,1,2
BRDA:529,118,0,0
BRDA:529,118,1,0
BRDA:538,119,0,1
BRDA:538,119,1,1
BRDA:544,120,0,1
BRDA:544,120,1,1
BRDA:546,121,0,1
BRDA:546,121,1,1
BRDA:560,122,0,0
BRDA:560,122,1,1
BRDA:560,123,0,1
BRDA:560,123,1,1
BRDA:567,124,0,1
BRDA:567,124,1,0
BRDA:582,125,0,2
BRDA:582,125,1,2
BRDA:582,126,0,4
BRDA:582,126,1,4
BRDA:589,127,0,1
BRDA:589,127,1,1
BRDA:595,128,0,1
BRDA:595,128,1,1
BRDA:597,129,0,1
BRDA:597,129,1,1
BRDA:605,130,0,1
BRDA:605,130,1,1
BRDA:605,131,0,2
BRDA:605,131,1,2
BRDA:612,132,0,0
BRDA:612,132,1,1
BRDA:618,133,0,1
BRDA:618,133,1,0
BRDA:620,134,0,1
BRDA:620,134,1,0
BRDA:659,135,0,2
BRDA:659,135,1,1
BRDA:666,136,0,0
BRDA:666,136,1,1
BRDA:666,137,0,1
BRDA:666,137,1,1
BRF:289
BRH:233
end_of_record
