TN:
SF:src/domains/articles/categories.ts
FN:68,estimateReadingTime
FNF:1
FNH:1
FNDA:3,estimateReadingTime
DA:1,2
DA:69,3
DA:70,3
DA:73,2
LF:4
LH:4
BRF:0
BRH:0
end_of_record
TN:
SF:src/domains/articles/content-types.ts
FN:39,isLearnContentType
FN:43,formatLearnContentType
FNF:2
FNH:2
FNDA:4,isLearnContentType
FNDA:2,formatLearnContentType
DA:6,1
DA:19,1
DA:29,1
DA:40,4
DA:44,2
DA:45,1
DA:47,1
LF:7
LH:7
BRDA:44,0,0,1
BRDA:44,0,1,1
BRF:2
BRH:2
end_of_record
TN:
SF:src/domains/articles/currents-service.ts
FN:23,normalizeImageUrl
FN:33,normalizeNews
FN:34,(anonymous_2)
FN:40,searchHealthNews
FN:76,(anonymous_4)
FN:85,(anonymous_5)
FNF:6
FNH:6
FNDA:1,normalizeImageUrl
FNDA:3,normalizeNews
FNDA:1,(anonymous_2)
FNDA:5,searchHealthNews
FNDA:1,(anonymous_4)
FNDA:6,(anonymous_5)
DA:21,1
DA:24,1
DA:25,0
DA:27,1
DA:28,1
DA:30,0
DA:34,3
DA:45,5
DA:52,5
DA:53,5
DA:54,3
DA:57,5
DA:63,5
DA:64,1
DA:67,4
DA:68,4
DA:69,1
DA:72,3
DA:75,1
DA:77,1
DA:90,6
DA:91,1
DA:94,5
LF:23
LH:21
BRDA:24,0,0,0
BRDA:24,0,1,1
BRDA:24,1,0,1
BRDA:24,1,1,1
BRDA:27,2,0,1
BRDA:27,2,1,0
BRDA:36,3,0,1
BRDA:36,3,1,0
BRDA:43,4,0,0
BRDA:53,5,0,3
BRDA:53,5,1,2
BRDA:53,6,0,5
BRDA:53,6,1,4
BRDA:63,7,0,1
BRDA:63,7,1,4
BRDA:68,8,0,1
BRDA:68,8,1,3
BRDA:68,9,0,4
BRDA:68,9,1,3
BRDA:86,10,0,0
BRDA:87,11,0,0
BRDA:88,12,0,5
BRDA:90,13,0,1
BRDA:90,13,1,5
BRF:24
BRH:18
end_of_record
TN:
SF:src/domains/articles/utils/evergreen-articles.ts
FN:14,(anonymous_0)
FN:23,getLegacySeedIds
FN:27,isExternalArticle
FN:32,isEvergreenArticle
FN:40,getNewsRegions
FN:45,(anonymous_5)
FN:46,(anonymous_6)
FN:62,articleMatchesNewsRegion
FN:67,mergeNewsRegions
FN:98,hashString
FN:106,getDayOfYear
FN:112,pickDailyEvergreen
FN:126,orderLearnFeed
FN:130,(anonymous_13)
FN:132,(anonymous_14)
FN:137,(anonymous_15)
FN:143,byNewest
FN:152,orderTrendingFeed
FN:170,(anonymous_18)
FN:174,(anonymous_19)
FN:181,(anonymous_20)
FNF:21
FNH:21
FNDA:16,(anonymous_0)
FNDA:1,getLegacySeedIds
FNDA:18,isExternalArticle
FNDA:16,isEvergreenArticle
FNDA:32,getNewsRegions
FNDA:32,(anonymous_5)
FNDA:32,(anonymous_6)
FNDA:31,articleMatchesNewsRegion
FNDA:1,mergeNewsRegions
FNDA:7,hashString
FNDA:7,getDayOfYear
FNDA:8,pickDailyEvergreen
FNDA:1,orderLearnFeed
FNDA:1,(anonymous_13)
FNDA:4,(anonymous_14)
FNDA:2,(anonymous_15)
FNDA:9,byNewest
FNDA:3,orderTrendingFeed
FNDA:14,(anonymous_18)
FNDA:6,(anonymous_19)
FNDA:14,(anonymous_20)
DA:6,2
DA:9,2
DA:10,2
DA:11,2
DA:13,2
DA:14,16
DA:24,1
DA:28,18
DA:33,16
DA:41,32
DA:42,32
DA:43,32
DA:44,30
DA:45,32
DA:46,32
DA:49,2
DA:50,2
DA:51,0
DA:55,2
DA:56,2
DA:59,0
DA:63,31
DA:64,31
DA:71,1
DA:72,1
DA:74,1
DA:75,1
DA:76,1
DA:77,1
DA:78,1
DA:79,1
DA:83,1
DA:84,1
DA:85,1
DA:89,1
DA:91,1
DA:99,7
DA:100,7
DA:101,42
DA:103,7
DA:107,7
DA:108,7
DA:109,7
DA:117,8
DA:118,1
DA:121,7
DA:122,7
DA:123,7
DA:127,1
DA:128,1
DA:130,1
DA:131,1
DA:132,4
DA:135,1
DA:136,1
DA:137,2
DA:140,1
DA:144,9
DA:162,3
DA:163,3
DA:164,3
DA:165,3
DA:167,3
DA:169,3
DA:170,14
DA:174,6
DA:177,3
DA:181,14
DA:186,3
LF:69
LH:67
BRDA:28,0,0,18
BRDA:28,0,1,4
BRDA:33,1,0,16
BRDA:33,1,1,8
BRDA:33,1,2,1
BRDA:41,2,0,32
BRDA:41,2,1,0
BRDA:43,3,0,30
BRDA:43,3,1,2
BRDA:45,4,0,32
BRDA:45,4,1,32
BRDA:50,5,0,0
BRDA:50,5,1,2
BRDA:50,6,0,2
BRDA:50,6,1,0
BRDA:55,7,0,2
BRDA:55,7,1,0
BRDA:74,8,0,1
BRDA:74,8,1,0
BRDA:76,9,0,1
BRDA:76,9,1,0
BRDA:78,10,0,1
BRDA:78,10,1,0
BRDA:78,11,0,1
BRDA:78,11,1,1
BRDA:84,12,0,1
BRDA:84,12,1,0
BRDA:84,13,0,1
BRDA:84,13,1,1
BRDA:92,14,0,1
BRDA:92,14,1,0
BRDA:106,15,0,0
BRDA:114,16,0,0
BRDA:115,17,0,4
BRDA:117,18,0,1
BRDA:117,18,1,7
BRDA:123,19,0,7
BRDA:123,19,1,0
BRDA:126,20,0,0
BRDA:130,21,0,1
BRDA:130,21,1,0
BRDA:130,22,0,1
BRDA:130,22,1,0
BRDA:132,23,0,4
BRDA:132,23,1,2
BRDA:136,24,0,1
BRDA:136,24,1,0
BRDA:140,25,0,1
BRDA:140,25,1,0
BRDA:144,26,0,9
BRDA:144,26,1,0
BRDA:144,27,0,9
BRDA:144,27,1,0
BRDA:162,28,0,3
BRDA:162,28,1,0
BRDA:163,29,0,3
BRDA:163,29,1,2
BRDA:164,30,0,3
BRDA:164,30,1,2
BRDA:177,31,0,0
BRDA:177,31,1,3
BRDA:177,32,0,3
BRDA:177,32,1,3
BRDA:181,33,0,14
BRDA:181,33,1,5
BRDA:186,34,0,3
BRDA:186,34,1,0
BRF:67
BRH:45
end_of_record
TN:
SF:src/domains/emergency/constants.ts
FN:8,splitFullName
FN:16,joinFullName
FNF:2
FNH:2
FNDA:2,splitFullName
FNDA:2,joinFullName
DA:1,1
DA:3,1
DA:9,2
DA:10,2
DA:17,2
LF:5
LH:5
BRDA:11,0,0,2
BRDA:11,0,1,1
BRF:2
BRH:2
end_of_record
TN:
SF:src/domains/emergency/lock-surface.ts
FN:26,primaryContact
FN:30,buildEmergencyLockSnapshot
FN:53,isEmergencyLockSurfaceEnabled
FN:59,setEmergencyLockSurfaceEnabled
FN:63,readEmergencyLockSnapshot
FN:75,writeEmergencyLockSnapshot
FN:79,updateNativeWidget
FN:101,syncEmergencyLockSurface
FNF:8
FNH:8
FNDA:3,primaryContact
FNDA:4,buildEmergencyLockSnapshot
FNDA:5,isEmergencyLockSurfaceEnabled
FNDA:3,setEmergencyLockSurfaceEnabled
FNDA:4,readEmergencyLockSnapshot
FNDA:2,writeEmergencyLockSnapshot
FNDA:2,updateNativeWidget
FNDA:2,syncEmergencyLockSurface
DA:7,1
DA:8,1
DA:14,1
DA:27,3
DA:33,4
DA:34,1
DA:37,3
DA:38,3
DA:40,3
DA:54,5
DA:56,5
DA:60,3
DA:64,4
DA:65,4
DA:66,1
DA:68,3
DA:69,3
DA:71,1
DA:76,2
DA:80,2
DA:81,0
DA:84,2
DA:86,2
DA:87,2
DA:88,0
DA:89,0
DA:90,0
DA:93,2
DA:94,0
DA:102,2
DA:103,2
DA:107,2
DA:108,2
LF:33
LH:28
BRDA:27,0,0,3
BRDA:27,0,1,0
BRDA:33,1,0,1
BRDA:33,1,1,3
BRDA:42,2,0,3
BRDA:42,2,1,1
BRDA:43,3,0,3
BRDA:43,3,1,0
BRDA:44,4,0,3
BRDA:44,4,1,0
BRDA:46,5,0,3
BRDA:46,5,1,0
BRDA:47,6,0,3
BRDA:47,6,1,0
BRDA:48,7,0,3
BRDA:48,7,1,0
BRDA:60,8,0,1
BRDA:60,8,1,2
BRDA:65,9,0,1
BRDA:65,9,1,3
BRDA:80,10,0,0
BRDA:80,10,1,2
BRDA:87,11,0,0
BRDA:87,11,1,2
BRDA:103,12,0,1
BRDA:103,12,1,1
BRF:26
BRH:18
end_of_record
TN:
SF:src/domains/emergency/validation.ts
FN:4,isCompleteIceContact
FN:11,hasRequiredIceContact
FNF:2
FNH:2
FNDA:4,isCompleteIceContact
FNDA:2,hasRequiredIceContact
DA:7,4
DA:12,2
LF:2
LH:2
BRDA:7,0,0,4
BRDA:7,0,1,3
BRDA:7,0,2,2
BRF:3
BRH:3
end_of_record
TN:
SF:src/domains/providers/location.ts
FN:23,resolveNearbyCoords
FN:47,(anonymous_1)
FNF:2
FNH:1
FNDA:5,resolveNearbyCoords
FNDA:0,(anonymous_1)
DA:24,5
DA:25,5
DA:26,4
DA:28,4
DA:29,1
DA:32,3
DA:33,3
DA:34,1
DA:37,2
DA:41,1
DA:47,2
DA:48,2
DA:49,2
LF:13
LH:13
BRDA:28,0,0,1
BRDA:28,0,1,3
BRDA:33,1,0,1
BRDA:33,1,1,2
BRF:4
BRH:4
end_of_record
TN:
SF:src/domains/providers/open-in-maps.ts
FN:10,canOpenInMaps
FN:24,openInExternalMaps
FNF:2
FNH:2
FNDA:4,canOpenInMaps
FNDA:7,openInExternalMaps
DA:11,4
DA:13,4
DA:17,4
DA:25,7
DA:26,7
DA:28,7
DA:33,7
DA:34,1
DA:37,6
DA:38,2
DA:39,1
DA:40,1
DA:42,1
DA:45,1
DA:48,4
DA:50,2
DA:51,1
DA:52,1
DA:54,1
DA:57,1
DA:60,2
DA:61,1
DA:64,1
DA:67,1
LF:24
LH:24
BRDA:13,0,0,4
BRDA:13,0,1,2
BRDA:13,0,2,2
BRDA:13,0,3,1
BRDA:17,1,0,4
BRDA:17,1,1,3
BRDA:25,2,0,7
BRDA:25,2,1,4
BRDA:26,3,0,7
BRDA:26,3,1,5
BRDA:26,3,2,2
BRDA:28,4,0,7
BRDA:28,4,1,3
BRDA:28,4,2,3
BRDA:28,4,3,3
BRDA:33,5,0,1
BRDA:33,5,1,6
BRDA:33,6,0,7
BRDA:33,6,1,4
BRDA:37,7,0,2
BRDA:37,7,1,4
BRDA:38,8,0,1
BRDA:38,8,1,1
BRDA:48,9,0,2
BRDA:48,9,1,2
BRDA:50,10,0,1
BRDA:50,10,1,1
BRDA:60,11,0,1
BRDA:60,11,1,1
BRF:29
BRH:29
end_of_record
TN:
SF:src/domains/providers/types.ts
FN:47,isProviderType
FN:51,formatProviderType
FNF:2
FNH:2
FNDA:13,isProviderType
FNDA:2,formatProviderType
DA:7,1
DA:23,1
DA:35,1
DA:48,13
DA:52,2
DA:53,1
DA:55,1
LF:7
LH:7
BRDA:52,0,0,1
BRDA:52,0,1,1
BRF:2
BRH:2
end_of_record
TN:
SF:src/domains/providers/utils/fhir-providers.ts
FN:94,telecomValue
FN:95,(anonymous_1)
FN:98,formatAddress
FN:112,(anonymous_3)
FN:117,resolveProviderType
FN:140,attributesFromOrganization
FN:141,(anonymous_6)
FN:155,distanceKmFromLocation
FN:156,(anonymous_8)
FN:160,organizationIdFromReference
FN:169,mapFhirProviderBundle
FN:228,getProviderSeeds
FN:232,getLegacyProviderIds
FNF:13
FNH:13
FNDA:40,telecomValue
FNDA:27,(anonymous_1)
FNDA:31,formatAddress
FNDA:5,(anonymous_3)
FNDA:20,resolveProviderType
FNDA:20,attributesFromOrganization
FNDA:2,(anonymous_6)
FNDA:20,distanceKmFromLocation
FNDA:9,(anonymous_8)
FNDA:23,organizationIdFromReference
FNDA:14,mapFhirProviderBundle
FNDA:1,getProviderSeeds
FNDA:1,getLegacyProviderIds
DA:5,1
DA:6,1
DA:7,1
DA:9,1
DA:95,40
DA:99,31
DA:100,21
DA:102,10
DA:103,9
DA:106,1
DA:112,5
DA:114,1
DA:118,20
DA:119,20
DA:120,17
DA:121,9
DA:126,11
DA:127,11
DA:128,9
DA:129,8
DA:130,7
DA:131,6
DA:132,5
DA:133,4
DA:134,3
DA:135,2
DA:137,1
DA:141,20
DA:142,20
DA:143,2
DA:144,2
DA:145,1
DA:146,1
DA:149,1
DA:152,18
DA:156,20
DA:157,20
DA:161,23
DA:162,0
DA:164,23
DA:165,23
DA:172,14
DA:173,14
DA:175,14
DA:176,45
DA:177,45
DA:178,1
DA:180,44
DA:181,21
DA:183,44
DA:184,23
DA:188,14
DA:190,14
DA:191,23
DA:192,23
DA:193,23
DA:194,2
DA:196,21
DA:197,0
DA:199,21
DA:200,1
DA:203,20
DA:204,20
DA:206,20
DA:225,14
DA:229,1
DA:233,1
LF:67
LH:65
BRDA:95,0,0,40
BRDA:95,0,1,22
BRDA:99,1,0,21
BRDA:99,1,1,10
BRDA:102,2,0,9
BRDA:102,2,1,1
BRDA:107,3,0,1
BRDA:107,3,1,0
BRDA:114,4,0,1
BRDA:114,4,1,0
BRDA:118,5,0,20
BRDA:118,5,1,0
BRDA:119,6,0,20
BRDA:119,6,1,11
BRDA:120,7,0,9
BRDA:120,7,1,8
BRDA:120,8,0,17
BRDA:120,8,1,9
BRDA:120,8,2,9
BRDA:126,9,0,11
BRDA:126,9,1,0
BRDA:127,10,0,2
BRDA:127,10,1,9
BRDA:128,11,0,1
BRDA:128,11,1,8
BRDA:129,12,0,1
BRDA:129,12,1,7
BRDA:130,13,0,1
BRDA:130,13,1,6
BRDA:131,14,0,1
BRDA:131,14,1,5
BRDA:131,15,0,6
BRDA:131,15,1,5
BRDA:132,16,0,1
BRDA:132,16,1,4
BRDA:132,17,0,5
BRDA:132,17,1,4
BRDA:133,18,0,1
BRDA:133,18,1,3
BRDA:134,19,0,1
BRDA:134,19,1,2
BRDA:135,20,0,1
BRDA:135,20,1,1
BRDA:142,21,0,2
BRDA:142,21,1,18
BRDA:142,22,0,20
BRDA:142,22,1,2
BRDA:145,23,0,1
BRDA:145,23,1,0
BRDA:145,24,0,1
BRDA:145,24,1,1
BRDA:145,24,2,1
BRDA:157,25,0,9
BRDA:157,25,1,11
BRDA:161,26,0,0
BRDA:161,26,1,23
BRDA:165,27,0,23
BRDA:165,27,1,1
BRDA:170,28,0,1
BRDA:175,29,0,14
BRDA:175,29,1,0
BRDA:177,30,0,1
BRDA:177,30,1,44
BRDA:180,31,0,21
BRDA:180,31,1,23
BRDA:183,32,0,23
BRDA:183,32,1,21
BRDA:192,33,0,22
BRDA:192,33,1,1
BRDA:193,34,0,2
BRDA:193,34,1,21
BRDA:193,35,0,23
BRDA:193,35,1,22
BRDA:196,36,0,0
BRDA:196,36,1,21
BRDA:199,37,0,1
BRDA:199,37,1,20
BRDA:199,38,0,21
BRDA:199,38,1,21
BRDA:203,39,0,8
BRDA:203,39,1,12
BRDA:204,40,0,20
BRDA:204,40,1,11
BRDA:208,41,0,20
BRDA:208,41,1,2
BRDA:208,41,2,1
BRDA:213,42,0,20
BRDA:213,42,1,11
BRDA:214,43,0,20
BRDA:214,43,1,11
BRF:90
BRH:82
end_of_record
